Tuning 63 parameters via CMA-ES
  category: 'v3_resources'  (arch: v3)
  warm-start base: 'default_v3'
  baseline opponent: 't2' (arch: v1)
  seeds: 50 games per evaluation (training: 0..49)
  holdout: 100 games (1000..1099)
  popsize: 18, max_gens: 30, sigma0: 0.3
  total evals: 540
  jobs: 8; python -O: ON
  estimated wall time: ~32.3 min (vs ~225.0 min if 1-job & no -O)
  Output: tuned_configs/1779480129.json (JSON, rewritten after every generation)
  Log:    tuned_configs/1779480129.log (human-readable progress mirror)

Sanity: fitness(starting point vs 't2' baseline) = -15.520 margin
  (sign/magnitude reflects warm-start config vs baseline strength gap)

gen   1  best so far: -7.560  gen best: -7.560  gen mean: -16.384  (3.2 min)
gen   2  best so far: -0.020  gen best: -0.020  gen mean: -13.111  (5.9 min)
gen   3  best so far: -0.020  gen best: -3.040  gen mean: -11.813  (8.6 min)
gen   4  best so far: -0.020  gen best: -2.020  gen mean: -9.789  (11.3 min)
gen   5  best so far: -0.020  gen best: -2.140  gen mean: -7.622  (13.6 min)
gen   6  best so far: -0.020  gen best: -0.980  gen mean: -8.741  (16.1 min)
gen   7  best so far: +1.600  gen best: +1.600  gen mean: -10.617  (18.6 min)
gen   8  best so far: +3.280  gen best: +3.280  gen mean: -5.721  (21.5 min)
gen   9  best so far: +4.860  gen best: +4.860  gen mean: -5.253  (24.7 min)
gen  10  best so far: +7.580  gen best: +7.580  gen mean: -2.669  (27.5 min)
gen  11  best so far: +8.240  gen best: +8.240  gen mean: -0.359  (30.7 min)
gen  12  best so far: +9.680  gen best: +9.680  gen mean: +2.943  (33.7 min)
gen  13  best so far: +9.680  gen best: +8.440  gen mean: +2.277  (36.6 min)
gen  14  best so far: +9.680  gen best: +9.060  gen mean: +3.047  (39.5 min)
gen  15  best so far: +11.820  gen best: +11.820  gen mean: +1.706  (42.6 min)
gen  16  best so far: +11.820  gen best: +11.020  gen mean: +3.854  (45.6 min)
gen  17  best so far: +11.820  gen best: +10.420  gen mean: +5.127  (48.6 min)
gen  18  best so far: +11.820  gen best: +9.800  gen mean: +1.548  (51.7 min)
gen  19  best so far: +11.820  gen best: +6.640  gen mean: +1.089  (54.8 min)
gen  20  best so far: +11.820  gen best: +9.240  gen mean: +1.639  (58.0 min)
gen  21  best so far: +11.820  gen best: +8.640  gen mean: +2.356  (61.2 min)
gen  22  best so far: +11.820  gen best: +9.740  gen mean: +3.583  (64.1 min)
gen  23  best so far: +11.820  gen best: +10.280  gen mean: +2.384  (67.4 min)
gen  24  best so far: +11.820  gen best: +9.480  gen mean: +3.007  (70.7 min)
gen  25  best so far: +11.820  gen best: +9.600  gen mean: +0.584  (74.5 min)
