Tuning 60 parameters via CMA-ES
  category: 'v3_fields_crops'  (arch: v3)
  warm-start base: 'tuned_configs/v3_best.json'
  baseline opponent: 'tuned_configs/v3_best.json' (arch: v3)
  restricted action set: ON (wrapper active for both sides)
  seeds: 200 games per evaluation (training: 0..199)
  holdout: 300 games (1000..1299)
  resume: tuned_configs/iter2_p2_v3_fields_crops.cma.pkl  (continues a previous run's CMA-ES state)
  popsize: 16, max_gens: 10, sigma0: 0.3
  total evals: 160
  jobs: 8; python -O: ON
  estimated wall time: ~38.3 min (vs ~266.7 min if 1-job & no -O)
  Output: /Users/hunterwieman/Desktop/Agricola/AgricolaBot/tuned_configs/iter3_p1_v3_fields_crops.json (JSON, rewritten after every generation)
  Log:    /Users/hunterwieman/Desktop/Agricola/AgricolaBot/tuned_configs/iter3_p1_v3_fields_crops.log (human-readable progress mirror)

Sanity: fitness(starting point vs 'tuned_configs/v3_best.json' baseline) = +1.950 margin
  (sign/magnitude reflects warm-start config vs baseline strength gap)

Resumed from tuned_configs/iter2_p2_v3_fields_crops.cma.pkl: countiter=20, σ=0.2426, will run until gen 30 (10 additional generations).
gen  21  best so far: +1.950  gen best: +1.770  gen mean: +0.813  (4.0 min)
gen  22  best so far: +2.955  gen best: +2.955  gen mean: +1.475  (8.2 min)
gen  23  best so far: +2.955  gen best: +2.080  gen mean: +1.164  (12.3 min)
gen  24  best so far: +3.430  gen best: +3.430  gen mean: +1.038  (16.5 min)
gen  25  best so far: +3.430  gen best: +3.075  gen mean: +0.913  (20.4 min)
gen  26  best so far: +3.430  gen best: +3.185  gen mean: +1.068  (24.4 min)
gen  27  best so far: +3.430  gen best: +3.175  gen mean: +1.188  (28.5 min)
gen  28  best so far: +3.430  gen best: +3.150  gen mean: +1.690  (32.5 min)
gen  29  best so far: +3.595  gen best: +3.595  gen mean: +1.676  (36.4 min)
gen  30  best so far: +3.595  gen best: +3.315  gen mean: +2.054  (40.2 min)

Optimization complete in 40.2 min.
Best margin (training): +3.595

parameter                                start      tuned      delta
----------------------------------------------------------------------
plowed_field_value_0                    -1.920     -1.909     +0.012
plowed_field_value_1                    -0.625      0.265     +0.890
plowed_field_value_2                     0.977      0.501     -0.476
plowed_field_value_3                     1.403      1.349     -0.055
plowed_field_value_4                     3.797      4.786     +0.989
plowed_field_value_5                     3.468      3.271     -0.197
plowed_field_value_6                     5.362      4.351     -1.011
field_blend_alpha_stage1                 0.525      0.035     -0.490
field_blend_alpha_stage2                 0.295      0.465     +0.170
field_blend_alpha_stage3                 0.095      0.754     +0.658
field_blend_alpha_stage4                 0.976      0.950     -0.026
field_blend_alpha_stage5                 0.812      0.931     +0.119
field_blend_alpha_stage6                 0.002      0.292     +0.290
grain_value_0                           -0.523     -0.759     -0.237
grain_value_1                           -0.918     -0.738     +0.180
grain_value_2                            0.276      0.298     +0.022
grain_value_3                            1.590      1.725     +0.135
grain_value_4                            1.640      1.099     -0.541
grain_value_5                            2.363      2.630     +0.266
grain_value_6                            2.814      3.406     +0.592
grain_value_7                            3.197      3.116     -0.081
grain_value_8                            4.362      4.596     +0.234
grain_value_9                            3.337      3.530     +0.194
grain_blend_alpha_stage1                 0.981      0.860     -0.122
grain_blend_alpha_stage2                 0.516      0.056     -0.459
grain_blend_alpha_stage3                 0.959      0.685     -0.275
grain_blend_alpha_stage4                 0.001      0.243     +0.242
grain_blend_alpha_stage5                 0.357      0.003     -0.353
grain_blend_alpha_stage6                 0.384      0.098     -0.286
veg_value_0                             -1.146     -0.647     +0.500
veg_value_1                              2.115      2.940     +0.824
veg_value_2                              2.875      2.838     -0.037
veg_value_3                              2.741      2.595     -0.146
veg_value_4                              4.343      4.646     +0.303
veg_blend_alpha_stage1                   0.611      0.830     +0.219
veg_blend_alpha_stage2                   0.576      0.380     -0.196
veg_blend_alpha_stage3                   0.887      0.829     -0.059
veg_blend_alpha_stage4                   0.650      0.496     -0.154
veg_blend_alpha_stage5                   0.740      0.010     -0.730
veg_blend_alpha_stage6                   0.094      0.562     +0.468
grain_pair_value_0                       0.675      0.465     -0.210
grain_pair_value_1                       1.304      0.820     -0.484
grain_pair_value_2                       0.681      0.693     +0.011
grain_pair_value_3                       1.986      2.493     +0.507
grain_pair_weight_stage1                 1.054      1.534     +0.481
grain_pair_weight_stage2                 1.317      1.372     +0.054
grain_pair_weight_stage3                 0.171      0.220     +0.049
grain_pair_weight_stage4                 0.956      1.073     +0.116
grain_pair_weight_stage5                 0.261      0.095     -0.166
grain_pair_weight_stage6                 0.125      0.002     -0.124
veg_pair_value_0                         0.535      0.911     +0.376
veg_pair_value_1                         0.075      0.405     +0.330
veg_pair_value_2                         1.095      1.324     +0.229
veg_pair_value_3                         2.241      2.075     -0.167
veg_pair_weight_stage1                   1.199      1.501     +0.302
veg_pair_weight_stage2                   2.618      1.965     -0.654
veg_pair_weight_stage3                   1.736      1.557     -0.179
veg_pair_weight_stage4                   0.680      0.668     -0.012
veg_pair_weight_stage5                   0.408      0.027     -0.381
veg_pair_weight_stage6                   0.338      0.000     -0.337

Running holdout match: tuned vs 'tuned_configs/v3_best.json' baseline on 300 disjoint seeds...
  holdout P0 223-2-75 P1  avg +30.86 vs +24.86  margin +5.99  (300 games, 109.8s)
  → consistent with training (within 1pt). Tuning generalizes.

Written: /Users/hunterwieman/Desktop/Agricola/AgricolaBot/tuned_configs/iter3_p1_v3_fields_crops.json
Log:     /Users/hunterwieman/Desktop/Agricola/AgricolaBot/tuned_configs/iter3_p1_v3_fields_crops.log
CMA pkl: /Users/hunterwieman/Desktop/Agricola/AgricolaBot/tuned_configs/iter3_p1_v3_fields_crops.cma.pkl  (use --resume /Users/hunterwieman/Desktop/Agricola/AgricolaBot/tuned_configs/iter3_p1_v3_fields_crops.cma.pkl to continue this run)
Best:    /Users/hunterwieman/Desktop/Agricola/AgricolaBot/tuned_configs/v3_best.json  (UPDATED: +3.69 (n=300) → +5.99 (n=300))
