Tuning 60 parameters via CMA-ES
  category: 'v3_fields_crops'  (arch: v3)
  warm-start base: '/Users/hunterwieman/Desktop/Agricola/AgricolaBot/tuned_configs/v3_best.json'
  baseline opponent: 't2' (arch: v1)
  seeds: 100 games per evaluation (training: 0..99)
  holdout: 100 games (1000..1099)
  popsize: 16, max_gens: 10, sigma0: 0.3
  total evals: 160
  jobs: 8; python -O: ON
  estimated wall time: ~19.2 min (vs ~133.3 min if 1-job & no -O)
  Output: /Users/hunterwieman/Desktop/Agricola/AgricolaBot/tuned_configs/iter_p1_v3_fields_crops.json (JSON, rewritten after every generation)
  Log:    /Users/hunterwieman/Desktop/Agricola/AgricolaBot/tuned_configs/iter_p1_v3_fields_crops.log (human-readable progress mirror)

Sanity: fitness(starting point vs 't2' baseline) = +10.010 margin
  (sign/magnitude reflects warm-start config vs baseline strength gap)

gen   1  best so far: +11.050  gen best: +11.050  gen mean: +6.813  (4.3 min)
gen   2  best so far: +11.440  gen best: +11.440  gen mean: +7.969  (8.5 min)
gen   3  best so far: +11.440  gen best: +11.420  gen mean: +8.671  (12.7 min)
gen   4  best so far: +11.600  gen best: +11.600  gen mean: +9.614  (16.8 min)
gen   5  best so far: +12.490  gen best: +12.490  gen mean: +9.119  (20.9 min)
gen   6  best so far: +12.780  gen best: +12.780  gen mean: +9.571  (25.1 min)
gen   7  best so far: +13.010  gen best: +13.010  gen mean: +10.918  (29.0 min)
gen   8  best so far: +13.010  gen best: +12.810  gen mean: +11.463  (32.9 min)
gen   9  best so far: +13.010  gen best: +12.720  gen mean: +10.860  (36.8 min)
gen  10  best so far: +13.010  gen best: +12.570  gen mean: +10.720  (40.5 min)

Optimization complete in 40.6 min.
Best margin (training): +13.010

parameter                                start      tuned      delta
----------------------------------------------------------------------
plowed_field_value_0                    -1.000     -1.208     -0.208
plowed_field_value_1                    -1.000     -1.021     -0.021
plowed_field_value_2                     1.000      0.810     -0.190
plowed_field_value_3                     2.000      2.185     +0.185
plowed_field_value_4                     3.000      3.227     +0.227
plowed_field_value_5                     4.000      3.213     -0.787
plowed_field_value_6                     4.000      5.293     +1.293
field_blend_alpha_stage1                 0.500      0.748     +0.248
field_blend_alpha_stage2                 0.500      0.926     +0.426
field_blend_alpha_stage3                 0.500      0.999     +0.499
field_blend_alpha_stage4                 0.500      0.897     +0.397
field_blend_alpha_stage5                 0.500      0.406     -0.094
field_blend_alpha_stage6                 0.500      0.002     -0.498
grain_value_0                           -1.000     -0.456     +0.544
grain_value_1                            1.000      0.593     -0.407
grain_value_2                            1.000      0.499     -0.501
grain_value_3                            1.000      1.503     +0.503
grain_value_4                            2.000      2.364     +0.364
grain_value_5                            2.000      2.131     +0.131
grain_value_6                            3.000      3.378     +0.378
grain_value_7                            3.000      2.715     -0.285
grain_value_8                            4.000      4.093     +0.093
grain_value_9                            4.000      3.752     -0.248
grain_blend_alpha_stage1                 0.500      0.528     +0.028
grain_blend_alpha_stage2                 0.500      0.368     -0.132
grain_blend_alpha_stage3                 0.500      0.754     +0.254
grain_blend_alpha_stage4                 0.500      0.168     -0.332
grain_blend_alpha_stage5                 0.500      0.928     +0.428
grain_blend_alpha_stage6                 0.500      0.490     -0.010
veg_value_0                             -1.000     -1.124     -0.124
veg_value_1                              1.000      1.716     +0.716
veg_value_2                              2.000      2.184     +0.184
veg_value_3                              3.000      3.124     +0.124
veg_value_4                              4.000      3.729     -0.271
veg_blend_alpha_stage1                   0.500      0.349     -0.151
veg_blend_alpha_stage2                   0.500      0.505     +0.005
veg_blend_alpha_stage3                   0.500      0.492     -0.008
veg_blend_alpha_stage4                   0.500      0.999     +0.499
veg_blend_alpha_stage5                   0.500      0.639     +0.139
veg_blend_alpha_stage6                   0.500      0.781     +0.281
grain_pair_value_0                       0.000      0.292     +0.292
grain_pair_value_1                       0.600      0.722     +0.122
grain_pair_value_2                       1.200      0.329     -0.871
grain_pair_value_3                       1.800      2.012     +0.212
grain_pair_weight_stage1                 1.000      0.634     -0.366
grain_pair_weight_stage2                 1.000      1.155     +0.155
grain_pair_weight_stage3                 0.800      0.767     -0.033
grain_pair_weight_stage4                 0.600      0.553     -0.047
grain_pair_weight_stage5                 0.400      0.025     -0.375
grain_pair_weight_stage6                 0.000      0.128     +0.128
veg_pair_value_0                         0.000      0.151     +0.151
veg_pair_value_1                         0.600      0.174     -0.426
veg_pair_value_2                         1.200      1.310     +0.110
veg_pair_value_3                         1.800      1.527     -0.273
veg_pair_weight_stage1                   1.000      1.422     +0.422
veg_pair_weight_stage2                   1.000      0.562     -0.438
veg_pair_weight_stage3                   0.800      1.074     +0.274
veg_pair_weight_stage4                   0.600      0.133     -0.467
veg_pair_weight_stage5                   0.400      0.010     -0.390
veg_pair_weight_stage6                   0.000      0.654     +0.654

Running holdout match: tuned vs 't2' baseline on 100 disjoint seeds...
  holdout P0 90-0-10 P1  avg +24.31 vs +14.15  margin +10.16  (100 games, 68.7s)
  → smaller than training margin but still positive. Mild overfitting.

Written: /Users/hunterwieman/Desktop/Agricola/AgricolaBot/tuned_configs/iter_p1_v3_fields_crops.json
Log:     /Users/hunterwieman/Desktop/Agricola/AgricolaBot/tuned_configs/iter_p1_v3_fields_crops.log
CMA pkl: /Users/hunterwieman/Desktop/Agricola/AgricolaBot/tuned_configs/iter_p1_v3_fields_crops.cma.pkl  (use --resume /Users/hunterwieman/Desktop/Agricola/AgricolaBot/tuned_configs/iter_p1_v3_fields_crops.cma.pkl to continue this run)
Best:    /Users/hunterwieman/Desktop/Agricola/AgricolaBot/tuned_configs/v3_best.json  (UPDATED: +8.72 → +10.16)
