Tuning 60 parameters via CMA-ES
  category: 'v3_fields_crops'  (arch: v3)
  warm-start base: '/Users/hunterwieman/Desktop/Agricola/AgricolaBot/tuned_configs/iter2_p1_v3_pastures_animals.json'
  baseline opponent: 'v3_t1' (arch: v3)
  seeds: 100 games per evaluation (training: 0..99)
  holdout: 100 games (1000..1099)
  resume: /Users/hunterwieman/Desktop/Agricola/AgricolaBot/tuned_configs/iter2_p1_v3_fields_crops.cma.pkl  (continues a previous run's CMA-ES state)
  popsize: 16, max_gens: 10, sigma0: 0.3
  total evals: 160
  jobs: 8; python -O: ON
  estimated wall time: ~19.2 min (vs ~133.3 min if 1-job & no -O)
  Output: /Users/hunterwieman/Desktop/Agricola/AgricolaBot/tuned_configs/iter2_p2_v3_fields_crops.json (JSON, rewritten after every generation)
  Log:    /Users/hunterwieman/Desktop/Agricola/AgricolaBot/tuned_configs/iter2_p2_v3_fields_crops.log (human-readable progress mirror)

Sanity: fitness(starting point vs 'v3_t1' baseline) = +20.550 margin
  (sign/magnitude reflects warm-start config vs baseline strength gap)

Resumed from /Users/hunterwieman/Desktop/Agricola/AgricolaBot/tuned_configs/iter2_p1_v3_fields_crops.cma.pkl: countiter=10, σ=0.2517, will run until gen 20 (10 additional generations).
gen  11  best so far: +21.700  gen best: +21.700  gen mean: +20.133  (4.6 min)
gen  12  best so far: +23.010  gen best: +23.010  gen mean: +20.582  (9.1 min)
gen  13  best so far: +23.010  gen best: +22.060  gen mean: +20.157  (13.3 min)
gen  14  best so far: +23.510  gen best: +23.510  gen mean: +20.923  (17.8 min)
gen  15  best so far: +23.510  gen best: +23.010  gen mean: +21.439  (22.3 min)
gen  16  best so far: +23.510  gen best: +23.310  gen mean: +21.103  (26.7 min)
gen  17  best so far: +23.510  gen best: +23.180  gen mean: +21.735  (31.1 min)
gen  18  best so far: +23.510  gen best: +23.290  gen mean: +21.446  (35.7 min)
gen  19  best so far: +23.510  gen best: +23.000  gen mean: +21.530  (40.1 min)
gen  20  best so far: +23.510  gen best: +23.250  gen mean: +22.251  (44.3 min)

Optimization complete in 44.3 min.
Best margin (training): +23.510

parameter                                start      tuned      delta
----------------------------------------------------------------------
plowed_field_value_0                    -1.000     -1.920     -0.920
plowed_field_value_1                    -1.000     -0.625     +0.375
plowed_field_value_2                     1.000      0.977     -0.023
plowed_field_value_3                     2.000      1.403     -0.597
plowed_field_value_4                     3.000      3.797     +0.797
plowed_field_value_5                     4.000      3.468     -0.532
plowed_field_value_6                     4.000      5.362     +1.362
field_blend_alpha_stage1                 0.500      0.525     +0.025
field_blend_alpha_stage2                 0.500      0.295     -0.205
field_blend_alpha_stage3                 0.500      0.095     -0.405
field_blend_alpha_stage4                 0.500      0.976     +0.476
field_blend_alpha_stage5                 0.500      0.812     +0.312
field_blend_alpha_stage6                 0.500      0.002     -0.498
grain_value_0                           -1.000     -0.523     +0.477
grain_value_1                            1.000     -0.918     -1.918
grain_value_2                            1.000      0.276     -0.724
grain_value_3                            1.000      1.590     +0.590
grain_value_4                            2.000      1.640     -0.360
grain_value_5                            2.000      2.363     +0.363
grain_value_6                            3.000      2.814     -0.186
grain_value_7                            3.000      3.197     +0.197
grain_value_8                            4.000      4.362     +0.362
grain_value_9                            4.000      3.337     -0.663
grain_blend_alpha_stage1                 0.500      0.981     +0.481
grain_blend_alpha_stage2                 0.500      0.516     +0.016
grain_blend_alpha_stage3                 0.500      0.959     +0.459
grain_blend_alpha_stage4                 0.500      0.001     -0.499
grain_blend_alpha_stage5                 0.500      0.357     -0.143
grain_blend_alpha_stage6                 0.500      0.384     -0.116
veg_value_0                             -1.000     -1.146     -0.146
veg_value_1                              1.000      2.115     +1.115
veg_value_2                              2.000      2.875     +0.875
veg_value_3                              3.000      2.741     -0.259
veg_value_4                              4.000      4.343     +0.343
veg_blend_alpha_stage1                   0.500      0.611     +0.111
veg_blend_alpha_stage2                   0.500      0.576     +0.076
veg_blend_alpha_stage3                   0.500      0.887     +0.387
veg_blend_alpha_stage4                   0.500      0.650     +0.150
veg_blend_alpha_stage5                   0.500      0.740     +0.240
veg_blend_alpha_stage6                   0.500      0.094     -0.406
grain_pair_value_0                       0.000      0.675     +0.675
grain_pair_value_1                       0.600      1.304     +0.704
grain_pair_value_2                       1.200      0.681     -0.519
grain_pair_value_3                       1.800      1.986     +0.186
grain_pair_weight_stage1                 1.000      1.054     +0.054
grain_pair_weight_stage2                 1.000      1.317     +0.317
grain_pair_weight_stage3                 0.800      0.171     -0.629
grain_pair_weight_stage4                 0.600      0.956     +0.356
grain_pair_weight_stage5                 0.400      0.261     -0.139
grain_pair_weight_stage6                 0.000      0.125     +0.125
veg_pair_value_0                         0.000      0.535     +0.535
veg_pair_value_1                         0.600      0.075     -0.525
veg_pair_value_2                         1.200      1.095     -0.105
veg_pair_value_3                         1.800      2.241     +0.441
veg_pair_weight_stage1                   1.000      1.199     +0.199
veg_pair_weight_stage2                   1.000      2.618     +1.618
veg_pair_weight_stage3                   0.800      1.736     +0.936
veg_pair_weight_stage4                   0.600      0.680     +0.080
veg_pair_weight_stage5                   0.400      0.408     +0.008
veg_pair_weight_stage6                   0.000      0.338     +0.338

Running holdout match: tuned vs 'v3_t1' baseline on 100 disjoint seeds...
  holdout P0 98-0-2 P1  avg +28.69 vs +6.87  margin +21.82  (100 games, 75.6s)
  → smaller than training margin but still positive. Mild overfitting.

Written: /Users/hunterwieman/Desktop/Agricola/AgricolaBot/tuned_configs/iter2_p2_v3_fields_crops.json
Log:     /Users/hunterwieman/Desktop/Agricola/AgricolaBot/tuned_configs/iter2_p2_v3_fields_crops.log
CMA pkl: /Users/hunterwieman/Desktop/Agricola/AgricolaBot/tuned_configs/iter2_p2_v3_fields_crops.cma.pkl  (use --resume /Users/hunterwieman/Desktop/Agricola/AgricolaBot/tuned_configs/iter2_p2_v3_fields_crops.cma.pkl to continue this run)
Best:    /Users/hunterwieman/Desktop/Agricola/AgricolaBot/tuned_configs/v3_best.json  (UPDATED: +18.57 (n=100) → +21.82 (n=100))
