  pre-populated pickle for v3_fields_crops: tuned_configs/iter2_p2_v3_fields_crops.cma.pkl
  pre-populated pickle for v3_food: tuned_configs/iter2_p2_v3_food.cma.pkl
  pre-populated pickle for v3_resources: tuned_configs/iter2_p2_v3_resources.cma.pkl
  pre-populated pickle for v3_pastures_animals: tuned_configs/iter2_p2_v3_pastures_animals.cma.pkl
Iterative V3 tuning
  passes: 1
  categories per pass: ['v3_fields_crops', 'v3_food', 'v3_resources', 'v3_pastures_animals']
  total steps: 4
  max-gens per step: 10
  n-seeds per evaluation: 200
  holdout n per category: 300
  starting from: tuned_configs/v3_best.json
  restricted action set: ON

========================================================================
  PASS 1 / 1
========================================================================

--- step 1/4: pass 1, v3_fields_crops ---
  --from tuned_configs/v3_best.json
  --resume tuned_configs/iter2_p2_v3_fields_crops.cma.pkl
  output: tuned_configs/iter3_p1_v3_fields_crops.json
  popsize: 16, n-seeds: 200, max-gens: 10
Tuning 60 parameters via CMA-ES
  category: 'v3_fields_crops'  (arch: v3)
  warm-start base: 'tuned_configs/v3_best.json'
  baseline opponent: 'tuned_configs/v3_best.json' (arch: v3)
  restricted action set: ON (wrapper active for both sides)
  seeds: 200 games per evaluation (training: 0..199)
  holdout: 300 games (1000..1299)
  resume: tuned_configs/iter2_p2_v3_fields_crops.cma.pkl  (continues a previous run's CMA-ES state)
  popsize: 16, max_gens: 10, sigma0: 0.3
  total evals: 160
  jobs: 8; python -O: ON
  estimated wall time: ~38.3 min (vs ~266.7 min if 1-job & no -O)
  Output: tuned_configs/iter3_p1_v3_fields_crops.json (JSON, rewritten after every generation)
  Log:    tuned_configs/iter3_p1_v3_fields_crops.log (human-readable progress mirror)

Sanity: fitness(starting point vs 'tuned_configs/v3_best.json' baseline) = +1.950 margin
  (sign/magnitude reflects warm-start config vs baseline strength gap)

Resumed from tuned_configs/iter2_p2_v3_fields_crops.cma.pkl: countiter=20, σ=0.2426, will run until gen 30 (10 additional generations).
gen  21  best so far: +1.950  gen best: +1.770  gen mean: +0.813  (4.0 min)
gen  22  best so far: +2.955  gen best: +2.955  gen mean: +1.475  (8.2 min)
gen  23  best so far: +2.955  gen best: +2.080  gen mean: +1.164  (12.3 min)
gen  24  best so far: +3.430  gen best: +3.430  gen mean: +1.038  (16.5 min)
gen  25  best so far: +3.430  gen best: +3.075  gen mean: +0.913  (20.4 min)
gen  26  best so far: +3.430  gen best: +3.185  gen mean: +1.068  (24.4 min)
gen  27  best so far: +3.430  gen best: +3.175  gen mean: +1.188  (28.5 min)
gen  28  best so far: +3.430  gen best: +3.150  gen mean: +1.690  (32.5 min)
gen  29  best so far: +3.595  gen best: +3.595  gen mean: +1.676  (36.4 min)
gen  30  best so far: +3.595  gen best: +3.315  gen mean: +2.054  (40.2 min)

Optimization complete in 40.2 min.
Best margin (training): +3.595

parameter                                start      tuned      delta
----------------------------------------------------------------------
plowed_field_value_0                    -1.920     -1.909     +0.012
plowed_field_value_1                    -0.625      0.265     +0.890
plowed_field_value_2                     0.977      0.501     -0.476
plowed_field_value_3                     1.403      1.349     -0.055
plowed_field_value_4                     3.797      4.786     +0.989
plowed_field_value_5                     3.468      3.271     -0.197
plowed_field_value_6                     5.362      4.351     -1.011
field_blend_alpha_stage1                 0.525      0.035     -0.490
field_blend_alpha_stage2                 0.295      0.465     +0.170
field_blend_alpha_stage3                 0.095      0.754     +0.658
field_blend_alpha_stage4                 0.976      0.950     -0.026
field_blend_alpha_stage5                 0.812      0.931     +0.119
field_blend_alpha_stage6                 0.002      0.292     +0.290
grain_value_0                           -0.523     -0.759     -0.237
grain_value_1                           -0.918     -0.738     +0.180
grain_value_2                            0.276      0.298     +0.022
grain_value_3                            1.590      1.725     +0.135
grain_value_4                            1.640      1.099     -0.541
grain_value_5                            2.363      2.630     +0.266
grain_value_6                            2.814      3.406     +0.592
grain_value_7                            3.197      3.116     -0.081
grain_value_8                            4.362      4.596     +0.234
grain_value_9                            3.337      3.530     +0.194
grain_blend_alpha_stage1                 0.981      0.860     -0.122
grain_blend_alpha_stage2                 0.516      0.056     -0.459
grain_blend_alpha_stage3                 0.959      0.685     -0.275
grain_blend_alpha_stage4                 0.001      0.243     +0.242
grain_blend_alpha_stage5                 0.357      0.003     -0.353
grain_blend_alpha_stage6                 0.384      0.098     -0.286
veg_value_0                             -1.146     -0.647     +0.500
veg_value_1                              2.115      2.940     +0.824
veg_value_2                              2.875      2.838     -0.037
veg_value_3                              2.741      2.595     -0.146
veg_value_4                              4.343      4.646     +0.303
veg_blend_alpha_stage1                   0.611      0.830     +0.219
veg_blend_alpha_stage2                   0.576      0.380     -0.196
veg_blend_alpha_stage3                   0.887      0.829     -0.059
veg_blend_alpha_stage4                   0.650      0.496     -0.154
veg_blend_alpha_stage5                   0.740      0.010     -0.730
veg_blend_alpha_stage6                   0.094      0.562     +0.468
grain_pair_value_0                       0.675      0.465     -0.210
grain_pair_value_1                       1.304      0.820     -0.484
grain_pair_value_2                       0.681      0.693     +0.011
grain_pair_value_3                       1.986      2.493     +0.507
grain_pair_weight_stage1                 1.054      1.534     +0.481
grain_pair_weight_stage2                 1.317      1.372     +0.054
grain_pair_weight_stage3                 0.171      0.220     +0.049
grain_pair_weight_stage4                 0.956      1.073     +0.116
grain_pair_weight_stage5                 0.261      0.095     -0.166
grain_pair_weight_stage6                 0.125      0.002     -0.124
veg_pair_value_0                         0.535      0.911     +0.376
veg_pair_value_1                         0.075      0.405     +0.330
veg_pair_value_2                         1.095      1.324     +0.229
veg_pair_value_3                         2.241      2.075     -0.167
veg_pair_weight_stage1                   1.199      1.501     +0.302
veg_pair_weight_stage2                   2.618      1.965     -0.654
veg_pair_weight_stage3                   1.736      1.557     -0.179
veg_pair_weight_stage4                   0.680      0.668     -0.012
veg_pair_weight_stage5                   0.408      0.027     -0.381
veg_pair_weight_stage6                   0.338      0.000     -0.337

Running holdout match: tuned vs 'tuned_configs/v3_best.json' baseline on 300 disjoint seeds...
  holdout P0 223-2-75 P1  avg +30.86 vs +24.86  margin +5.99  (300 games, 109.8s)
  → consistent with training (within 1pt). Tuning generalizes.

Written: tuned_configs/iter3_p1_v3_fields_crops.json
Log:     tuned_configs/iter3_p1_v3_fields_crops.log
CMA pkl: tuned_configs/iter3_p1_v3_fields_crops.cma.pkl  (use --resume tuned_configs/iter3_p1_v3_fields_crops.cma.pkl to continue this run)
Best:    tuned_configs/v3_best.json  (UPDATED: +3.69 (n=300) → +5.99 (n=300))
  ✓ step completed in 43.2 min (cumulative 43.2 min)

--- step 2/4: pass 1, v3_food ---
  --from tuned_configs/iter3_p1_v3_fields_crops.json
  --resume tuned_configs/iter2_p2_v3_food.cma.pkl
  output: tuned_configs/iter3_p1_v3_food.json
  popsize: 13, n-seeds: 200, max-gens: 10
Tuning 18 parameters via CMA-ES
  category: 'v3_food'  (arch: v3)
  warm-start base: 'tuned_configs/iter3_p1_v3_fields_crops.json'
  baseline opponent: 'tuned_configs/v3_best.json' (arch: v3)
  restricted action set: ON (wrapper active for both sides)
  seeds: 200 games per evaluation (training: 0..199)
  holdout: 300 games (1000..1299)
  resume: tuned_configs/iter2_p2_v3_food.cma.pkl  (continues a previous run's CMA-ES state)
  popsize: 13, max_gens: 10, sigma0: 0.3
  total evals: 130
  jobs: 8; python -O: ON
  estimated wall time: ~31.1 min (vs ~216.7 min if 1-job & no -O)
  Output: tuned_configs/iter3_p1_v3_food.json (JSON, rewritten after every generation)
  Log:    tuned_configs/iter3_p1_v3_food.log (human-readable progress mirror)

Sanity: fitness(starting point vs 'tuned_configs/v3_best.json' baseline) = +5.570 margin
  (sign/magnitude reflects warm-start config vs baseline strength gap)

Resumed from tuned_configs/iter2_p2_v3_food.cma.pkl: countiter=20, σ=0.1974, will run until gen 30 (10 additional generations).
gen  21  best so far: +6.635  gen best: +6.635  gen mean: +4.834  (4.1 min)
gen  22  best so far: +7.460  gen best: +7.460  gen mean: +5.180  (8.0 min)
gen  23  best so far: +8.870  gen best: +8.870  gen mean: +6.235  (11.9 min)
gen  24  best so far: +8.870  gen best: +7.520  gen mean: +5.173  (15.5 min)
gen  25  best so far: +8.870  gen best: +7.910  gen mean: +5.355  (19.4 min)
gen  26  best so far: +8.870  gen best: +8.725  gen mean: +6.464  (23.2 min)
gen  27  best so far: +8.870  gen best: +8.715  gen mean: +5.387  (26.9 min)
gen  28  best so far: +8.870  gen best: +8.795  gen mean: +5.238  (30.5 min)
gen  29  best so far: +8.870  gen best: +8.570  gen mean: +6.325  (34.2 min)
gen  30  best so far: +8.870  gen best: +8.015  gen mean: +5.985  (37.9 min)

Optimization complete in 37.9 min.
Best margin (training): +8.870

parameter                                start      tuned      delta
----------------------------------------------------------------------
food_at_need_stage1                      1.611      1.695     +0.084
food_at_need_stage2                      1.688      1.879     +0.191
food_at_need_stage3                      0.630      0.952     +0.322
food_at_need_stage4                      1.260      0.933     -0.327
food_at_need_stage5                      0.362      0.370     +0.008
food_at_need_stage6                      0.171      0.119     -0.052
food_excess_stage1                       1.167      0.922     -0.245
food_excess_stage2                       0.165      0.122     -0.043
food_excess_stage3                       0.120      0.268     +0.148
food_excess_stage4                       0.365      0.456     +0.091
food_excess_stage5                       0.001      0.057     +0.057
food_excess_stage6                       0.097      0.030     -0.067
begging_moves_0                         -2.026     -1.717     +0.309
begging_moves_1                         -1.375     -1.944     -0.569
begging_moves_2                         -1.904     -1.688     +0.216
begging_moves_3                         -0.418     -0.046     +0.372
begging_moves_4                         -2.417     -2.753     -0.336
begging_moves_5                         -1.055     -0.838     +0.217

Running holdout match: tuned vs 'tuned_configs/v3_best.json' baseline on 300 disjoint seeds...
  holdout P0 260-1-39 P1  avg +33.81 vs +23.27  margin +10.55  (300 games, 116.6s)
  → consistent with training (within 1pt). Tuning generalizes.

Written: tuned_configs/iter3_p1_v3_food.json
Log:     tuned_configs/iter3_p1_v3_food.log
CMA pkl: tuned_configs/iter3_p1_v3_food.cma.pkl  (use --resume tuned_configs/iter3_p1_v3_food.cma.pkl to continue this run)
Best:    tuned_configs/v3_best.json  (UPDATED: +5.99 (n=300) → +10.55 (n=300))
  ✓ step completed in 41.3 min (cumulative 84.5 min)

--- step 3/4: pass 1, v3_resources ---
  --from tuned_configs/iter3_p1_v3_food.json
  --resume tuned_configs/iter2_p2_v3_resources.cma.pkl
  output: tuned_configs/iter3_p1_v3_resources.json
  popsize: 17, n-seeds: 200, max-gens: 10
Tuning 63 parameters via CMA-ES
  category: 'v3_resources'  (arch: v3)
  warm-start base: 'tuned_configs/iter3_p1_v3_food.json'
  baseline opponent: 'tuned_configs/v3_best.json' (arch: v3)
  restricted action set: ON (wrapper active for both sides)
  seeds: 200 games per evaluation (training: 0..199)
  holdout: 300 games (1000..1299)
  resume: tuned_configs/iter2_p2_v3_resources.cma.pkl  (continues a previous run's CMA-ES state)
  popsize: 17, max_gens: 10, sigma0: 0.3
  total evals: 170
  jobs: 8; python -O: ON
  estimated wall time: ~40.7 min (vs ~283.3 min if 1-job & no -O)
  Output: tuned_configs/iter3_p1_v3_resources.json (JSON, rewritten after every generation)
  Log:    tuned_configs/iter3_p1_v3_resources.log (human-readable progress mirror)

Sanity: fitness(starting point vs 'tuned_configs/v3_best.json' baseline) = +3.270 margin
  (sign/magnitude reflects warm-start config vs baseline strength gap)

Resumed from tuned_configs/iter2_p2_v3_resources.cma.pkl: countiter=20, σ=0.2535, will run until gen 30 (10 additional generations).
gen  21  best so far: +10.695  gen best: +10.695  gen mean: -1.951  (5.8 min)
gen  22  best so far: +10.695  gen best: +8.555  gen mean: -0.279  (10.6 min)
gen  23  best so far: +10.695  gen best: +8.955  gen mean: +1.814  (16.0 min)
gen  24  best so far: +10.695  gen best: +9.895  gen mean: +4.123  (21.2 min)
gen  25  best so far: +10.695  gen best: +8.945  gen mean: +1.096  (25.7 min)
gen  26  best so far: +13.995  gen best: +13.995  gen mean: +3.236  (30.5 min)
gen  27  best so far: +17.620  gen best: +17.620  gen mean: +6.979  (35.6 min)
gen  28  best so far: +17.620  gen best: +12.600  gen mean: +5.374  (41.1 min)
gen  29  best so far: +17.620  gen best: +16.155  gen mean: +4.852  (46.1 min)
gen  30  best so far: +17.620  gen best: +9.990  gen mean: +4.727  (50.6 min)

Optimization complete in 50.6 min.
Best margin (training): +17.620

parameter                                start      tuned      delta
----------------------------------------------------------------------
wood_fence_0                             0.422      0.001     -0.421
wood_fence_1                             0.432      0.110     -0.322
wood_fence_2                             0.071      0.077     +0.006
wood_fence_3                             1.321      1.278     -0.043
wood_fence_4                             0.319      0.016     -0.303
wood_fence_5                             0.297      0.310     +0.013
wood_fence_6                             0.018      0.746     +0.729
wood_fence_7                             0.369      0.306     -0.062
wood_fence_8                             1.095      1.249     +0.154
wood_fence_9                             0.792      0.277     -0.514
wood_fence_10                            0.410      0.800     +0.390
wood_fence_11                            0.479      0.000     -0.479
wood_fence_12                            0.565      0.197     -0.368
wood_fence_13                            0.701      1.143     +0.442
wood_fence_14                            0.632      1.304     +0.672
wood_pre_3rd_room_0                      0.098      0.000     -0.098
wood_pre_3rd_room_1                      0.465      0.072     -0.393
wood_pre_3rd_room_2                      0.353      0.101     -0.252
wood_pre_3rd_room_3                      1.267      1.196     -0.071
wood_pre_3rd_room_4                      1.719      1.412     -0.306
wood_generic_value                       0.146      0.427     +0.281
wood_weight_stage1                       0.866      1.361     +0.495
wood_weight_stage2                       0.346      0.328     -0.019
wood_weight_stage3                       0.024      0.888     +0.865
wood_weight_stage4                       0.605      0.939     +0.334
wood_weight_stage5                       0.294      0.968     +0.675
wood_weight_stage6                       0.685      0.376     -0.308
reed_room_0                              4.648      3.960     -0.688
reed_room_1                              1.928      2.633     +0.706
reed_room_2                              0.558      0.680     +0.122
reed_room_3                              0.703      0.903     +0.200
reed_room_4                              0.357      0.246     -0.111
reed_room_5                              0.302      0.106     -0.197
reed_renovation_0                        0.269      0.182     -0.086
reed_renovation_1                        0.199      0.320     +0.121
reed_generic_value                       0.245      0.488     +0.242
reed_weight_stage1                       1.991      1.482     -0.508
reed_weight_stage2                       0.019      0.024     +0.006
reed_weight_stage3                       0.488      0.742     +0.254
reed_weight_stage4                       1.707      0.832     -0.874
reed_weight_stage5                       0.618      0.000     -0.618
reed_weight_stage6                       0.480      0.704     +0.223
clay_cookware_0                          0.337      0.120     -0.218
clay_cookware_1                          1.555      1.863     +0.308
clay_cookware_2                          0.953      0.727     -0.225
clay_cookware_3                          0.513      0.355     -0.158
clay_cookware_4                          1.070      0.517     -0.553
clay_renovation_per_room                 0.200      0.000     -0.200
clay_generic_value                       0.398      0.513     +0.115
clay_weight_stage1                       1.709      1.124     -0.585
clay_weight_stage2                       0.702      0.916     +0.214
clay_weight_stage3                       1.399      1.151     -0.248
clay_weight_stage4                       0.709      0.266     -0.442
clay_weight_stage5                       1.308      1.252     -0.057
clay_weight_stage6                       0.112      0.327     +0.215
stone_renovation_per_room                0.003      0.300     +0.297
stone_generic_value                      0.213      0.193     -0.020
stone_weight_stage1                      2.802      2.871     +0.070
stone_weight_stage2                      0.450      0.500     +0.050
stone_weight_stage3                      1.513      1.425     -0.088
stone_weight_stage4                      1.498      1.142     -0.356
stone_weight_stage5                      1.519      2.157     +0.638
stone_weight_stage6                      0.196      1.367     +1.171

Running holdout match: tuned vs 'tuned_configs/v3_best.json' baseline on 300 disjoint seeds...
  holdout P0 297-0-3 P1  avg +33.03 vs +17.87  margin +15.16  (300 games, 116.1s)
  → smaller than training margin but still positive. Mild overfitting.

Written: tuned_configs/iter3_p1_v3_resources.json
Log:     tuned_configs/iter3_p1_v3_resources.log
CMA pkl: tuned_configs/iter3_p1_v3_resources.cma.pkl  (use --resume tuned_configs/iter3_p1_v3_resources.cma.pkl to continue this run)
Best:    tuned_configs/v3_best.json  (UPDATED: +10.55 (n=300) → +15.16 (n=300))
  ✓ step completed in 53.9 min (cumulative 138.3 min)

--- step 4/4: pass 1, v3_pastures_animals ---
  --from tuned_configs/iter3_p1_v3_resources.json
  --resume tuned_configs/iter2_p2_v3_pastures_animals.cma.pkl
  output: tuned_configs/iter3_p1_v3_pastures_animals.json
  popsize: 18, n-seeds: 200, max-gens: 10
Tuning 101 parameters via CMA-ES
  category: 'v3_pastures_animals'  (arch: v3)
  warm-start base: 'tuned_configs/iter3_p1_v3_resources.json'
  baseline opponent: 'tuned_configs/v3_best.json' (arch: v3)
  restricted action set: ON (wrapper active for both sides)
  seeds: 200 games per evaluation (training: 0..199)
  holdout: 300 games (1000..1299)
  resume: tuned_configs/iter2_p2_v3_pastures_animals.cma.pkl  (continues a previous run's CMA-ES state)
  popsize: 18, max_gens: 10, sigma0: 0.3
  total evals: 180
  jobs: 8; python -O: ON
  estimated wall time: ~43.1 min (vs ~300.0 min if 1-job & no -O)
  Output: tuned_configs/iter3_p1_v3_pastures_animals.json (JSON, rewritten after every generation)
  Log:    tuned_configs/iter3_p1_v3_pastures_animals.log (human-readable progress mirror)

Sanity: fitness(starting point vs 'tuned_configs/v3_best.json' baseline) = +1.110 margin
  (sign/magnitude reflects warm-start config vs baseline strength gap)

Resumed from tuned_configs/iter2_p2_v3_pastures_animals.cma.pkl: countiter=20, σ=0.2342, will run until gen 30 (10 additional generations).
gen  21  best so far: +2.480  gen best: +2.480  gen mean: -0.979  (5.2 min)
gen  22  best so far: +2.615  gen best: +2.615  gen mean: -0.254  (10.6 min)
gen  23  best so far: +3.060  gen best: +3.060  gen mean: +0.804  (16.2 min)
gen  24  best so far: +3.140  gen best: +3.140  gen mean: +1.997  (21.4 min)
gen  25  best so far: +3.195  gen best: +3.195  gen mean: +2.304  (26.7 min)
gen  26  best so far: +3.390  gen best: +3.390  gen mean: +2.081  (31.7 min)
gen  27  best so far: +3.390  gen best: +3.265  gen mean: +1.932  (36.9 min)
gen  28  best so far: +3.725  gen best: +3.725  gen mean: +2.891  (42.2 min)
gen  29  best so far: +3.725  gen best: +3.675  gen mean: +1.705  (47.2 min)
gen  30  best so far: +3.725  gen best: +3.575  gen mean: +1.963  (52.3 min)

Optimization complete in 52.3 min.
Best margin (training): +3.725

parameter                                start      tuned      delta
----------------------------------------------------------------------
pasture_value_all_0                     -0.197      0.421     +0.618
pasture_value_all_1                      0.896      1.177     +0.281
pasture_value_all_2                      3.364      2.983     -0.381
pasture_value_all_3                      3.907      4.701     +0.794
pasture_value_all_4                      4.038      4.307     +0.269
pasture_value_large_0                   -0.137     -0.066     +0.071
pasture_value_large_1                   -0.614     -0.690     -0.076
pasture_value_large_2                    0.184      0.425     +0.241
pasture_value_large_3                    0.444     -0.291     -0.736
pasture_value_large_4                    0.758      1.353     +0.594
pasture_blend_alpha_stage1               0.903      0.620     -0.283
pasture_blend_alpha_stage2               0.408      0.079     -0.330
pasture_blend_alpha_stage3               0.584      0.540     -0.043
pasture_blend_alpha_stage4               0.960      0.981     +0.022
pasture_blend_alpha_stage5               0.413      0.331     -0.082
pasture_blend_alpha_stage6               0.860      0.463     -0.397
sheep_value_0                           -0.774     -0.816     -0.041
sheep_value_1                            0.338      0.202     -0.135
sheep_value_2                            1.306      1.722     +0.416
sheep_value_3                            0.719      0.610     -0.109
sheep_value_4                            2.703      2.542     -0.161
sheep_value_5                            2.673      2.252     -0.421
sheep_value_6                            3.219      2.805     -0.414
sheep_value_7                            2.847      3.123     +0.276
sheep_value_8                            3.810      3.823     +0.013
sheep_blend_alpha_stage1                 0.553      0.658     +0.105
sheep_blend_alpha_stage2                 0.001      0.257     +0.256
sheep_blend_alpha_stage3                 0.774      0.337     -0.437
sheep_blend_alpha_stage4                 0.377      0.308     -0.069
sheep_blend_alpha_stage5                 0.394      0.634     +0.239
sheep_blend_alpha_stage6                 0.781      0.495     -0.287
boar_value_0                             0.349     -0.284     -0.632
boar_value_1                             0.724     -0.277     -1.001
boar_value_2                             0.386      0.964     +0.578
boar_value_3                             2.536      2.571     +0.035
boar_value_4                             1.901      1.708     -0.194
boar_value_5                             2.704      2.821     +0.117
boar_value_6                             2.500      2.383     -0.117
boar_value_7                             5.247      5.502     +0.254
boar_blend_alpha_stage1                  0.146      0.648     +0.502
boar_blend_alpha_stage2                  0.907      0.862     -0.045
boar_blend_alpha_stage3                  0.987      0.879     -0.108
boar_blend_alpha_stage4                  0.424      0.482     +0.059
boar_blend_alpha_stage5                  0.052      0.572     +0.521
boar_blend_alpha_stage6                  0.943      0.205     -0.737
cattle_value_0                          -0.871     -0.218     +0.654
cattle_value_1                           0.621      0.540     -0.081
cattle_value_2                           1.308      0.682     -0.627
cattle_value_3                           2.302      2.579     +0.277
cattle_value_4                           2.745      2.509     -0.236
cattle_value_5                           2.873      3.057     +0.184
cattle_value_6                           5.796      5.495     -0.300
cattle_blend_alpha_stage1                0.489      0.494     +0.005
cattle_blend_alpha_stage2                0.826      0.785     -0.040
cattle_blend_alpha_stage3                0.848      0.938     +0.090
cattle_blend_alpha_stage4                0.491      0.737     +0.246
cattle_blend_alpha_stage5                0.060      0.156     +0.096
cattle_blend_alpha_stage6                0.247      0.026     -0.221
fenced_stable_value_0                   -0.487     -0.532     -0.045
fenced_stable_value_1                    0.652      0.800     +0.149
fenced_stable_value_2                    2.682      2.591     -0.091
fenced_stable_value_3                    3.134      3.897     +0.764
fenced_stable_value_4                    3.781      3.391     -0.391
fenced_stable_blend_alpha_stage1         0.438      0.298     -0.140
fenced_stable_blend_alpha_stage2         0.473      0.050     -0.423
fenced_stable_blend_alpha_stage3         0.567      0.542     -0.025
fenced_stable_blend_alpha_stage4         0.995      0.865     -0.130
fenced_stable_blend_alpha_stage5         0.000      0.098     +0.098
fenced_stable_blend_alpha_stage6         0.412      0.727     +0.315
cattle_breeding_pair_value               1.142      1.288     +0.147
cattle_breed_weight_stage1               0.907      0.745     -0.162
cattle_breed_weight_stage2               2.137      1.928     -0.209
cattle_breed_weight_stage3               1.344      1.483     +0.139
cattle_breed_weight_stage4               1.310      1.459     +0.149
cattle_breed_weight_stage5               0.515      0.685     +0.170
cattle_breed_weight_stage6               0.038      0.447     +0.409
boar_breeding_pair_value                 1.036      0.685     -0.352
boar_breed_weight_stage1                 0.742      0.588     -0.153
boar_breed_weight_stage2                 0.994      1.538     +0.544
boar_breed_weight_stage3                 1.222      1.122     -0.100
boar_breed_weight_stage4                 0.456      0.749     +0.293
boar_breed_weight_stage5                 0.108      0.139     +0.031
boar_breed_weight_stage6                 0.401      0.081     -0.320
sheep_breeding_pair_value                1.338      0.556     -0.782
sheep_breed_weight_stage1                0.118      0.648     +0.529
sheep_breed_weight_stage2                1.103      0.997     -0.106
sheep_breed_weight_stage3                0.161      0.231     +0.070
sheep_breed_weight_stage4                1.234      1.613     +0.379
sheep_breed_weight_stage5                0.105      0.425     +0.320
sheep_breed_weight_stage6                0.359      0.486     +0.127
unfenced_stable_value_0                  0.289      0.449     +0.161
unfenced_stable_value_1                  0.520      0.528     +0.008
unfenced_stable_value_2                  1.602      1.381     -0.221
unfenced_stable_value_3                  0.996      0.974     -0.022
unfenced_stable_value_4                  1.856      1.977     +0.121
unfenced_stable_weight_stage1            1.705      2.046     +0.341
unfenced_stable_weight_stage2            0.364      0.385     +0.020
unfenced_stable_weight_stage3            1.425      0.769     -0.656
unfenced_stable_weight_stage4            0.440      0.320     -0.120
unfenced_stable_weight_stage5            0.780      1.234     +0.454
unfenced_stable_weight_stage6            0.737      0.935     +0.199

Running holdout match: tuned vs 'tuned_configs/v3_best.json' baseline on 300 disjoint seeds...
  holdout P0 240-3-57 P1  avg +26.98 vs +22.26  margin +4.73  (300 games, 111.6s)
  → consistent with training (within 1pt). Tuning generalizes.

Written: tuned_configs/iter3_p1_v3_pastures_animals.json
Log:     tuned_configs/iter3_p1_v3_pastures_animals.log
CMA pkl: tuned_configs/iter3_p1_v3_pastures_animals.cma.pkl  (use --resume tuned_configs/iter3_p1_v3_pastures_animals.cma.pkl to continue this run)
Best:    tuned_configs/v3_best.json  (UPDATED: +2.89 (n=300) → +4.73 (n=300))
  ✓ step completed in 55.4 min (cumulative 193.7 min)

========================================================================
  ALL 4 STEPS COMPLETE in 193.7 min (3.2 hours)
========================================================================

Final config chain ended at: tuned_configs/iter3_p1_v3_pastures_animals.json
v3_best.json was auto-updated whenever a step's holdout improved.
