Tuning 63 parameters via CMA-ES
  category: 'v3_resources'  (arch: v3)
  warm-start base: 'tuned_configs/v3_best.json'
  baseline opponents (mean margin across all):
    - 't2' (arch: v1)
    - 'tuned_configs/v3_best.json' (arch: v3)
    - 'tuned_configs/panel_gen_25.json' (arch: v3)
    - 'tuned_configs/round1_resources_start.json' (arch: v3)
    - 'tuned_configs/panel_gen47_wood020.json' (arch: v3)
    - 'tuned_configs/panel_gen16_temp05.json' (arch: v3)
    - 'tuned_configs/panel_gen47.json' (arch: v3)
  regression detector: 't2' (arch: v1) — measured per-gen on session-best
  restricted action set: ON (wrapper active for both sides)
  seeds: 40 games per evaluation (training: 0..39)
  holdout: 100 games (1000..1099)
  resume: tuned_configs/r1forest_resources_1779855833.cma.pkl  (continues a previous run's CMA-ES state)
  popsize: 16, max_gens: 40, sigma0: 0.3
  fitness: sublinear  (per-game = sign(m)·|m|^0.5)
  rotate seeds: ON (each gen N uses seeds [10000+N·40, 10000+(N+1)·40))
  validation pool: seeds 500..559 (stable per-baseline diagnostic across gens)
  candidate R1-force-forest: ON  (candidate's evaluator composed with +1000 bonus for R1 wood≥3; baselines unaffected)
  total evals: 640
  jobs: 8; python -O: ON
  estimated wall time: ~30.7 min (vs ~213.3 min if 1-job & no -O)
  Output: tuned_configs/r1forest_resources_ext_1779867418.json (JSON, rewritten after every generation)
  Log:    tuned_configs/r1forest_resources_ext_1779867418.log (human-readable progress mirror)

Sanity: fitness(starting point, mean margin across 7 baselines) = +1.543
  (sign/magnitude reflects warm-start config vs baseline strength gap)

Resumed from tuned_configs/r1forest_resources_1779855833.cma.pkl: countiter=20, σ=0.2343, will run until gen 60 (40 additional generations).
