Tuning 101 parameters via CMA-ES
  category: 'v3_pastures_animals'  (arch: v3)
  warm-start base: 'tuned_configs/v3_best.json'
  baseline opponents (mean margin across all):
    - 't2' (arch: v1)
    - 'tuned_configs/v3_best.json' (arch: v3)
    - 'tuned_configs/panel_gen_25.json' (arch: v3)
    - 'tuned_configs/round1_resources_start.json' (arch: v3)
    - 'tuned_configs/panel_gen47_wood020.json' (arch: v3)
    - 'tuned_configs/panel_gen16_temp05.json' (arch: v3)
    - 'tuned_configs/panel_gen47.json' (arch: v3)
  regression detector: 't2' (arch: v1) — measured per-gen on session-best
  restricted action set: ON (wrapper active for both sides)
  seeds: 40 games per evaluation (training: 0..39)
  holdout: 100 games (1000..1099)
  popsize: 16, max_gens: 20, sigma0: 0.3
  fitness: sublinear  (per-game = sign(m)·|m|^0.5)
  rotate seeds: ON (each gen N uses seeds [10000+N·40, 10000+(N+1)·40))
  validation pool: seeds 500..559 (stable per-baseline diagnostic across gens)
  total evals: 320
  jobs: 8; python -O: ON
  estimated wall time: ~15.3 min (vs ~106.7 min if 1-job & no -O)
  Output: tuned_configs/round2_pastures_animals_1779849688.json (JSON, rewritten after every generation)
  Log:    tuned_configs/round2_pastures_animals_1779849688.log (human-readable progress mirror)

Sanity: fitness(starting point, mean margin across 7 baselines) = +2.312
  (sign/magnitude reflects warm-start config vs baseline strength gap)



gen   1  best so far: +2.579  gen best: +2.579  gen mean: +2.293  (8.3 min)
           per-baseline (W-D-L  m=margin in raw score): t2 60-0-0  m=+10.97  v3_best 30-0-30 m=-0.43  panel_gen_25 42-0-18 m=+4.82  round1_resources_start 60-0-0  m=+22.32  panel_gen47_wood020 57-0-3  m=+11.97  panel_gen16_temp05 46-0-14 m=+6.07  panel_gen47 55-1-4  m=+8.23
           regression vs 't2': 60-0-0   m=+10.967


gen   2  best so far: +2.579  gen best: +2.409  gen mean: +2.255  (19.7 min)
           per-baseline (W-D-L  m=margin in raw score): t2 60-0-0  m=+10.97  v3_best 30-0-30 m=-0.43  panel_gen_25 42-0-18 m=+4.82  round1_resources_start 60-0-0  m=+22.32  panel_gen47_wood020 57-0-3  m=+11.97  panel_gen16_temp05 46-0-14 m=+6.07  panel_gen47 55-1-4  m=+8.23 [cached: session_best unchanged]
           regression vs 't2': 60-0-0   m=+10.967


gen   3  best so far: +2.579  gen best: +2.330  gen mean: +2.098  (26.1 min)
           per-baseline (W-D-L  m=margin in raw score): t2 60-0-0  m=+10.97  v3_best 30-0-30 m=-0.43  panel_gen_25 42-0-18 m=+4.82  round1_resources_start 60-0-0  m=+22.32  panel_gen47_wood020 57-0-3  m=+11.97  panel_gen16_temp05 46-0-14 m=+6.07  panel_gen47 55-1-4  m=+8.23 [cached: session_best unchanged]
           regression vs 't2': 60-0-0   m=+10.967


gen   4  best so far: +2.579  gen best: +2.295  gen mean: +2.125  (32.4 min)
           per-baseline (W-D-L  m=margin in raw score): t2 60-0-0  m=+10.97  v3_best 30-0-30 m=-0.43  panel_gen_25 42-0-18 m=+4.82  round1_resources_start 60-0-0  m=+22.32  panel_gen47_wood020 57-0-3  m=+11.97  panel_gen16_temp05 46-0-14 m=+6.07  panel_gen47 55-1-4  m=+8.23 [cached: session_best unchanged]
           regression vs 't2': 60-0-0   m=+10.967


gen   5  best so far: +2.579  gen best: +2.254  gen mean: +2.122  (38.8 min)
           per-baseline (W-D-L  m=margin in raw score): t2 60-0-0  m=+10.97  v3_best 30-0-30 m=-0.43  panel_gen_25 42-0-18 m=+4.82  round1_resources_start 60-0-0  m=+22.32  panel_gen47_wood020 57-0-3  m=+11.97  panel_gen16_temp05 46-0-14 m=+6.07  panel_gen47 55-1-4  m=+8.23 [cached: session_best unchanged]
           regression vs 't2': 60-0-0   m=+10.967


gen   6  best so far: +2.579  gen best: +2.458  gen mean: +2.274  (45.3 min)
           per-baseline (W-D-L  m=margin in raw score): t2 60-0-0  m=+10.97  v3_best 30-0-30 m=-0.43  panel_gen_25 42-0-18 m=+4.82  round1_resources_start 60-0-0  m=+22.32  panel_gen47_wood020 57-0-3  m=+11.97  panel_gen16_temp05 46-0-14 m=+6.07  panel_gen47 55-1-4  m=+8.23 [cached: session_best unchanged]
           regression vs 't2': 60-0-0   m=+10.967


gen   7  best so far: +2.586  gen best: +2.586  gen mean: +2.411  (51.8 min)
           per-baseline (W-D-L  m=margin in raw score): t2 55-0-5  m=+9.50  v3_best 29-0-31 m=+0.77  panel_gen_25 44-0-16 m=+4.98  round1_resources_start 60-0-0  m=+21.83  panel_gen47_wood020 56-0-4  m=+11.93  panel_gen16_temp05 44-0-16 m=+5.92  panel_gen47 56-1-3  m=+8.18
           regression vs 't2': 55-0-5   m=+9.500


gen   8  best so far: +2.586  gen best: +2.411  gen mean: +2.299  (61.0 min)
           per-baseline (W-D-L  m=margin in raw score): t2 55-0-5  m=+9.50  v3_best 29-0-31 m=+0.77  panel_gen_25 44-0-16 m=+4.98  round1_resources_start 60-0-0  m=+21.83  panel_gen47_wood020 56-0-4  m=+11.93  panel_gen16_temp05 44-0-16 m=+5.92  panel_gen47 56-1-3  m=+8.18 [cached: session_best unchanged]
           regression vs 't2': 55-0-5   m=+9.500


gen   9  best so far: +2.586  gen best: +2.063  gen mean: +1.869  (67.4 min)
           per-baseline (W-D-L  m=margin in raw score): t2 55-0-5  m=+9.50  v3_best 29-0-31 m=+0.77  panel_gen_25 44-0-16 m=+4.98  round1_resources_start 60-0-0  m=+21.83  panel_gen47_wood020 56-0-4  m=+11.93  panel_gen16_temp05 44-0-16 m=+5.92  panel_gen47 56-1-3  m=+8.18 [cached: session_best unchanged]
           regression vs 't2': 55-0-5   m=+9.500


gen  10  best so far: +2.586  gen best: +2.285  gen mean: +2.103  (73.8 min)
           per-baseline (W-D-L  m=margin in raw score): t2 55-0-5  m=+9.50  v3_best 29-0-31 m=+0.77  panel_gen_25 44-0-16 m=+4.98  round1_resources_start 60-0-0  m=+21.83  panel_gen47_wood020 56-0-4  m=+11.93  panel_gen16_temp05 44-0-16 m=+5.92  panel_gen47 56-1-3  m=+8.18 [cached: session_best unchanged]
           regression vs 't2': 55-0-5   m=+9.500


gen  11  best so far: +2.586  gen best: +2.511  gen mean: +2.392  (80.5 min)
           per-baseline (W-D-L  m=margin in raw score): t2 55-0-5  m=+9.50  v3_best 29-0-31 m=+0.77  panel_gen_25 44-0-16 m=+4.98  round1_resources_start 60-0-0  m=+21.83  panel_gen47_wood020 56-0-4  m=+11.93  panel_gen16_temp05 44-0-16 m=+5.92  panel_gen47 56-1-3  m=+8.18 [cached: session_best unchanged]
           regression vs 't2': 55-0-5   m=+9.500


gen  12  best so far: +2.586  gen best: +2.484  gen mean: +2.387  (88.4 min)
           per-baseline (W-D-L  m=margin in raw score): t2 55-0-5  m=+9.50  v3_best 29-0-31 m=+0.77  panel_gen_25 44-0-16 m=+4.98  round1_resources_start 60-0-0  m=+21.83  panel_gen47_wood020 56-0-4  m=+11.93  panel_gen16_temp05 44-0-16 m=+5.92  panel_gen47 56-1-3  m=+8.18 [cached: session_best unchanged]
           regression vs 't2': 55-0-5   m=+9.500


gen  13  best so far: +2.586  gen best: +2.478  gen mean: +2.321  (96.0 min)
           per-baseline (W-D-L  m=margin in raw score): t2 55-0-5  m=+9.50  v3_best 29-0-31 m=+0.77  panel_gen_25 44-0-16 m=+4.98  round1_resources_start 60-0-0  m=+21.83  panel_gen47_wood020 56-0-4  m=+11.93  panel_gen16_temp05 44-0-16 m=+5.92  panel_gen47 56-1-3  m=+8.18 [cached: session_best unchanged]
           regression vs 't2': 55-0-5   m=+9.500
