Run dir: nn_models/sp_v_256x2
Device: cpu
Target mode: margin | head: linear | loss: mse

  cache MISS: encoding cpp_selfplay_30k
  encoded cpp_selfplay_30k/worker_00_c000.pkl: descs so far=21186
  encoded cpp_selfplay_30k/worker_00_c001.pkl: descs so far=41812
  encoded cpp_selfplay_30k/worker_00_c002.pkl: descs so far=62610
  encoded cpp_selfplay_30k/worker_00_c003.pkl: descs so far=83372
  encoded cpp_selfplay_30k/worker_00_c004.pkl: descs so far=104610
  encoded cpp_selfplay_30k/worker_00_c005.pkl: descs so far=125568
  encoded cpp_selfplay_30k/worker_00_c006.pkl: descs so far=146516
  encoded cpp_selfplay_30k/worker_00_c007.pkl: descs so far=167484
  encoded cpp_selfplay_30k/worker_00_c008.pkl: descs so far=188258
  encoded cpp_selfplay_30k/worker_00_c009.pkl: descs so far=209252
  encoded cpp_selfplay_30k/worker_00_c010.pkl: descs so far=230286
  encoded cpp_selfplay_30k/worker_00_c011.pkl: descs so far=251272
  encoded cpp_selfplay_30k/worker_00_c012.pkl: descs so far=272020
  encoded cpp_selfplay_30k/worker_00_c013.pkl: descs so far=292784
  encoded cpp_selfplay_30k/worker_00_c014.pkl: descs so far=313394
  encoded cpp_selfplay_30k/worker_00_c015.pkl: descs so far=334568
  encoded cpp_selfplay_30k/worker_00_c016.pkl: descs so far=355340
  encoded cpp_selfplay_30k/worker_00_c017.pkl: descs so far=375882
  encoded cpp_selfplay_30k/worker_00_c018.pkl: descs so far=396656
  encoded cpp_selfplay_30k/worker_00_c019.pkl: descs so far=417360
  encoded cpp_selfplay_30k/worker_00_c020.pkl: descs so far=438182
  encoded cpp_selfplay_30k/worker_00_c021.pkl: descs so far=458732
  encoded cpp_selfplay_30k/worker_00_c022.pkl: descs so far=479614
  encoded cpp_selfplay_30k/worker_00_c023.pkl: descs so far=500090
  encoded cpp_selfplay_30k/worker_00_c024.pkl: descs so far=521088
  encoded cpp_selfplay_30k/worker_00_c025.pkl: descs so far=542032
  encoded cpp_selfplay_30k/worker_00_c026.pkl: descs so far=563154
  encoded cpp_selfplay_30k/worker_00_c027.pkl: descs so far=584278
  encoded cpp_selfplay_30k/worker_00_c028.pkl: descs so far=605174
  encoded cpp_selfplay_30k/worker_00_c029.pkl: descs so far=626532
  encoded cpp_selfplay_30k/worker_00_c030.pkl: descs so far=647242
  encoded cpp_selfplay_30k/worker_00_c031.pkl: descs so far=668334
  encoded cpp_selfplay_30k/worker_00_c032.pkl: descs so far=689274
  encoded cpp_selfplay_30k/worker_00_c033.pkl: descs so far=710274
  encoded cpp_selfplay_30k/worker_00_c034.pkl: descs so far=731010
  encoded cpp_selfplay_30k/worker_00_c035.pkl: descs so far=751736
  encoded cpp_selfplay_30k/worker_00_c036.pkl: descs so far=772606
  encoded cpp_selfplay_30k/worker_00_c037.pkl: descs so far=793440
  encoded cpp_selfplay_30k/worker_00_c038.pkl: descs so far=814562
  encoded cpp_selfplay_30k/worker_00_c039.pkl: descs so far=835490
  encoded cpp_selfplay_30k/worker_00_c040.pkl: descs so far=856288
  encoded cpp_selfplay_30k/worker_00_c041.pkl: descs so far=877134
  encoded cpp_selfplay_30k/worker_00_c042.pkl: descs so far=898206
  encoded cpp_selfplay_30k/worker_00_c043.pkl: descs so far=918794
  encoded cpp_selfplay_30k/worker_00_c044.pkl: descs so far=940260
  encoded cpp_selfplay_30k/worker_00_c045.pkl: descs so far=960950
  encoded cpp_selfplay_30k/worker_00_c046.pkl: descs so far=981836
  encoded cpp_selfplay_30k/worker_00_c047.pkl: descs so far=1002450
  encoded cpp_selfplay_30k/worker_00_c048.pkl: descs so far=1023226
  encoded cpp_selfplay_30k/worker_00_c049.pkl: descs so far=1044102
  encoded cpp_selfplay_30k/worker_00_c050.pkl: descs so far=1064876
  encoded cpp_selfplay_30k/worker_00_c051.pkl: descs so far=1085968
  encoded cpp_selfplay_30k/worker_00_c052.pkl: descs so far=1107194
  encoded cpp_selfplay_30k/worker_00_c053.pkl: descs so far=1128186
  encoded cpp_selfplay_30k/worker_00_c054.pkl: descs so far=1148984
  encoded cpp_selfplay_30k/worker_00_c055.pkl: descs so far=1169846
  encoded cpp_selfplay_30k/worker_00_c056.pkl: descs so far=1190866
  encoded cpp_selfplay_30k/worker_00_c057.pkl: descs so far=1211790
  encoded cpp_selfplay_30k/worker_00_c058.pkl: descs so far=1232854
  encoded cpp_selfplay_30k/worker_00_c059.pkl: descs so far=1253440
  encoded cpp_selfplay_30k/worker_00_c060.pkl: descs so far=1274574
  encoded cpp_selfplay_30k/worker_00_c061.pkl: descs so far=1295600
  encoded cpp_selfplay_30k/worker_00_c062.pkl: descs so far=1316400
  encoded cpp_selfplay_30k/worker_00_c063.pkl: descs so far=1337022
  encoded cpp_selfplay_30k/worker_00_c064.pkl: descs so far=1358114
  encoded cpp_selfplay_30k/worker_00_c065.pkl: descs so far=1378834
  encoded cpp_selfplay_30k/worker_00_c066.pkl: descs so far=1399574
  encoded cpp_selfplay_30k/worker_00_c067.pkl: descs so far=1420392
  encoded cpp_selfplay_30k/worker_00_c068.pkl: descs so far=1441596
  encoded cpp_selfplay_30k/worker_00_c069.pkl: descs so far=1462684
  encoded cpp_selfplay_30k/worker_00_c070.pkl: descs so far=1483444
  encoded cpp_selfplay_30k/worker_00_c071.pkl: descs so far=1504454
  encoded cpp_selfplay_30k/worker_00_c072.pkl: descs so far=1525256
  encoded cpp_selfplay_30k/worker_00_c073.pkl: descs so far=1545974
  encoded cpp_selfplay_30k/worker_00_c074.pkl: descs so far=1566712
  encoded cpp_selfplay_30k/worker_01_c000.pkl: descs so far=1587586
  encoded cpp_selfplay_30k/worker_01_c001.pkl: descs so far=1608006
  encoded cpp_selfplay_30k/worker_01_c002.pkl: descs so far=1628960
  encoded cpp_selfplay_30k/worker_01_c003.pkl: descs so far=1650010
  encoded cpp_selfplay_30k/worker_01_c004.pkl: descs so far=1670548
  encoded cpp_selfplay_30k/worker_01_c005.pkl: descs so far=1691286
  encoded cpp_selfplay_30k/worker_01_c006.pkl: descs so far=1712102
  encoded cpp_selfplay_30k/worker_01_c007.pkl: descs so far=1733042
  encoded cpp_selfplay_30k/worker_01_c008.pkl: descs so far=1753862
  encoded cpp_selfplay_30k/worker_01_c009.pkl: descs so far=1774522
  encoded cpp_selfplay_30k/worker_01_c010.pkl: descs so far=1795488
  encoded cpp_selfplay_30k/worker_01_c011.pkl: descs so far=1816132
  encoded cpp_selfplay_30k/worker_01_c012.pkl: descs so far=1836942
  encoded cpp_selfplay_30k/worker_01_c013.pkl: descs so far=1857880
  encoded cpp_selfplay_30k/worker_01_c014.pkl: descs so far=1878486
  encoded cpp_selfplay_30k/worker_01_c015.pkl: descs so far=1899766
  encoded cpp_selfplay_30k/worker_01_c016.pkl: descs so far=1920454
  encoded cpp_selfplay_30k/worker_01_c017.pkl: descs so far=1941194
  encoded cpp_selfplay_30k/worker_01_c018.pkl: descs so far=1961990
  encoded cpp_selfplay_30k/worker_01_c019.pkl: descs so far=1982804
  encoded cpp_selfplay_30k/worker_01_c020.pkl: descs so far=2003372
  encoded cpp_selfplay_30k/worker_01_c021.pkl: descs so far=2024332
  encoded cpp_selfplay_30k/worker_01_c022.pkl: descs so far=2045060
  encoded cpp_selfplay_30k/worker_01_c023.pkl: descs so far=2065732
  encoded cpp_selfplay_30k/worker_01_c024.pkl: descs so far=2086522
  encoded cpp_selfplay_30k/worker_01_c025.pkl: descs so far=2107576
  encoded cpp_selfplay_30k/worker_01_c026.pkl: descs so far=2128466
  encoded cpp_selfplay_30k/worker_01_c027.pkl: descs so far=2149258
  encoded cpp_selfplay_30k/worker_01_c028.pkl: descs so far=2170228
  encoded cpp_selfplay_30k/worker_01_c029.pkl: descs so far=2191190
  encoded cpp_selfplay_30k/worker_01_c030.pkl: descs so far=2211970
  encoded cpp_selfplay_30k/worker_01_c031.pkl: descs so far=2232642
  encoded cpp_selfplay_30k/worker_01_c032.pkl: descs so far=2253452
  encoded cpp_selfplay_30k/worker_01_c033.pkl: descs so far=2274520
  encoded cpp_selfplay_30k/worker_01_c034.pkl: descs so far=2295228
  encoded cpp_selfplay_30k/worker_01_c035.pkl: descs so far=2316414
  encoded cpp_selfplay_30k/worker_01_c036.pkl: descs so far=2337216
  encoded cpp_selfplay_30k/worker_01_c037.pkl: descs so far=2358254
  encoded cpp_selfplay_30k/worker_01_c038.pkl: descs so far=2379384
  encoded cpp_selfplay_30k/worker_01_c039.pkl: descs so far=2400260
  encoded cpp_selfplay_30k/worker_01_c040.pkl: descs so far=2421378
  encoded cpp_selfplay_30k/worker_01_c041.pkl: descs so far=2442212
  encoded cpp_selfplay_30k/worker_01_c042.pkl: descs so far=2463030
  encoded cpp_selfplay_30k/worker_01_c043.pkl: descs so far=2483610
  encoded cpp_selfplay_30k/worker_01_c044.pkl: descs so far=2504670
  encoded cpp_selfplay_30k/worker_01_c045.pkl: descs so far=2525638
  encoded cpp_selfplay_30k/worker_01_c046.pkl: descs so far=2546440
  encoded cpp_selfplay_30k/worker_01_c047.pkl: descs so far=2567426
  encoded cpp_selfplay_30k/worker_01_c048.pkl: descs so far=2588170
  encoded cpp_selfplay_30k/worker_01_c049.pkl: descs so far=2609284
  encoded cpp_selfplay_30k/worker_01_c050.pkl: descs so far=2629998
  encoded cpp_selfplay_30k/worker_01_c051.pkl: descs so far=2650694
  encoded cpp_selfplay_30k/worker_01_c052.pkl: descs so far=2671798
  encoded cpp_selfplay_30k/worker_01_c053.pkl: descs so far=2692728
  encoded cpp_selfplay_30k/worker_01_c054.pkl: descs so far=2713586
  encoded cpp_selfplay_30k/worker_01_c055.pkl: descs so far=2734748
  encoded cpp_selfplay_30k/worker_01_c056.pkl: descs so far=2755438
  encoded cpp_selfplay_30k/worker_01_c057.pkl: descs so far=2776178
  encoded cpp_selfplay_30k/worker_01_c058.pkl: descs so far=2797224
  encoded cpp_selfplay_30k/worker_01_c059.pkl: descs so far=2818214
  encoded cpp_selfplay_30k/worker_01_c060.pkl: descs so far=2839214
  encoded cpp_selfplay_30k/worker_01_c061.pkl: descs so far=2859764
  encoded cpp_selfplay_30k/worker_01_c062.pkl: descs so far=2880416
  encoded cpp_selfplay_30k/worker_01_c063.pkl: descs so far=2901356
  encoded cpp_selfplay_30k/worker_01_c064.pkl: descs so far=2921892
  encoded cpp_selfplay_30k/worker_01_c065.pkl: descs so far=2942944
  encoded cpp_selfplay_30k/worker_01_c066.pkl: descs so far=2964072
  encoded cpp_selfplay_30k/worker_01_c067.pkl: descs so far=2984876
  encoded cpp_selfplay_30k/worker_01_c068.pkl: descs so far=3005338
  encoded cpp_selfplay_30k/worker_01_c069.pkl: descs so far=3026096
  encoded cpp_selfplay_30k/worker_01_c070.pkl: descs so far=3047244
  encoded cpp_selfplay_30k/worker_01_c071.pkl: descs so far=3068240
  encoded cpp_selfplay_30k/worker_01_c072.pkl: descs so far=3089064
  encoded cpp_selfplay_30k/worker_01_c073.pkl: descs so far=3109246
  encoded cpp_selfplay_30k/worker_01_c074.pkl: descs so far=3129824
  encoded cpp_selfplay_30k/worker_02_c000.pkl: descs so far=3150572
  encoded cpp_selfplay_30k/worker_02_c001.pkl: descs so far=3171538
  encoded cpp_selfplay_30k/worker_02_c002.pkl: descs so far=3192196
  encoded cpp_selfplay_30k/worker_02_c003.pkl: descs so far=3212848
  encoded cpp_selfplay_30k/worker_02_c004.pkl: descs so far=3233966
  encoded cpp_selfplay_30k/worker_02_c005.pkl: descs so far=3254858
  encoded cpp_selfplay_30k/worker_02_c006.pkl: descs so far=3275666
  encoded cpp_selfplay_30k/worker_02_c007.pkl: descs so far=3296510
  encoded cpp_selfplay_30k/worker_02_c008.pkl: descs so far=3317500
  encoded cpp_selfplay_30k/worker_02_c009.pkl: descs so far=3338358
  encoded cpp_selfplay_30k/worker_02_c010.pkl: descs so far=3359338
  encoded cpp_selfplay_30k/worker_02_c011.pkl: descs so far=3380506
  encoded cpp_selfplay_30k/worker_02_c012.pkl: descs so far=3401386
  encoded cpp_selfplay_30k/worker_02_c013.pkl: descs so far=3422492
  encoded cpp_selfplay_30k/worker_02_c014.pkl: descs so far=3443266
  encoded cpp_selfplay_30k/worker_02_c015.pkl: descs so far=3464054
  encoded cpp_selfplay_30k/worker_02_c016.pkl: descs so far=3485062
  encoded cpp_selfplay_30k/worker_02_c017.pkl: descs so far=3506176
  encoded cpp_selfplay_30k/worker_02_c018.pkl: descs so far=3527086
  encoded cpp_selfplay_30k/worker_02_c019.pkl: descs so far=3547858
  encoded cpp_selfplay_30k/worker_02_c020.pkl: descs so far=3569144
  encoded cpp_selfplay_30k/worker_02_c021.pkl: descs so far=3590206
  encoded cpp_selfplay_30k/worker_02_c022.pkl: descs so far=3611020
  encoded cpp_selfplay_30k/worker_02_c023.pkl: descs so far=3632330
  encoded cpp_selfplay_30k/worker_02_c024.pkl: descs so far=3653390
  encoded cpp_selfplay_30k/worker_02_c025.pkl: descs so far=3674502
  encoded cpp_selfplay_30k/worker_02_c026.pkl: descs so far=3694854
  encoded cpp_selfplay_30k/worker_02_c027.pkl: descs so far=3716164
  encoded cpp_selfplay_30k/worker_02_c028.pkl: descs so far=3737122
  encoded cpp_selfplay_30k/worker_02_c029.pkl: descs so far=3758282
  encoded cpp_selfplay_30k/worker_02_c030.pkl: descs so far=3779292
  encoded cpp_selfplay_30k/worker_02_c031.pkl: descs so far=3800174
  encoded cpp_selfplay_30k/worker_02_c032.pkl: descs so far=3821038
  encoded cpp_selfplay_30k/worker_02_c033.pkl: descs so far=3841780
  encoded cpp_selfplay_30k/worker_02_c034.pkl: descs so far=3862260
  encoded cpp_selfplay_30k/worker_02_c035.pkl: descs so far=3883492
  encoded cpp_selfplay_30k/worker_02_c036.pkl: descs so far=3904434
  encoded cpp_selfplay_30k/worker_02_c037.pkl: descs so far=3925258
  encoded cpp_selfplay_30k/worker_02_c038.pkl: descs so far=3946322
  encoded cpp_selfplay_30k/worker_02_c039.pkl: descs so far=3967100
  encoded cpp_selfplay_30k/worker_02_c040.pkl: descs so far=3988132
  encoded cpp_selfplay_30k/worker_02_c041.pkl: descs so far=4008370
  encoded cpp_selfplay_30k/worker_02_c042.pkl: descs so far=4029684
  encoded cpp_selfplay_30k/worker_02_c043.pkl: descs so far=4050674
  encoded cpp_selfplay_30k/worker_02_c044.pkl: descs so far=4071918
  encoded cpp_selfplay_30k/worker_02_c045.pkl: descs so far=4092842
  encoded cpp_selfplay_30k/worker_02_c046.pkl: descs so far=4113758
  encoded cpp_selfplay_30k/worker_02_c047.pkl: descs so far=4134454
  encoded cpp_selfplay_30k/worker_02_c048.pkl: descs so far=4155254
  encoded cpp_selfplay_30k/worker_02_c049.pkl: descs so far=4175942
  encoded cpp_selfplay_30k/worker_02_c050.pkl: descs so far=4197298
  encoded cpp_selfplay_30k/worker_02_c051.pkl: descs so far=4218458
  encoded cpp_selfplay_30k/worker_02_c052.pkl: descs so far=4238920
  encoded cpp_selfplay_30k/worker_02_c053.pkl: descs so far=4260174
  encoded cpp_selfplay_30k/worker_02_c054.pkl: descs so far=4281102
  encoded cpp_selfplay_30k/worker_02_c055.pkl: descs so far=4302066
  encoded cpp_selfplay_30k/worker_02_c056.pkl: descs so far=4322348
  encoded cpp_selfplay_30k/worker_02_c057.pkl: descs so far=4342662
  encoded cpp_selfplay_30k/worker_02_c058.pkl: descs so far=4363386
  encoded cpp_selfplay_30k/worker_02_c059.pkl: descs so far=4383602
  encoded cpp_selfplay_30k/worker_02_c060.pkl: descs so far=4404552
  encoded cpp_selfplay_30k/worker_02_c061.pkl: descs so far=4425780
  encoded cpp_selfplay_30k/worker_02_c062.pkl: descs so far=4446050
  encoded cpp_selfplay_30k/worker_02_c063.pkl: descs so far=4467402
  encoded cpp_selfplay_30k/worker_02_c064.pkl: descs so far=4488392
  encoded cpp_selfplay_30k/worker_02_c065.pkl: descs so far=4509140
  encoded cpp_selfplay_30k/worker_02_c066.pkl: descs so far=4530018
  encoded cpp_selfplay_30k/worker_02_c067.pkl: descs so far=4550534
  encoded cpp_selfplay_30k/worker_02_c068.pkl: descs so far=4571142
  encoded cpp_selfplay_30k/worker_02_c069.pkl: descs so far=4591758
  encoded cpp_selfplay_30k/worker_02_c070.pkl: descs so far=4612726
  encoded cpp_selfplay_30k/worker_02_c071.pkl: descs so far=4633642
  encoded cpp_selfplay_30k/worker_02_c072.pkl: descs so far=4654520
  encoded cpp_selfplay_30k/worker_02_c073.pkl: descs so far=4675210
  encoded cpp_selfplay_30k/worker_02_c074.pkl: descs so far=4696016
  encoded cpp_selfplay_30k/worker_03_c000.pkl: descs so far=4716754
  encoded cpp_selfplay_30k/worker_03_c001.pkl: descs so far=4737068
  encoded cpp_selfplay_30k/worker_03_c002.pkl: descs so far=4758094
  encoded cpp_selfplay_30k/worker_03_c003.pkl: descs so far=4779080
  encoded cpp_selfplay_30k/worker_03_c004.pkl: descs so far=4800016
  encoded cpp_selfplay_30k/worker_03_c005.pkl: descs so far=4820626
  encoded cpp_selfplay_30k/worker_03_c006.pkl: descs so far=4841176
  encoded cpp_selfplay_30k/worker_03_c007.pkl: descs so far=4861546
  encoded cpp_selfplay_30k/worker_03_c008.pkl: descs so far=4882240
  encoded cpp_selfplay_30k/worker_03_c009.pkl: descs so far=4902910
  encoded cpp_selfplay_30k/worker_03_c010.pkl: descs so far=4923950
  encoded cpp_selfplay_30k/worker_03_c011.pkl: descs so far=4945076
  encoded cpp_selfplay_30k/worker_03_c012.pkl: descs so far=4966014
  encoded cpp_selfplay_30k/worker_03_c013.pkl: descs so far=4986956
  encoded cpp_selfplay_30k/worker_03_c014.pkl: descs so far=5007510
  encoded cpp_selfplay_30k/worker_03_c015.pkl: descs so far=5028200
  encoded cpp_selfplay_30k/worker_03_c016.pkl: descs so far=5048710
  encoded cpp_selfplay_30k/worker_03_c017.pkl: descs so far=5069846
  encoded cpp_selfplay_30k/worker_03_c018.pkl: descs so far=5090664
  encoded cpp_selfplay_30k/worker_03_c019.pkl: descs so far=5111288
  encoded cpp_selfplay_30k/worker_03_c020.pkl: descs so far=5132426
  encoded cpp_selfplay_30k/worker_03_c021.pkl: descs so far=5153424
  encoded cpp_selfplay_30k/worker_03_c022.pkl: descs so far=5173952
  encoded cpp_selfplay_30k/worker_03_c023.pkl: descs so far=5194802
  encoded cpp_selfplay_30k/worker_03_c024.pkl: descs so far=5215510
  encoded cpp_selfplay_30k/worker_03_c025.pkl: descs so far=5236396
  encoded cpp_selfplay_30k/worker_03_c026.pkl: descs so far=5257714
  encoded cpp_selfplay_30k/worker_03_c027.pkl: descs so far=5278360
  encoded cpp_selfplay_30k/worker_03_c028.pkl: descs so far=5299320
  encoded cpp_selfplay_30k/worker_03_c029.pkl: descs so far=5320074
  encoded cpp_selfplay_30k/worker_03_c030.pkl: descs so far=5340936
  encoded cpp_selfplay_30k/worker_03_c031.pkl: descs so far=5361526
  encoded cpp_selfplay_30k/worker_03_c032.pkl: descs so far=5382202
  encoded cpp_selfplay_30k/worker_03_c033.pkl: descs so far=5402820
  encoded cpp_selfplay_30k/worker_03_c034.pkl: descs so far=5423770
  encoded cpp_selfplay_30k/worker_03_c035.pkl: descs so far=5444078
  encoded cpp_selfplay_30k/worker_03_c036.pkl: descs so far=5465252
  encoded cpp_selfplay_30k/worker_03_c037.pkl: descs so far=5486226
  encoded cpp_selfplay_30k/worker_03_c038.pkl: descs so far=5506740
  encoded cpp_selfplay_30k/worker_03_c039.pkl: descs so far=5527298
  encoded cpp_selfplay_30k/worker_03_c040.pkl: descs so far=5548342
  encoded cpp_selfplay_30k/worker_03_c041.pkl: descs so far=5569154
  encoded cpp_selfplay_30k/worker_03_c042.pkl: descs so far=5589738
  encoded cpp_selfplay_30k/worker_03_c043.pkl: descs so far=5610544
  encoded cpp_selfplay_30k/worker_03_c044.pkl: descs so far=5631200
  encoded cpp_selfplay_30k/worker_03_c045.pkl: descs so far=5652036
  encoded cpp_selfplay_30k/worker_03_c046.pkl: descs so far=5672782
  encoded cpp_selfplay_30k/worker_03_c047.pkl: descs so far=5693882
  encoded cpp_selfplay_30k/worker_03_c048.pkl: descs so far=5714708
  encoded cpp_selfplay_30k/worker_03_c049.pkl: descs so far=5735262
  encoded cpp_selfplay_30k/worker_03_c050.pkl: descs so far=5755938
  encoded cpp_selfplay_30k/worker_03_c051.pkl: descs so far=5776840
  encoded cpp_selfplay_30k/worker_03_c052.pkl: descs so far=5797702
  encoded cpp_selfplay_30k/worker_03_c053.pkl: descs so far=5818664
  encoded cpp_selfplay_30k/worker_03_c054.pkl: descs so far=5839914
  encoded cpp_selfplay_30k/worker_03_c055.pkl: descs so far=5860964
  encoded cpp_selfplay_30k/worker_03_c056.pkl: descs so far=5881886
  encoded cpp_selfplay_30k/worker_03_c057.pkl: descs so far=5902940
  encoded cpp_selfplay_30k/worker_03_c058.pkl: descs so far=5924260
  encoded cpp_selfplay_30k/worker_03_c059.pkl: descs so far=5945108
  encoded cpp_selfplay_30k/worker_03_c060.pkl: descs so far=5965914
  encoded cpp_selfplay_30k/worker_03_c061.pkl: descs so far=5986568
  encoded cpp_selfplay_30k/worker_03_c062.pkl: descs so far=6007540
  encoded cpp_selfplay_30k/worker_03_c063.pkl: descs so far=6028448
  encoded cpp_selfplay_30k/worker_03_c064.pkl: descs so far=6049532
  encoded cpp_selfplay_30k/worker_03_c065.pkl: descs so far=6070394
  encoded cpp_selfplay_30k/worker_03_c066.pkl: descs so far=6090950
  encoded cpp_selfplay_30k/worker_03_c067.pkl: descs so far=6111774
  encoded cpp_selfplay_30k/worker_03_c068.pkl: descs so far=6132602
  encoded cpp_selfplay_30k/worker_03_c069.pkl: descs so far=6153642
  encoded cpp_selfplay_30k/worker_03_c070.pkl: descs so far=6174392
  encoded cpp_selfplay_30k/worker_03_c071.pkl: descs so far=6195040
  encoded cpp_selfplay_30k/worker_03_c072.pkl: descs so far=6215884
  encoded cpp_selfplay_30k/worker_03_c073.pkl: descs so far=6237086
  encoded cpp_selfplay_30k/worker_03_c074.pkl: descs so far=6257816
  wrote cache encoded_v2.npz (83 MB)
  cache MISS: encoding cpp_selfplay_10k
  encoded cpp_selfplay_10k/worker_00_c000.pkl: descs so far=21146
  encoded cpp_selfplay_10k/worker_00_c001.pkl: descs so far=42226
  encoded cpp_selfplay_10k/worker_00_c002.pkl: descs so far=63166
  encoded cpp_selfplay_10k/worker_00_c003.pkl: descs so far=83944
  encoded cpp_selfplay_10k/worker_00_c004.pkl: descs so far=104894
  encoded cpp_selfplay_10k/worker_00_c005.pkl: descs so far=125678
  encoded cpp_selfplay_10k/worker_00_c006.pkl: descs so far=146706
  encoded cpp_selfplay_10k/worker_00_c007.pkl: descs so far=167554
  encoded cpp_selfplay_10k/worker_00_c008.pkl: descs so far=188402
  encoded cpp_selfplay_10k/worker_00_c009.pkl: descs so far=209288
  encoded cpp_selfplay_10k/worker_00_c010.pkl: descs so far=230184
  encoded cpp_selfplay_10k/worker_00_c011.pkl: descs so far=251022
  encoded cpp_selfplay_10k/worker_00_c012.pkl: descs so far=271786
  encoded cpp_selfplay_10k/worker_00_c013.pkl: descs so far=292280
  encoded cpp_selfplay_10k/worker_00_c014.pkl: descs so far=313346
  encoded cpp_selfplay_10k/worker_00_c015.pkl: descs so far=333824
  encoded cpp_selfplay_10k/worker_00_c016.pkl: descs so far=354838
  encoded cpp_selfplay_10k/worker_00_c017.pkl: descs so far=375408
  encoded cpp_selfplay_10k/worker_00_c018.pkl: descs so far=396216
  encoded cpp_selfplay_10k/worker_00_c019.pkl: descs so far=416960
  encoded cpp_selfplay_10k/worker_00_c020.pkl: descs so far=437836
  encoded cpp_selfplay_10k/worker_00_c021.pkl: descs so far=458844
  encoded cpp_selfplay_10k/worker_00_c022.pkl: descs so far=479672
  encoded cpp_selfplay_10k/worker_00_c023.pkl: descs so far=500446
  encoded cpp_selfplay_10k/worker_00_c024.pkl: descs so far=521606
  encoded cpp_selfplay_10k/worker_01_c000.pkl: descs so far=542684
  encoded cpp_selfplay_10k/worker_01_c001.pkl: descs so far=563338
  encoded cpp_selfplay_10k/worker_01_c002.pkl: descs so far=584436
  encoded cpp_selfplay_10k/worker_01_c003.pkl: descs so far=605346
  encoded cpp_selfplay_10k/worker_01_c004.pkl: descs so far=626416
  encoded cpp_selfplay_10k/worker_01_c005.pkl: descs so far=647418
  encoded cpp_selfplay_10k/worker_01_c006.pkl: descs so far=668254
  encoded cpp_selfplay_10k/worker_01_c007.pkl: descs so far=689198
  encoded cpp_selfplay_10k/worker_01_c008.pkl: descs so far=709942
  encoded cpp_selfplay_10k/worker_01_c009.pkl: descs so far=730454
  encoded cpp_selfplay_10k/worker_01_c010.pkl: descs so far=751778
  encoded cpp_selfplay_10k/worker_01_c011.pkl: descs so far=772838
  encoded cpp_selfplay_10k/worker_01_c012.pkl: descs so far=793594
  encoded cpp_selfplay_10k/worker_01_c013.pkl: descs so far=814458
  encoded cpp_selfplay_10k/worker_01_c014.pkl: descs so far=834998
  encoded cpp_selfplay_10k/worker_01_c015.pkl: descs so far=855894
  encoded cpp_selfplay_10k/worker_01_c016.pkl: descs so far=876742
  encoded cpp_selfplay_10k/worker_01_c017.pkl: descs so far=897856
  encoded cpp_selfplay_10k/worker_01_c018.pkl: descs so far=918896
  encoded cpp_selfplay_10k/worker_01_c019.pkl: descs so far=939870
  encoded cpp_selfplay_10k/worker_01_c020.pkl: descs so far=960802
  encoded cpp_selfplay_10k/worker_01_c021.pkl: descs so far=981200
  encoded cpp_selfplay_10k/worker_01_c022.pkl: descs so far=1001772
  encoded cpp_selfplay_10k/worker_01_c023.pkl: descs so far=1022434
  encoded cpp_selfplay_10k/worker_01_c024.pkl: descs so far=1043540
  encoded cpp_selfplay_10k/worker_02_c000.pkl: descs so far=1064520
  encoded cpp_selfplay_10k/worker_02_c001.pkl: descs so far=1085404
  encoded cpp_selfplay_10k/worker_02_c002.pkl: descs so far=1106548
  encoded cpp_selfplay_10k/worker_02_c003.pkl: descs so far=1127270
  encoded cpp_selfplay_10k/worker_02_c004.pkl: descs so far=1148052
  encoded cpp_selfplay_10k/worker_02_c005.pkl: descs so far=1169118
  encoded cpp_selfplay_10k/worker_02_c006.pkl: descs so far=1189904
  encoded cpp_selfplay_10k/worker_02_c007.pkl: descs so far=1211232
  encoded cpp_selfplay_10k/worker_02_c008.pkl: descs so far=1232152
  encoded cpp_selfplay_10k/worker_02_c009.pkl: descs so far=1252990
  encoded cpp_selfplay_10k/worker_02_c010.pkl: descs so far=1273792
  encoded cpp_selfplay_10k/worker_02_c011.pkl: descs so far=1294960
  encoded cpp_selfplay_10k/worker_02_c012.pkl: descs so far=1315710
  encoded cpp_selfplay_10k/worker_02_c013.pkl: descs so far=1336486
  encoded cpp_selfplay_10k/worker_02_c014.pkl: descs so far=1357364
  encoded cpp_selfplay_10k/worker_02_c015.pkl: descs so far=1378472
  encoded cpp_selfplay_10k/worker_02_c016.pkl: descs so far=1399590
  encoded cpp_selfplay_10k/worker_02_c017.pkl: descs so far=1420484
  encoded cpp_selfplay_10k/worker_02_c018.pkl: descs so far=1441572
  encoded cpp_selfplay_10k/worker_02_c019.pkl: descs so far=1462342
  encoded cpp_selfplay_10k/worker_02_c020.pkl: descs so far=1483876
  encoded cpp_selfplay_10k/worker_02_c021.pkl: descs so far=1504770
  encoded cpp_selfplay_10k/worker_02_c022.pkl: descs so far=1526030
  encoded cpp_selfplay_10k/worker_02_c023.pkl: descs so far=1546634
  encoded cpp_selfplay_10k/worker_02_c024.pkl: descs so far=1567412
  encoded cpp_selfplay_10k/worker_03_c000.pkl: descs so far=1588416
  encoded cpp_selfplay_10k/worker_03_c001.pkl: descs so far=1609062
  encoded cpp_selfplay_10k/worker_03_c002.pkl: descs so far=1630180
  encoded cpp_selfplay_10k/worker_03_c003.pkl: descs so far=1651286
  encoded cpp_selfplay_10k/worker_03_c004.pkl: descs so far=1672538
  encoded cpp_selfplay_10k/worker_03_c005.pkl: descs so far=1693514
  encoded cpp_selfplay_10k/worker_03_c006.pkl: descs so far=1714570
  encoded cpp_selfplay_10k/worker_03_c007.pkl: descs so far=1735384
  encoded cpp_selfplay_10k/worker_03_c008.pkl: descs so far=1756544
  encoded cpp_selfplay_10k/worker_03_c009.pkl: descs so far=1777382
  encoded cpp_selfplay_10k/worker_03_c010.pkl: descs so far=1798308
  encoded cpp_selfplay_10k/worker_03_c011.pkl: descs so far=1819636
  encoded cpp_selfplay_10k/worker_03_c012.pkl: descs so far=1840620
  encoded cpp_selfplay_10k/worker_03_c013.pkl: descs so far=1861604
  encoded cpp_selfplay_10k/worker_03_c014.pkl: descs so far=1882684
  encoded cpp_selfplay_10k/worker_03_c015.pkl: descs so far=1903422
  encoded cpp_selfplay_10k/worker_03_c016.pkl: descs so far=1924224
  encoded cpp_selfplay_10k/worker_03_c017.pkl: descs so far=1945116
  encoded cpp_selfplay_10k/worker_03_c018.pkl: descs so far=1966046
  encoded cpp_selfplay_10k/worker_03_c019.pkl: descs so far=1987102
  encoded cpp_selfplay_10k/worker_03_c020.pkl: descs so far=2008064
  encoded cpp_selfplay_10k/worker_03_c021.pkl: descs so far=2028742
  encoded cpp_selfplay_10k/worker_03_c022.pkl: descs so far=2049818
  encoded cpp_selfplay_10k/worker_03_c023.pkl: descs so far=2070672
  encoded cpp_selfplay_10k/worker_03_c024.pkl: descs so far=2091218
  wrote cache encoded_v2.npz (28 MB)
  cache MISS: encoding cpp_ab_batch
  encoded cpp_ab_batch/worker_00_c000.pkl: descs so far=21016
  encoded cpp_ab_batch/worker_00_c001.pkl: descs so far=26456
  encoded cpp_ab_batch/worker_01_c000.pkl: descs so far=47946
  encoded cpp_ab_batch/worker_01_c001.pkl: descs so far=53442
  encoded cpp_ab_batch/worker_02_c000.pkl: descs so far=74502
  encoded cpp_ab_batch/worker_02_c001.pkl: descs so far=79894
  encoded cpp_ab_batch/worker_03_c000.pkl: descs so far=101214
  encoded cpp_ab_batch/worker_03_c001.pkl: descs so far=106628
  encoded cpp_ab_batch/worker_04_c000.pkl: descs so far=127884
  encoded cpp_ab_batch/worker_04_c001.pkl: descs so far=133200
  encoded cpp_ab_batch/worker_05_c000.pkl: descs so far=154224
  encoded cpp_ab_batch/worker_05_c001.pkl: descs so far=159456
  encoded cpp_ab_batch/worker_06_c000.pkl: descs so far=180530
  encoded cpp_ab_batch/worker_06_c001.pkl: descs so far=185758
  encoded cpp_ab_batch/worker_07_c000.pkl: descs so far=206878
  encoded cpp_ab_batch/worker_07_c001.pkl: descs so far=212096
  wrote cache encoded_v2.npz (3 MB)
Chunked build: train=6843130 val=861152 test=856848 | dtype=float16 | use_cache=True | target_mode=margin target_std=7.732

Model: 110,849 parameters
  arch: [256, 256] / gelu / norm=layer / dropout=0.2 / head=linear
/Users/hunterwieman/miniconda3/lib/python3.10/site-packages/torch/_utils.py:783: UserWarning: TypedStorage is deprecated. It will be removed in the future and UntypedStorage will be the only storage class. This should only matter to you if you are using storages directly.  To access UntypedStorage directly, use tensor.untyped_storage() instead of tensor.storage()
  return self.fget.__get__(instance, owner)()
  warm-start from nn_models/best: loaded 10 matching param tensors, kept 0 at random init (arch/shape mismatch)

epoch |  train_mse | train_mae(p) |   val_mse | val_mae(p) | best | pat | time(s)
-----------------------------------------------------------------------------------------------
    1 |     0.4305 |         3.81 |    0.4055 |       3.67 |  *   |   0 |   154.3
    2 |     0.4186 |         3.75 |    0.4032 |       3.65 |  *   |   0 |   148.0
    3 |     0.4151 |         3.72 |    0.4033 |       3.65 |      |   1 |   158.3
    4 |     0.4128 |         3.71 |    0.4029 |       3.65 |  *   |   0 |   163.7
    5 |     0.4112 |         3.70 |    0.4018 |       3.64 |  *   |   0 |   198.8
    6 |     0.4099 |         3.69 |    0.4022 |       3.64 |      |   1 |   209.6
    7 |     0.4087 |         3.69 |    0.4021 |       3.64 |      |   2 |   246.3
    8 |     0.4081 |         3.69 |    0.4023 |       3.65 |      |   3 |   197.4
    9 |     0.4073 |         3.68 |    0.4019 |       3.64 |      |   4 |   196.9
   10 |     0.4067 |         3.68 |    0.4025 |       3.65 |      |   5 |   196.3
   11 |     0.4061 |         3.67 |    0.4027 |       3.65 |      |   6 |   170.1
   12 |     0.4054 |         3.67 |    0.4021 |       3.64 |      |   7 |   198.4
   13 |     0.4050 |         3.67 |    0.4027 |       3.65 |      |   8 |   211.9
   14 |     0.4047 |         3.67 |    0.4024 |       3.65 |      |   9 |   222.0
   15 |     0.4043 |         3.66 |    0.4023 |       3.64 |      |  10 |   192.7

Early stop at epoch 15: no improvement for 10 epochs.

Loading best checkpoint for test eval...
  best epoch: 5
  test MSE (normalized): 0.4122
  test MAE (margin):     3.693 points
  leaf value_scale (σ):  5.7336
  saved: nn_models/sp_v_256x2/train_curves.png
  saved: nn_models/sp_v_256x2/calibration.png
