NN match: P0=mcts vs P1=nn
  model:    nn_models/20260530-013000-v2dropout02/best.pt
  sims:     500 (mcts seats only)
  c_uct:    1.4
  n_random_fencing: 4
  fpu_offset: 0.0
  mcts_temperature: 0.2
  nn_temperature: 0.0
  games:    100 (seeds 0..99)
  jobs:     4

lib/python3.10/site-packages/torch/_utils.py:783: UserWarning: TypedStorage is deprecated. It will be removed in the future and UntypedStorage will be the only storage class. This should only matter to you if you are using storages directly.  To access UntypedStorage directly, use tensor.untyped_storage() instead of tensor.storage()
  return self.fget.__get__(instance, owner)()
lib/python3.10/site-packages/torch/_utils.py:783: UserWarning: TypedStorage is deprecated. It will be removed in the future and UntypedStorage will be the only storage class. This should only matter to you if you are using storages directly.  To access UntypedStorage directly, use tensor.untyped_storage() instead of tensor.storage()
  return self.fget.__get__(instance, owner)()
lib/python3.10/site-packages/torch/_utils.py:783: UserWarning: TypedStorage is deprecated. It will be removed in the future and UntypedStorage will be the only storage class. This should only matter to you if you are using storages directly.  To access UntypedStorage directly, use tensor.untyped_storage() instead of tensor.storage()
  return self.fget.__get__(instance, owner)()
lib/python3.10/site-packages/torch/_utils.py:783: UserWarning: TypedStorage is deprecated. It will be removed in the future and UntypedStorage will be the only storage class. This should only matter to you if you are using storages directly.  To access UntypedStorage directly, use tensor.untyped_storage() instead of tensor.storage()
  return self.fget.__get__(instance, owner)()
[  1/100] seed=  0 SP=1 P0= 27 P1= 23 (P0)  P0W=1 P1W=0 D=0  avgM=+4.00  t=50.3s elapsed=52s eta=5144s
[  2/100] seed=  3 SP=1 P0= 27 P1= 29 (P1)  P0W=1 P1W=1 D=0  avgM=+1.00  t=53.3s elapsed=55s eta=2691s
[  3/100] seed=  1 SP=0 P0= 24 P1= 22 (P0)  P0W=2 P1W=1 D=0  avgM=+1.33  t=61.6s elapsed=63s eta=2045s
[  4/100] seed=  2 SP=1 P0= 31 P1= 15 (P0)  P0W=3 P1W=1 D=0  avgM=+5.00  t=72.1s elapsed=74s eta=1769s
[  5/100] seed=  6 SP=0 P0= 11 P1= 25 (P1)  P0W=3 P1W=2 D=0  avgM=+1.20  t=26.7s elapsed=90s eta=1710s
[  6/100] seed=  5 SP=1 P0= 29 P1= 23 (P0)  P0W=4 P1W=2 D=0  avgM=+2.00  t=42.3s elapsed=97s eta=1524s
[  7/100] seed=  7 SP=1 P0= 23 P1= 13 (P0)  P0W=5 P1W=2 D=0  avgM=+3.14  t=36.0s elapsed=110s eta=1458s
[  8/100] seed=  4 SP=1 P0= 30 P1= 23 (P0)  P0W=6 P1W=2 D=0  avgM=+3.62  t=63.3s elapsed=115s eta=1325s
[  9/100] seed=  8 SP=1 P0= 26 P1= -7 (P0)  P0W=7 P1W=2 D=0  avgM=+6.89  t=30.9s elapsed=121s eta=1222s
[ 10/100] seed= 11 SP=0 P0= 29 P1= 18 (P0)  P0W=8 P1W=2 D=0  avgM=+7.30  t=32.1s elapsed=147s eta=1327s
[ 11/100] seed=  9 SP=0 P0= 30 P1= 25 (P0)  P0W=9 P1W=2 D=0  avgM=+7.09  t=52.8s elapsed=150s eta=1214s
[ 12/100] seed= 10 SP=1 P0= 24 P1= 24 (P1)  P0W=9 P1W=3 D=0  avgM=+6.50  t=40.7s elapsed=150s eta=1104s
[ 13/100] seed= 12 SP=1 P0= 24 P1= 21 (P0)  P0W=10 P1W=3 D=0  avgM=+6.23  t=51.9s elapsed=173s eta=1156s
[ 14/100] seed= 13 SP=1 P0= 17 P1=  7 (P0)  P0W=11 P1W=3 D=0  avgM=+6.50  t=46.1s elapsed=194s eta=1189s
[ 15/100] seed= 14 SP=0 P0= 25 P1= 21 (P0)  P0W=12 P1W=3 D=0  avgM=+6.33  t=47.9s elapsed=198s eta=1122s
[ 16/100] seed= 16 SP=1 P0= 24 P1= 17 (P0)  P0W=13 P1W=3 D=0  avgM=+6.38  t=35.6s elapsed=208s eta=1094s
[ 17/100] seed= 15 SP=1 P0= 37 P1= 23 (P0)  P0W=14 P1W=3 D=0  avgM=+6.82  t=84.2s elapsed=235s eta=1146s
[ 18/100] seed= 17 SP=1 P0= 16 P1=  4 (P0)  P0W=15 P1W=3 D=0  avgM=+7.11  t=50.9s elapsed=244s eta=1114s
[ 19/100] seed= 18 SP=1 P0= 25 P1= 24 (P0)  P0W=16 P1W=3 D=0  avgM=+6.79  t=52.0s elapsed=250s eta=1066s
[ 20/100] seed= 19 SP=1 P0= 29 P1= 29 (draw)  P0W=16 P1W=3 D=1  avgM=+6.45  t=45.4s elapsed=254s eta=1015s
[ 21/100] seed= 20 SP=1 P0= 30 P1= 24 (P0)  P0W=17 P1W=3 D=1  avgM=+6.43  t=49.4s elapsed=284s eta=1069s
[ 22/100] seed= 21 SP=0 P0= 24 P1= 23 (P0)  P0W=18 P1W=3 D=1  avgM=+6.18  t=49.9s elapsed=294s eta=1044s
[ 23/100] seed= 23 SP=0 P0= 24 P1= 19 (P0)  P0W=19 P1W=3 D=1  avgM=+6.13  t=52.4s elapsed=306s eta=1025s
[ 24/100] seed= 24 SP=0 P0= 12 P1= 13 (P1)  P0W=19 P1W=4 D=1  avgM=+5.83  t=36.4s elapsed=321s eta=1015s
[ 25/100] seed= 22 SP=1 P0= 29 P1= 23 (P0)  P0W=20 P1W=4 D=1  avgM=+5.84  t=73.7s elapsed=324s eta=971s
[ 26/100] seed= 25 SP=1 P0= 18 P1= 26 (P1)  P0W=20 P1W=5 D=1  avgM=+5.31  t=46.7s elapsed=341s eta=971s
[ 27/100] seed= 26 SP=1 P0= 24 P1= 20 (P0)  P0W=21 P1W=5 D=1  avgM=+5.26  t=48.0s elapsed=354s eta=958s
[ 28/100] seed= 27 SP=0 P0= 24 P1= 16 (P0)  P0W=22 P1W=5 D=1  avgM=+5.36  t=48.3s elapsed=369s eta=949s
[ 29/100] seed= 28 SP=1 P0= 26 P1= 25 (P0)  P0W=23 P1W=5 D=1  avgM=+5.21  t=45.9s elapsed=370s eta=905s
[ 30/100] seed= 29 SP=1 P0= 24 P1= 17 (P0)  P0W=24 P1W=5 D=1  avgM=+5.27  t=60.5s elapsed=402s eta=937s
[ 31/100] seed= 31 SP=1 P0= 25 P1= 24 (P0)  P0W=25 P1W=5 D=1  avgM=+5.13  t=47.3s elapsed=416s eta=926s
[ 32/100] seed= 30 SP=0 P0= 37 P1= 13 (P0)  P0W=26 P1W=5 D=1  avgM=+5.72  t=68.5s elapsed=423s eta=898s
[ 33/100] seed= 32 SP=1 P0= 27 P1= 23 (P0)  P0W=27 P1W=5 D=1  avgM=+5.67  t=56.5s elapsed=426s eta=865s
[ 34/100] seed= 33 SP=1 P0=  4 P1= 11 (P1)  P0W=27 P1W=6 D=1  avgM=+5.29  t=42.2s elapsed=444s eta=862s
[ 35/100] seed= 34 SP=0 P0= 18 P1=-35 (P0)  P0W=28 P1W=6 D=1  avgM=+6.66  t=50.6s elapsed=467s eta=867s
[ 36/100] seed= 35 SP=0 P0= 28 P1= 23 (P0)  P0W=29 P1W=6 D=1  avgM=+6.61  t=47.6s elapsed=470s eta=836s
[ 37/100] seed= 36 SP=0 P0= 18 P1= 25 (P1)  P0W=29 P1W=7 D=1  avgM=+6.24  t=47.3s elapsed=473s eta=806s
[ 38/100] seed= 37 SP=0 P0= 18 P1= 33 (P1)  P0W=29 P1W=8 D=1  avgM=+5.68  t=29.6s elapsed=473s eta=772s
[ 39/100] seed= 39 SP=1 P0= 25 P1= 25 (P0)  P0W=30 P1W=8 D=1  avgM=+5.54  t=45.6s elapsed=516s eta=807s
[ 40/100] seed= 38 SP=0 P0= 31 P1= 18 (P0)  P0W=31 P1W=8 D=1  avgM=+5.72  t=51.4s elapsed=518s eta=777s
[ 41/100] seed= 40 SP=1 P0= 23 P1= 21 (P0)  P0W=32 P1W=8 D=1  avgM=+5.63  t=50.3s elapsed=524s eta=754s
[ 42/100] seed= 41 SP=1 P0= 27 P1= 14 (P0)  P0W=33 P1W=8 D=1  avgM=+5.81  t=59.3s elapsed=533s eta=736s
[ 43/100] seed= 42 SP=0 P0= 31 P1= 24 (P0)  P0W=34 P1W=8 D=1  avgM=+5.84  t=44.9s elapsed=561s eta=743s
[ 44/100] seed= 44 SP=1 P0= 28 P1= 22 (P0)  P0W=35 P1W=8 D=1  avgM=+5.84  t=37.7s elapsed=561s eta=714s
[ 45/100] seed= 43 SP=1 P0= 29 P1=  4 (P0)  P0W=36 P1W=8 D=1  avgM=+6.27  t=45.9s elapsed=564s eta=690s
[ 46/100] seed= 45 SP=1 P0= 33 P1= 24 (P0)  P0W=37 P1W=8 D=1  avgM=+6.33  t=71.6s elapsed=604s eta=709s
[ 47/100] seed= 48 SP=0 P0= 26 P1= 24 (P0)  P0W=38 P1W=8 D=1  avgM=+6.23  t=49.2s elapsed=613s eta=692s
[ 48/100] seed= 46 SP=1 P0= 26 P1= 18 (P0)  P0W=39 P1W=8 D=1  avgM=+6.27  t=53.8s elapsed=615s eta=666s
[ 49/100] seed= 47 SP=0 P0= 32 P1= 24 (P0)  P0W=40 P1W=8 D=1  avgM=+6.31  t=65.5s elapsed=627s eta=652s
[ 50/100] seed= 49 SP=0 P0= 19 P1= 15 (P0)  P0W=41 P1W=8 D=1  avgM=+6.26  t=48.1s elapsed=652s eta=652s
[ 51/100] seed= 51 SP=0 P0= 15 P1= 16 (P1)  P0W=41 P1W=9 D=1  avgM=+6.12  t=50.4s elapsed=665s eta=639s
[ 52/100] seed= 50 SP=1 P0= 26 P1= 21 (P0)  P0W=42 P1W=9 D=1  avgM=+6.10  t=51.9s elapsed=665s eta=614s
[ 53/100] seed= 52 SP=1 P0= 35 P1= 18 (P0)  P0W=43 P1W=9 D=1  avgM=+6.30  t=61.5s elapsed=688s eta=610s
[ 54/100] seed= 53 SP=1 P0= 22 P1= 29 (P1)  P0W=43 P1W=10 D=1  avgM=+6.06  t=36.7s elapsed=689s eta=587s
[ 55/100] seed= 54 SP=0 P0= 24 P1= 23 (P0)  P0W=44 P1W=10 D=1  avgM=+5.96  t=52.9s elapsed=718s eta=587s
[ 56/100] seed= 56 SP=0 P0= 28 P1= 27 (P0)  P0W=45 P1W=10 D=1  avgM=+5.88  t=37.9s elapsed=726s eta=571s
[ 57/100] seed= 55 SP=1 P0= 34 P1= 11 (P0)  P0W=46 P1W=10 D=1  avgM=+6.18  t=61.0s elapsed=726s eta=548s
[ 58/100] seed= 57 SP=0 P0= 30 P1= 20 (P0)  P0W=47 P1W=10 D=1  avgM=+6.24  t=54.2s elapsed=743s eta=538s
[ 59/100] seed= 58 SP=1 P0= 29 P1= 21 (P0)  P0W=48 P1W=10 D=1  avgM=+6.27  t=44.4s elapsed=762s eta=530s
[ 60/100] seed= 59 SP=1 P0= 24 P1= 26 (P1)  P0W=48 P1W=11 D=1  avgM=+6.13  t=47.8s elapsed=774s eta=516s
[ 61/100] seed= 61 SP=0 P0= 21 P1= 21 (P1)  P0W=48 P1W=12 D=1  avgM=+6.03  t=38.3s elapsed=782s eta=500s
[ 62/100] seed= 60 SP=0 P0= 32 P1= 17 (P0)  P0W=49 P1W=12 D=1  avgM=+6.18  t=63.8s elapsed=790s eta=484s
[ 63/100] seed= 62 SP=0 P0= 24 P1= 19 (P0)  P0W=50 P1W=12 D=1  avgM=+6.16  t=41.8s elapsed=804s eta=472s
[ 64/100] seed= 63 SP=0 P0= 29 P1= 23 (P0)  P0W=51 P1W=12 D=1  avgM=+6.16  t=52.9s elapsed=827s eta=465s
[ 65/100] seed= 64 SP=1 P0= 34 P1= 21 (P0)  P0W=52 P1W=12 D=1  avgM=+6.26  t=54.6s elapsed=836s eta=450s
[ 66/100] seed= 65 SP=0 P0= 29 P1= 17 (P0)  P0W=53 P1W=12 D=1  avgM=+6.35  t=56.2s elapsed=846s eta=436s
[ 67/100] seed= 66 SP=1 P0= 32 P1= 16 (P0)  P0W=54 P1W=12 D=1  avgM=+6.49  t=49.3s elapsed=853s eta=420s
[ 68/100] seed= 68 SP=0 P0= 27 P1= 24 (P0)  P0W=55 P1W=12 D=1  avgM=+6.44  t=40.8s elapsed=877s eta=413s
[ 69/100] seed= 67 SP=1 P0= 27 P1= 24 (P0)  P0W=56 P1W=12 D=1  avgM=+6.39  t=50.2s elapsed=877s eta=394s
[ 70/100] seed= 69 SP=0 P0= 27 P1= 16 (P0)  P0W=57 P1W=12 D=1  avgM=+6.46  t=45.6s elapsed=892s eta=382s
[ 71/100] seed= 70 SP=1 P0= 13 P1= 29 (P1)  P0W=57 P1W=13 D=1  avgM=+6.14  t=44.8s elapsed=898s eta=367s
[ 72/100] seed= 74 SP=0 P0= 29 P1= 26 (P0)  P0W=58 P1W=13 D=1  avgM=+6.10  t=44.9s elapsed=943s eta=367s
[ 73/100] seed= 73 SP=1 P0= 35 P1= 25 (P0)  P0W=59 P1W=13 D=1  avgM=+6.15  t=51.8s elapsed=944s eta=349s
[ 74/100] seed= 71 SP=1 P0= 36 P1= 23 (P0)  P0W=60 P1W=13 D=1  avgM=+6.24  t=95.0s elapsed=972s eta=342s
[ 75/100] seed= 76 SP=1 P0= 19 P1= 33 (P1)  P0W=60 P1W=14 D=1  avgM=+5.97  t=46.2s elapsed=990s eta=330s
[ 76/100] seed= 75 SP=1 P0= 27 P1= 21 (P0)  P0W=61 P1W=14 D=1  avgM=+5.97  t=49.4s elapsed=993s eta=313s
[ 77/100] seed= 72 SP=1 P0= 35 P1= 11 (P0)  P0W=62 P1W=14 D=1  avgM=+6.21  t=129.0s elapsed=1006s eta=301s
[ 78/100] seed= 77 SP=0 P0= 27 P1= 25 (P0)  P0W=63 P1W=14 D=1  avgM=+6.15  t=48.7s elapsed=1021s eta=288s
[ 79/100] seed= 79 SP=0 P0= 26 P1= 26 (P0)  P0W=64 P1W=14 D=1  avgM=+6.08  t=41.4s elapsed=1034s eta=275s
[ 80/100] seed= 78 SP=1 P0= 28 P1= 29 (P1)  P0W=64 P1W=15 D=1  avgM=+5.99  t=47.5s elapsed=1037s eta=259s
[ 81/100] seed= 80 SP=1 P0= 30 P1= 26 (P0)  P0W=65 P1W=15 D=1  avgM=+5.96  t=37.0s elapsed=1043s eta=245s
[ 82/100] seed= 81 SP=0 P0= 24 P1= 10 (P0)  P0W=66 P1W=15 D=1  avgM=+6.06  t=43.4s elapsed=1064s eta=234s
[ 83/100] seed= 82 SP=1 P0= 35 P1= 22 (P0)  P0W=67 P1W=15 D=1  avgM=+6.14  t=50.1s elapsed=1084s eta=222s
[ 84/100] seed= 83 SP=1 P0= 31 P1= 28 (P0)  P0W=68 P1W=15 D=1  avgM=+6.11  t=55.9s elapsed=1093s eta=208s
[ 85/100] seed= 84 SP=1 P0= 31 P1= 29 (P0)  P0W=69 P1W=15 D=1  avgM=+6.06  t=80.9s elapsed=1124s eta=198s
[ 86/100] seed= 86 SP=1 P0= 30 P1= 26 (P0)  P0W=70 P1W=15 D=1  avgM=+6.03  t=67.0s elapsed=1151s eta=187s
[ 87/100] seed= 85 SP=1 P0= 29 P1= 32 (P1)  P0W=70 P1W=16 D=1  avgM=+5.93  t=87.9s elapsed=1152s eta=172s
[ 88/100] seed= 87 SP=1 P0= 14 P1= 32 (P1)  P0W=70 P1W=17 D=1  avgM=+5.66  t=59.4s elapsed=1153s eta=157s
[ 89/100] seed= 88 SP=1 P0= 28 P1= 26 (P0)  P0W=71 P1W=17 D=1  avgM=+5.62  t=55.6s elapsed=1180s eta=146s
[ 90/100] seed= 91 SP=1 P0= 28 P1= 18 (P0)  P0W=72 P1W=17 D=1  avgM=+5.67  t=53.1s elapsed=1206s eta=134s
[ 91/100] seed= 89 SP=1 P0= 26 P1= 18 (P0)  P0W=73 P1W=17 D=1  avgM=+5.69  t=61.5s elapsed=1212s eta=120s
[ 92/100] seed= 90 SP=1 P0= 38 P1= 22 (P0)  P0W=74 P1W=17 D=1  avgM=+5.80  t=68.8s elapsed=1221s eta=106s
[ 93/100] seed= 92 SP=0 P0= 29 P1= 19 (P0)  P0W=75 P1W=17 D=1  avgM=+5.85  t=61.6s elapsed=1241s eta=93s
[ 94/100] seed= 93 SP=1 P0= 29 P1= 27 (P0)  P0W=76 P1W=17 D=1  avgM=+5.81  t=49.1s elapsed=1255s eta=80s
[ 95/100] seed= 94 SP=0 P0= 31 P1= 18 (P0)  P0W=77 P1W=17 D=1  avgM=+5.88  t=47.5s elapsed=1260s eta=66s
[ 96/100] seed= 95 SP=0 P0= 27 P1= 22 (P0)  P0W=78 P1W=17 D=1  avgM=+5.88  t=48.2s elapsed=1269s eta=53s
[ 97/100] seed= 97 SP=0 P0= 30 P1= 28 (P0)  P0W=79 P1W=17 D=1  avgM=+5.84  t=43.1s elapsed=1298s eta=40s
[ 98/100] seed= 98 SP=0 P0= 29 P1= 24 (P0)  P0W=80 P1W=17 D=1  avgM=+5.83  t=38.5s elapsed=1298s eta=26s
[ 99/100] seed= 96 SP=1 P0= 30 P1= 32 (P1)  P0W=80 P1W=18 D=1  avgM=+5.75  t=57.8s elapsed=1299s eta=13s
[100/100] seed= 99 SP=1 P0= 11 P1= 22 (P1)  P0W=80 P1W=19 D=1  avgM=+5.58  t=32.5s elapsed=1302s eta=0s

Final: P0=80  P1=19  D=1  avg margin (P0-P1)=+5.58
Total elapsed: 1302s (13.0s/game avg)
