NN match: P0=mcts vs P1=mcts
  P0 model: /Users/hunterwieman/Desktop/Agricola/AgricolaBot/nn_models/M_10k_standard_bimodal/best.pt
  P1 model: /Users/hunterwieman/Desktop/Agricola/AgricolaBot/nn_models/M_10k_S1_winprob/best.pt
  sims:     500 (mcts seats only)
  c_uct:    0.0612
  n_random_fencing: 4
  fpu_offset: 0.0
  mcts_temperature: 0.2
  nn_temperature: 0.0
  games:    100 (seeds 0..99)
  jobs:     4

/Users/hunterwieman/miniconda3/lib/python3.10/site-packages/torch/_utils.py:783: UserWarning: TypedStorage is deprecated. It will be removed in the future and UntypedStorage will be the only storage class. This should only matter to you if you are using storages directly.  To access UntypedStorage directly, use tensor.untyped_storage() instead of tensor.storage()
  return self.fget.__get__(instance, owner)()
/Users/hunterwieman/miniconda3/lib/python3.10/site-packages/torch/_utils.py:783: UserWarning: TypedStorage is deprecated. It will be removed in the future and UntypedStorage will be the only storage class. This should only matter to you if you are using storages directly.  To access UntypedStorage directly, use tensor.untyped_storage() instead of tensor.storage()
  return self.fget.__get__(instance, owner)()
/Users/hunterwieman/miniconda3/lib/python3.10/site-packages/torch/_utils.py:783: UserWarning: TypedStorage is deprecated. It will be removed in the future and UntypedStorage will be the only storage class. This should only matter to you if you are using storages directly.  To access UntypedStorage directly, use tensor.untyped_storage() instead of tensor.storage()
  return self.fget.__get__(instance, owner)()
/Users/hunterwieman/miniconda3/lib/python3.10/site-packages/torch/_utils.py:783: UserWarning: TypedStorage is deprecated. It will be removed in the future and UntypedStorage will be the only storage class. This should only matter to you if you are using storages directly.  To access UntypedStorage directly, use tensor.untyped_storage() instead of tensor.storage()
  return self.fget.__get__(instance, owner)()
[  1/100] seed=  2 SP=1 P0= 30 P1= 15 (P0)  P0W=1 P1W=0 D=0  avgM=+15.00  t=81.7s elapsed=83s eta=8248s
[  2/100] seed=  1 SP=0 P0= 20 P1= 27 (P1)  P0W=1 P1W=1 D=0  avgM=+4.00  t=88.5s elapsed=90s eta=4412s
[  3/100] seed=  3 SP=1 P0= 23 P1= 19 (P0)  P0W=2 P1W=1 D=0  avgM=+4.00  t=89.1s elapsed=91s eta=2933s
[  4/100] seed=  0 SP=1 P0= 27 P1= 29 (P1)  P0W=2 P1W=2 D=0  avgM=+2.50  t=92.2s elapsed=94s eta=2249s
[  5/100] seed=  4 SP=1 P0= 27 P1= 26 (P0)  P0W=3 P1W=2 D=0  avgM=+2.20  t=76.1s elapsed=159s eta=3029s
[  6/100] seed=  6 SP=0 P0= 24 P1= 24 (P1)  P0W=3 P1W=3 D=0  avgM=+1.83  t=78.8s elapsed=170s eta=2656s
[  7/100] seed=  7 SP=1 P0= 26 P1= 25 (P0)  P0W=4 P1W=3 D=0  avgM=+1.71  t=84.3s elapsed=178s eta=2365s
[  8/100] seed=  5 SP=1 P0= 27 P1= 30 (P1)  P0W=4 P1W=4 D=0  avgM=+1.12  t=98.7s elapsed=189s eta=2170s
[  9/100] seed=  8 SP=1 P0= 28 P1= 31 (P1)  P0W=4 P1W=5 D=0  avgM=+0.67  t=95.9s elapsed=255s eta=2581s
[ 10/100] seed=  9 SP=0 P0= 31 P1= 29 (P0)  P0W=5 P1W=5 D=0  avgM=+0.80  t=91.2s elapsed=261s eta=2347s
[ 11/100] seed= 10 SP=1 P0= 30 P1= 36 (P1)  P0W=5 P1W=6 D=0  avgM=+0.18  t=103.0s elapsed=281s eta=2274s
[ 12/100] seed= 11 SP=0 P0= 23 P1= 24 (P1)  P0W=5 P1W=7 D=0  avgM=+0.08  t=109.2s elapsed=298s eta=2185s
[ 13/100] seed= 12 SP=1 P0= 22 P1= 20 (P0)  P0W=6 P1W=7 D=0  avgM=+0.23  t=78.6s elapsed=334s eta=2234s
[ 14/100] seed= 13 SP=1 P0= 29 P1= 15 (P0)  P0W=7 P1W=7 D=0  avgM=+1.21  t=78.8s elapsed=340s eta=2086s
[ 15/100] seed= 14 SP=0 P0= 23 P1= 26 (P1)  P0W=7 P1W=8 D=0  avgM=+0.93  t=88.1s elapsed=369s eta=2092s
[ 16/100] seed= 15 SP=1 P0= 19 P1= 22 (P1)  P0W=7 P1W=9 D=0  avgM=+0.69  t=84.8s elapsed=383s eta=2010s
[ 17/100] seed= 17 SP=1 P0= 27 P1= 17 (P0)  P0W=8 P1W=9 D=0  avgM=+1.24  t=81.3s elapsed=421s eta=2055s
[ 18/100] seed= 18 SP=1 P0= 17 P1= 19 (P1)  P0W=8 P1W=10 D=0  avgM=+1.06  t=67.0s elapsed=436s eta=1987s
[ 19/100] seed= 16 SP=1 P0= 17 P1= 19 (P1)  P0W=8 P1W=11 D=0  avgM=+0.89  t=115.2s elapsed=449s eta=1914s
[ 20/100] seed= 19 SP=1 P0= 17 P1= 24 (P1)  P0W=8 P1W=12 D=0  avgM=+0.50  t=74.6s elapsed=457s eta=1829s
[ 21/100] seed= 20 SP=1 P0= 28 P1= 26 (P0)  P0W=9 P1W=12 D=0  avgM=+0.57  t=79.1s elapsed=500s eta=1881s
[ 22/100] seed= 21 SP=0 P0= 16 P1= 14 (P0)  P0W=10 P1W=12 D=0  avgM=+0.64  t=68.6s elapsed=505s eta=1790s
[ 23/100] seed= 22 SP=1 P0= 18 P1= 17 (P0)  P0W=11 P1W=12 D=0  avgM=+0.65  t=80.7s elapsed=530s eta=1773s
[ 24/100] seed= 23 SP=0 P0= 18 P1= 21 (P1)  P0W=11 P1W=13 D=0  avgM=+0.50  t=90.4s elapsed=548s eta=1735s
[ 25/100] seed= 24 SP=0 P0= 22 P1= 23 (P1)  P0W=11 P1W=14 D=0  avgM=+0.44  t=74.1s elapsed=574s eta=1722s
[ 26/100] seed= 25 SP=1 P0= 28 P1= 19 (P0)  P0W=12 P1W=14 D=0  avgM=+0.77  t=73.3s elapsed=578s eta=1645s
[ 27/100] seed= 26 SP=1 P0= 24 P1= 22 (P0)  P0W=13 P1W=14 D=0  avgM=+0.81  t=79.1s elapsed=609s eta=1646s
[ 28/100] seed= 27 SP=0 P0= 17 P1= 18 (P1)  P0W=13 P1W=15 D=0  avgM=+0.75  t=67.1s elapsed=615s eta=1581s
[ 29/100] seed= 28 SP=1 P0= 18 P1= 19 (P1)  P0W=13 P1W=16 D=0  avgM=+0.69  t=69.7s elapsed=644s eta=1576s
[ 30/100] seed= 29 SP=1 P0= 22 P1= 26 (P1)  P0W=13 P1W=17 D=0  avgM=+0.53  t=74.5s elapsed=653s eta=1523s
[ 31/100] seed= 30 SP=0 P0= 19 P1= 22 (P1)  P0W=13 P1W=18 D=0  avgM=+0.42  t=70.2s elapsed=679s eta=1511s
[ 32/100] seed= 31 SP=1 P0= 25 P1= 27 (P1)  P0W=13 P1W=19 D=0  avgM=+0.34  t=76.9s elapsed=692s eta=1470s
[ 33/100] seed= 32 SP=1 P0= 27 P1= 29 (P1)  P0W=13 P1W=20 D=0  avgM=+0.27  t=75.2s elapsed=719s eta=1460s
[ 34/100] seed= 33 SP=1 P0= 26 P1= 26 (P0)  P0W=14 P1W=20 D=0  avgM=+0.26  t=83.2s elapsed=736s eta=1428s
[ 35/100] seed= 34 SP=0 P0= 25 P1= 25 (P0)  P0W=15 P1W=20 D=0  avgM=+0.26  t=84.7s elapsed=764s eta=1418s
[ 36/100] seed= 35 SP=0 P0= 18 P1= 21 (P1)  P0W=15 P1W=21 D=0  avgM=+0.17  t=76.5s elapsed=768s eta=1366s
[ 37/100] seed= 36 SP=0 P0= 18 P1= 16 (P0)  P0W=16 P1W=21 D=0  avgM=+0.22  t=70.1s elapsed=789s eta=1344s
[ 38/100] seed= 37 SP=0 P0= 24 P1= 25 (P1)  P0W=16 P1W=22 D=0  avgM=+0.18  t=77.6s elapsed=813s eta=1327s
[ 39/100] seed= 38 SP=0 P0= 24 P1= 21 (P0)  P0W=17 P1W=22 D=0  avgM=+0.26  t=69.7s elapsed=833s eta=1303s
[ 40/100] seed= 39 SP=1 P0= 41 P1= 13 (P0)  P0W=18 P1W=22 D=0  avgM=+0.95  t=91.5s elapsed=860s eta=1290s
[ 41/100] seed= 40 SP=1 P0= 19 P1= 22 (P1)  P0W=18 P1W=23 D=0  avgM=+0.85  t=75.7s elapsed=865s eta=1245s
[ 42/100] seed= 41 SP=1 P0= 14 P1= 24 (P1)  P0W=18 P1W=24 D=0  avgM=+0.60  t=69.1s elapsed=882s eta=1219s
[ 43/100] seed= 42 SP=0 P0= 10 P1= 10 (P1)  P0W=18 P1W=25 D=0  avgM=+0.58  t=66.7s elapsed=900s eta=1193s
[ 44/100] seed= 44 SP=1 P0= 20 P1= 19 (P0)  P0W=19 P1W=25 D=0  avgM=+0.59  t=75.6s elapsed=940s eta=1197s
[ 45/100] seed= 43 SP=1 P0= 29 P1= 27 (P0)  P0W=20 P1W=25 D=0  avgM=+0.62  t=82.0s elapsed=942s eta=1151s
[ 46/100] seed= 45 SP=1 P0= 24 P1= 19 (P0)  P0W=21 P1W=25 D=0  avgM=+0.72  t=76.9s elapsed=959s eta=1126s
[ 47/100] seed= 46 SP=1 P0= 27 P1= 22 (P0)  P0W=22 P1W=25 D=0  avgM=+0.81  t=84.5s elapsed=985s eta=1110s
[ 48/100] seed= 48 SP=0 P0= 24 P1= 22 (P0)  P0W=23 P1W=25 D=0  avgM=+0.83  t=72.9s elapsed=1015s eta=1099s
[ 49/100] seed= 47 SP=0 P0= 24 P1= 19 (P0)  P0W=24 P1W=25 D=0  avgM=+0.92  t=86.6s elapsed=1027s eta=1069s
[ 50/100] seed= 49 SP=0 P0= 24 P1= 26 (P1)  P0W=24 P1W=26 D=0  avgM=+0.86  t=77.2s elapsed=1037s eta=1037s
[ 51/100] seed= 50 SP=1 P0= 21 P1= 26 (P1)  P0W=24 P1W=27 D=0  avgM=+0.75  t=77.8s elapsed=1062s eta=1021s
[ 52/100] seed= 51 SP=0 P0= 22 P1= 31 (P1)  P0W=24 P1W=28 D=0  avgM=+0.56  t=86.1s elapsed=1101s eta=1016s
[ 53/100] seed= 52 SP=1 P0= 26 P1= 28 (P1)  P0W=24 P1W=29 D=0  avgM=+0.51  t=84.5s elapsed=1112s eta=986s
[ 54/100] seed= 53 SP=1 P0= 23 P1= 25 (P1)  P0W=24 P1W=30 D=0  avgM=+0.46  t=76.8s elapsed=1113s eta=948s
[ 55/100] seed= 54 SP=0 P0= 20 P1= 12 (P0)  P0W=25 P1W=30 D=0  avgM=+0.60  t=71.8s elapsed=1134s eta=928s
[ 56/100] seed= 56 SP=0 P0= 24 P1= 17 (P0)  P0W=26 P1W=30 D=0  avgM=+0.71  t=76.0s elapsed=1188s eta=933s
[ 57/100] seed= 57 SP=0 P0= 18 P1= 20 (P1)  P0W=26 P1W=31 D=0  avgM=+0.67  t=78.7s elapsed=1192s eta=899s
[ 58/100] seed= 55 SP=1 P0= 25 P1= 29 (P1)  P0W=26 P1W=32 D=0  avgM=+0.59  t=95.2s elapsed=1196s eta=866s
[ 59/100] seed= 58 SP=1 P0= 13 P1= 21 (P1)  P0W=26 P1W=33 D=0  avgM=+0.44  t=78.8s elapsed=1213s eta=843s
[ 60/100] seed= 60 SP=0 P0= 14 P1= 16 (P1)  P0W=26 P1W=34 D=0  avgM=+0.40  t=56.6s elapsed=1249s eta=833s
[ 61/100] seed= 61 SP=0 P0= 20 P1= 21 (P1)  P0W=26 P1W=35 D=0  avgM=+0.38  t=84.9s elapsed=1281s eta=819s
[ 62/100] seed= 62 SP=0 P0= 19 P1= 22 (P1)  P0W=26 P1W=36 D=0  avgM=+0.32  t=75.9s elapsed=1289s eta=790s
[ 63/100] seed= 59 SP=1 P0= 33 P1= 19 (P0)  P0W=27 P1W=36 D=0  avgM=+0.54  t=136.8s elapsed=1324s eta=778s
[ 64/100] seed= 63 SP=0 P0= 24 P1= 22 (P0)  P0W=28 P1W=36 D=0  avgM=+0.56  t=92.0s elapsed=1341s eta=754s
[ 65/100] seed= 64 SP=1 P0= 21 P1= 24 (P1)  P0W=28 P1W=37 D=0  avgM=+0.51  t=102.2s elapsed=1383s eta=745s
[ 66/100] seed= 65 SP=0 P0= 26 P1= 26 (P1)  P0W=28 P1W=38 D=0  avgM=+0.50  t=96.3s elapsed=1385s eta=714s
[ 67/100] seed= 66 SP=1 P0= 17 P1= 12 (P0)  P0W=29 P1W=38 D=0  avgM=+0.57  t=79.6s elapsed=1404s eta=692s
[ 68/100] seed= 67 SP=1 P0= 17 P1= 25 (P1)  P0W=29 P1W=39 D=0  avgM=+0.44  t=72.7s elapsed=1413s eta=665s
[ 69/100] seed= 69 SP=0 P0= 29 P1= 26 (P0)  P0W=30 P1W=39 D=0  avgM=+0.48  t=81.3s elapsed=1466s eta=659s
[ 70/100] seed= 70 SP=1 P0= 18 P1= 28 (P1)  P0W=30 P1W=40 D=0  avgM=+0.33  t=73.9s elapsed=1478s eta=633s
[ 71/100] seed= 68 SP=0 P0= 25 P1= 25 (P0)  P0W=31 P1W=40 D=0  avgM=+0.32  t=96.1s elapsed=1479s eta=604s
[ 72/100] seed= 71 SP=1 P0= 12 P1= -9 (P0)  P0W=32 P1W=40 D=0  avgM=+0.61  t=107.9s elapsed=1521s eta=592s
[ 73/100] seed= 72 SP=1 P0= 12 P1= 22 (P1)  P0W=32 P1W=41 D=0  avgM=+0.47  t=68.2s elapsed=1535s eta=568s
[ 74/100] seed= 74 SP=0 P0= 26 P1= 23 (P0)  P0W=33 P1W=41 D=0  avgM=+0.50  t=82.2s elapsed=1562s eta=549s
[ 75/100] seed= 73 SP=1 P0= 27 P1= 18 (P0)  P0W=34 P1W=41 D=0  avgM=+0.61  t=92.6s elapsed=1571s eta=524s
[ 76/100] seed= 76 SP=1 P0= 25 P1= 28 (P1)  P0W=34 P1W=42 D=0  avgM=+0.57  t=89.9s elapsed=1625s eta=513s
[ 77/100] seed= 75 SP=1 P0= 22 P1= 21 (P0)  P0W=35 P1W=42 D=0  avgM=+0.57  t=103.6s elapsed=1625s eta=485s
[ 78/100] seed= 77 SP=0 P0= 14 P1= 18 (P1)  P0W=35 P1W=43 D=0  avgM=+0.51  t=73.5s elapsed=1635s eta=461s
[ 79/100] seed= 78 SP=1 P0= 20 P1= 19 (P0)  P0W=36 P1W=43 D=0  avgM=+0.52  t=80.7s elapsed=1651s eta=439s
[ 80/100] seed= 80 SP=1 P0= 14 P1= 21 (P1)  P0W=36 P1W=44 D=0  avgM=+0.42  t=69.6s elapsed=1695s eta=424s
[ 81/100] seed= 79 SP=0 P0= 24 P1= 22 (P0)  P0W=37 P1W=44 D=0  avgM=+0.44  t=83.2s elapsed=1708s eta=401s
[ 82/100] seed= 82 SP=1 P0= 22 P1= 19 (P0)  P0W=38 P1W=44 D=0  avgM=+0.48  t=72.4s elapsed=1724s eta=378s
[ 83/100] seed= 81 SP=0 P0= 25 P1= 23 (P0)  P0W=39 P1W=44 D=0  avgM=+0.49  t=95.5s elapsed=1731s eta=354s
[ 84/100] seed= 83 SP=1 P0= 26 P1= 19 (P0)  P0W=40 P1W=44 D=0  avgM=+0.57  t=81.4s elapsed=1776s eta=338s
[ 85/100] seed= 84 SP=1 P0= 25 P1= 25 (P0)  P0W=41 P1W=44 D=0  avgM=+0.56  t=88.9s elapsed=1797s eta=317s
[ 86/100] seed= 86 SP=1 P0= 24 P1= 20 (P0)  P0W=42 P1W=44 D=0  avgM=+0.60  t=76.7s elapsed=1807s eta=294s
[ 87/100] seed= 85 SP=1 P0= 29 P1= 24 (P0)  P0W=43 P1W=44 D=0  avgM=+0.66  t=99.3s elapsed=1823s eta=272s
[ 88/100] seed= 87 SP=1 P0= 16 P1= 25 (P1)  P0W=43 P1W=45 D=0  avgM=+0.55  t=77.0s elapsed=1853s eta=253s
[ 89/100] seed= 88 SP=1 P0= 19 P1= 26 (P1)  P0W=43 P1W=46 D=0  avgM=+0.46  t=85.8s elapsed=1882s eta=233s
[ 90/100] seed= 89 SP=1 P0= 22 P1= 25 (P1)  P0W=43 P1W=47 D=0  avgM=+0.42  t=99.3s elapsed=1906s eta=212s
[ 91/100] seed= 90 SP=1 P0= 27 P1= 23 (P0)  P0W=44 P1W=47 D=0  avgM=+0.46  t=98.8s elapsed=1922s eta=190s
[ 92/100] seed= 91 SP=1 P0= 14 P1= 17 (P1)  P0W=44 P1W=48 D=0  avgM=+0.42  t=70.6s elapsed=1924s eta=167s
[ 93/100] seed= 92 SP=0 P0= 33 P1= 14 (P0)  P0W=45 P1W=48 D=0  avgM=+0.62  t=112.4s elapsed=1995s eta=150s
[ 94/100] seed= 93 SP=1 P0= 24 P1= 17 (P0)  P0W=46 P1W=48 D=0  avgM=+0.69  t=95.2s elapsed=2002s eta=128s
[ 95/100] seed= 94 SP=0 P0= 28 P1= 26 (P0)  P0W=47 P1W=48 D=0  avgM=+0.71  t=104.6s elapsed=2026s eta=107s
[ 96/100] seed= 95 SP=0 P0= 26 P1= 30 (P1)  P0W=47 P1W=49 D=0  avgM=+0.66  t=104.1s elapsed=2028s eta=84s
[ 97/100] seed= 96 SP=1 P0= 27 P1= 13 (P0)  P0W=48 P1W=49 D=0  avgM=+0.79  t=98.1s elapsed=2093s eta=65s
[ 98/100] seed= 97 SP=0 P0= 19 P1= 25 (P1)  P0W=48 P1W=50 D=0  avgM=+0.72  t=110.3s elapsed=2112s eta=43s
[ 99/100] seed= 99 SP=1 P0= 22 P1= 20 (P0)  P0W=49 P1W=50 D=0  avgM=+0.74  t=84.6s elapsed=2112s eta=21s
[100/100] seed= 98 SP=0 P0= 13 P1= 18 (P1)  P0W=49 P1W=51 D=0  avgM=+0.68  t=90.4s elapsed=2117s eta=0s

Final: P0=49  P1=51  D=0  avg margin (P0-P1)=+0.68
Total elapsed: 2117s (21.2s/game avg)
