NN match: P0=nn vs P1=nn
  P0 model: nn_models/M_55k_all/best.pt
  P1 model: nn_models/M_55k_all/epoch_47.pt
  sims:     500 (mcts seats only)
  c_uct:    1.4
  n_random_fencing: 4
  fpu_offset: 0.0
  mcts_temperature: 0.2
  nn_temperature: 0.0
  games:    300 (seeds 100..399)
  jobs:     4

lib/python3.10/site-packages/torch/_utils.py:783: UserWarning: TypedStorage is deprecated. It will be removed in the future and UntypedStorage will be the only storage class. This should only matter to you if you are using storages directly.  To access UntypedStorage directly, use tensor.untyped_storage() instead of tensor.storage()
  return self.fget.__get__(instance, owner)()
lib/python3.10/site-packages/torch/_utils.py:783: UserWarning: TypedStorage is deprecated. It will be removed in the future and UntypedStorage will be the only storage class. This should only matter to you if you are using storages directly.  To access UntypedStorage directly, use tensor.untyped_storage() instead of tensor.storage()
  return self.fget.__get__(instance, owner)()
lib/python3.10/site-packages/torch/_utils.py:783: UserWarning: TypedStorage is deprecated. It will be removed in the future and UntypedStorage will be the only storage class. This should only matter to you if you are using storages directly.  To access UntypedStorage directly, use tensor.untyped_storage() instead of tensor.storage()
  return self.fget.__get__(instance, owner)()
lib/python3.10/site-packages/torch/_utils.py:783: UserWarning: TypedStorage is deprecated. It will be removed in the future and UntypedStorage will be the only storage class. This should only matter to you if you are using storages directly.  To access UntypedStorage directly, use tensor.untyped_storage() instead of tensor.storage()
  return self.fget.__get__(instance, owner)()
[  1/300] seed=103 SP=1 P0= 29 P1= 21 (P0)  P0W=1 P1W=0 D=0  avgM=+8.00  t=1.0s elapsed=3s eta=752s
[  2/300] seed=102 SP=0 P0= 22 P1= 36 (P1)  P0W=1 P1W=1 D=0  avgM=-3.00  t=1.1s elapsed=3s eta=391s
[  3/300] seed=101 SP=0 P0= 28 P1= 34 (P1)  P0W=1 P1W=2 D=0  avgM=-4.00  t=1.3s elapsed=3s eta=271s
[  4/300] seed=100 SP=1 P0= 32 P1= 20 (P0)  P0W=2 P1W=2 D=0  avgM=+0.00  t=1.9s elapsed=3s eta=250s
[  5/300] seed=106 SP=1 P0= 24 P1= 29 (P1)  P0W=2 P1W=3 D=0  avgM=-1.00  t=1.0s elapsed=4s eta=218s
[  6/300] seed=105 SP=0 P0= 26 P1= 31 (P1)  P0W=2 P1W=4 D=0  avgM=-1.67  t=1.1s elapsed=4s eta=183s
[  7/300] seed=104 SP=1 P0= 28 P1= 31 (P1)  P0W=2 P1W=5 D=0  avgM=-1.86  t=1.2s elapsed=4s eta=157s
[  8/300] seed=107 SP=0 P0= 30 P1= 25 (P0)  P0W=3 P1W=5 D=0  avgM=-1.00  t=1.6s elapsed=5s eta=180s
[  9/300] seed=109 SP=1 P0= 26 P1= 28 (P1)  P0W=3 P1W=6 D=0  avgM=-1.11  t=1.3s elapsed=5s eta=162s
[ 10/300] seed=110 SP=1 P0= 29 P1= 24 (P0)  P0W=4 P1W=6 D=0  avgM=-0.50  t=1.7s elapsed=5s eta=159s
[ 11/300] seed=111 SP=0 P0= 25 P1= 25 (P1)  P0W=4 P1W=7 D=0  avgM=-0.45  t=0.7s elapsed=6s eta=149s
[ 12/300] seed=112 SP=0 P0= 24 P1= 16 (P0)  P0W=5 P1W=7 D=0  avgM=+0.25  t=1.2s elapsed=6s eta=148s
[ 13/300] seed=108 SP=0 P0= 39 P1= 20 (P0)  P0W=6 P1W=7 D=0  avgM=+1.69  t=3.1s elapsed=7s eta=151s
[ 14/300] seed=113 SP=0 P0= 27 P1= 31 (P1)  P0W=6 P1W=8 D=0  avgM=+1.29  t=1.4s elapsed=7s eta=140s
[ 15/300] seed=115 SP=1 P0= 26 P1= 30 (P1)  P0W=6 P1W=9 D=0  avgM=+0.93  t=1.6s elapsed=8s eta=148s
[ 16/300] seed=117 SP=0 P0= 26 P1= 35 (P1)  P0W=6 P1W=10 D=0  avgM=+0.31  t=1.2s elapsed=8s eta=144s
[ 17/300] seed=114 SP=0 P0= 35 P1= 32 (P0)  P0W=7 P1W=10 D=0  avgM=+0.47  t=2.5s elapsed=8s eta=135s
[ 18/300] seed=116 SP=0 P0=  8 P1= 10 (P1)  P0W=7 P1W=11 D=0  avgM=+0.33  t=1.4s elapsed=8s eta=128s
[ 19/300] seed=118 SP=0 P0= 29 P1= 31 (P1)  P0W=7 P1W=12 D=0  avgM=+0.21  t=0.9s elapsed=9s eta=129s
[ 20/300] seed=120 SP=0 P0= 26 P1= 26 (P0)  P0W=8 P1W=12 D=0  avgM=+0.20  t=0.8s elapsed=9s eta=125s
[ 21/300] seed=121 SP=0 P0= 19 P1= 23 (P1)  P0W=8 P1W=13 D=0  avgM=+0.00  t=1.0s elapsed=9s eta=122s
[ 22/300] seed=119 SP=0 P0= 26 P1= 35 (P1)  P0W=8 P1W=14 D=0  avgM=-0.41  t=1.3s elapsed=9s eta=118s
[ 23/300] seed=123 SP=0 P0= 24 P1= 27 (P1)  P0W=8 P1W=15 D=0  avgM=-0.52  t=1.0s elapsed=10s eta=120s
[ 24/300] seed=122 SP=1 P0= 30 P1= 26 (P0)  P0W=9 P1W=15 D=0  avgM=-0.33  t=1.3s elapsed=10s eta=115s
[ 25/300] seed=126 SP=0 P0= 30 P1= 26 (P0)  P0W=10 P1W=15 D=0  avgM=-0.16  t=0.8s elapsed=11s eta=118s
[ 26/300] seed=124 SP=1 P0= 31 P1= 18 (P0)  P0W=11 P1W=15 D=0  avgM=+0.35  t=1.6s elapsed=11s eta=113s
[ 27/300] seed=127 SP=1 P0= 28 P1= 31 (P1)  P0W=11 P1W=16 D=0  avgM=+0.22  t=0.9s elapsed=11s eta=109s
[ 28/300] seed=128 SP=1 P0= 29 P1= 29 (P0)  P0W=12 P1W=16 D=0  avgM=+0.21  t=1.2s elapsed=12s eta=116s
[ 29/300] seed=130 SP=1 P0= 25 P1= 23 (P0)  P0W=13 P1W=16 D=0  avgM=+0.28  t=1.1s elapsed=12s eta=112s
[ 30/300] seed=125 SP=0 P0= 31 P1= 31 (draw)  P0W=13 P1W=16 D=1  avgM=+0.27  t=2.9s elapsed=12s eta=110s
[ 31/300] seed=129 SP=1 P0= 25 P1= 28 (P1)  P0W=13 P1W=17 D=1  avgM=+0.16  t=1.9s elapsed=13s eta=110s
[ 32/300] seed=133 SP=1 P0= 25 P1= 26 (P1)  P0W=13 P1W=18 D=1  avgM=+0.12  t=1.1s elapsed=13s eta=112s
[ 33/300] seed=132 SP=1 P0= 26 P1= 30 (P1)  P0W=13 P1W=19 D=1  avgM=+0.00  t=1.4s elapsed=13s eta=108s
[ 34/300] seed=134 SP=1 P0= 28 P1= 26 (P0)  P0W=14 P1W=19 D=1  avgM=+0.06  t=1.2s elapsed=14s eta=109s
[ 35/300] seed=135 SP=0 P0= 25 P1= 33 (P1)  P0W=14 P1W=20 D=1  avgM=-0.17  t=0.9s elapsed=14s eta=108s
[ 36/300] seed=137 SP=0 P0= 21 P1= 32 (P1)  P0W=14 P1W=21 D=1  avgM=-0.47  t=1.1s elapsed=15s eta=110s
[ 37/300] seed=136 SP=1 P0= 33 P1= 25 (P0)  P0W=15 P1W=21 D=1  avgM=-0.24  t=1.7s elapsed=15s eta=107s
[ 38/300] seed=138 SP=1 P0= 33 P1= 27 (P0)  P0W=16 P1W=21 D=1  avgM=-0.08  t=2.0s elapsed=16s eta=112s
[ 39/300] seed=140 SP=1 P0= 26 P1= 30 (P1)  P0W=16 P1W=22 D=1  avgM=-0.18  t=1.4s elapsed=16s eta=110s
[ 40/300] seed=141 SP=0 P0= 34 P1= 22 (P0)  P0W=17 P1W=22 D=1  avgM=+0.12  t=1.0s elapsed=17s eta=112s
[ 41/300] seed=139 SP=0 P0= 30 P1= 31 (P1)  P0W=17 P1W=23 D=1  avgM=+0.10  t=2.8s elapsed=18s eta=112s
[ 42/300] seed=142 SP=0 P0= 31 P1= 29 (P0)  P0W=18 P1W=23 D=1  avgM=+0.14  t=1.4s elapsed=18s eta=110s
[ 43/300] seed=143 SP=1 P0= 28 P1= 30 (P1)  P0W=18 P1W=24 D=1  avgM=+0.09  t=0.9s elapsed=18s eta=108s
[ 44/300] seed=144 SP=0 P0= 25 P1= 33 (P1)  P0W=18 P1W=25 D=1  avgM=-0.09  t=0.8s elapsed=19s eta=108s
[ 45/300] seed=145 SP=1 P0= 31 P1= 23 (P0)  P0W=19 P1W=25 D=1  avgM=+0.09  t=1.2s elapsed=19s eta=108s
[ 46/300] seed=146 SP=1 P0= 25 P1= 25 (P0)  P0W=20 P1W=25 D=1  avgM=+0.09  t=1.0s elapsed=19s eta=105s
[ 47/300] seed=149 SP=0 P0= 24 P1= 36 (P1)  P0W=20 P1W=26 D=1  avgM=-0.17  t=0.9s elapsed=20s eta=108s
[ 48/300] seed=148 SP=0 P0= 11 P1= 23 (P1)  P0W=20 P1W=27 D=1  avgM=-0.42  t=1.3s elapsed=20s eta=107s
[ 49/300] seed=147 SP=0 P0= 27 P1= 30 (P1)  P0W=20 P1W=28 D=1  avgM=-0.47  t=2.8s elapsed=21s eta=110s
[ 50/300] seed=151 SP=1 P0= 31 P1= 21 (P0)  P0W=21 P1W=28 D=1  avgM=-0.26  t=1.3s elapsed=22s eta=108s
[ 51/300] seed=150 SP=1 P0= 31 P1= 26 (P0)  P0W=22 P1W=28 D=1  avgM=-0.16  t=1.8s elapsed=22s eta=106s
[ 52/300] seed=152 SP=1 P0= 28 P1= 30 (P1)  P0W=22 P1W=29 D=1  avgM=-0.19  t=0.9s elapsed=22s eta=106s
[ 53/300] seed=153 SP=1 P0= 27 P1= 34 (P1)  P0W=22 P1W=30 D=1  avgM=-0.32  t=1.0s elapsed=23s eta=105s
[ 54/300] seed=154 SP=0 P0= 21 P1= 33 (P1)  P0W=22 P1W=31 D=1  avgM=-0.54  t=1.1s elapsed=23s eta=104s
[ 55/300] seed=155 SP=0 P0= 23 P1= 33 (P1)  P0W=22 P1W=32 D=1  avgM=-0.71  t=0.7s elapsed=23s eta=103s
[ 56/300] seed=156 SP=1 P0= 31 P1= 25 (P0)  P0W=23 P1W=32 D=1  avgM=-0.59  t=1.1s elapsed=24s eta=103s
[ 57/300] seed=158 SP=0 P0= 29 P1= 37 (P1)  P0W=23 P1W=33 D=1  avgM=-0.72  t=1.0s elapsed=24s eta=102s
[ 58/300] seed=157 SP=0 P0= 27 P1= 32 (P1)  P0W=23 P1W=34 D=1  avgM=-0.79  t=1.5s elapsed=24s eta=102s
[ 59/300] seed=160 SP=0 P0= 26 P1= 31 (P1)  P0W=23 P1W=35 D=1  avgM=-0.86  t=0.7s elapsed=25s eta=101s
[ 60/300] seed=159 SP=1 P0= 35 P1= 27 (P0)  P0W=24 P1W=35 D=1  avgM=-0.72  t=1.1s elapsed=25s eta=99s
[ 61/300] seed=161 SP=1 P0= 24 P1= 29 (P1)  P0W=24 P1W=36 D=1  avgM=-0.79  t=0.9s elapsed=25s eta=99s
[ 62/300] seed=162 SP=1 P0= 26 P1= 28 (P1)  P0W=24 P1W=37 D=1  avgM=-0.81  t=1.1s elapsed=26s eta=99s
[ 63/300] seed=163 SP=0 P0= 29 P1= 19 (P0)  P0W=25 P1W=37 D=1  avgM=-0.63  t=1.2s elapsed=26s eta=98s
[ 64/300] seed=164 SP=1 P0= 25 P1= 23 (P0)  P0W=26 P1W=37 D=1  avgM=-0.59  t=1.0s elapsed=26s eta=97s
[ 65/300] seed=166 SP=1 P0= 29 P1= 28 (P0)  P0W=27 P1W=37 D=1  avgM=-0.57  t=1.2s elapsed=27s eta=98s
[ 66/300] seed=167 SP=1 P0= 29 P1= 31 (P1)  P0W=27 P1W=38 D=1  avgM=-0.59  t=1.3s elapsed=28s eta=98s
[ 67/300] seed=131 SP=0 P0= 30 P1= 33 (P1)  P0W=27 P1W=39 D=1  avgM=-0.63  t=16.2s elapsed=28s eta=98s
[ 68/300] seed=165 SP=1 P0= 34 P1= 21 (P0)  P0W=28 P1W=39 D=1  avgM=-0.43  t=2.4s elapsed=28s eta=96s
[ 69/300] seed=169 SP=1 P0= 24 P1= 29 (P1)  P0W=28 P1W=40 D=1  avgM=-0.49  t=0.9s elapsed=28s eta=95s
[ 70/300] seed=170 SP=1 P0= 28 P1= 20 (P0)  P0W=29 P1W=40 D=1  avgM=-0.37  t=1.3s elapsed=29s eta=97s
[ 71/300] seed=168 SP=0 P0= 26 P1= 23 (P0)  P0W=30 P1W=40 D=1  avgM=-0.32  t=2.9s elapsed=30s eta=97s
[ 72/300] seed=172 SP=0 P0= 29 P1= 26 (P0)  P0W=31 P1W=40 D=1  avgM=-0.28  t=1.9s elapsed=30s eta=96s
[ 73/300] seed=173 SP=1 P0= 30 P1= 24 (P0)  P0W=32 P1W=40 D=1  avgM=-0.19  t=0.9s elapsed=30s eta=94s
[ 74/300] seed=175 SP=1 P0= 26 P1= 28 (P1)  P0W=32 P1W=41 D=1  avgM=-0.22  t=1.1s elapsed=31s eta=96s
[ 75/300] seed=176 SP=0 P0= 18 P1= 21 (P1)  P0W=32 P1W=42 D=1  avgM=-0.25  t=1.2s elapsed=32s eta=95s
[ 76/300] seed=174 SP=0 P0= 26 P1= 29 (P1)  P0W=32 P1W=43 D=1  avgM=-0.29  t=1.6s elapsed=32s eta=93s
[ 77/300] seed=171 SP=1 P0= 36 P1= 24 (P0)  P0W=33 P1W=43 D=1  avgM=-0.13  t=3.5s elapsed=32s eta=92s
[ 78/300] seed=178 SP=1 P0= 29 P1= 28 (P0)  P0W=34 P1W=43 D=1  avgM=-0.12  t=1.1s elapsed=33s eta=93s
[ 79/300] seed=179 SP=1 P0= 31 P1= 29 (P0)  P0W=35 P1W=43 D=1  avgM=-0.09  t=1.1s elapsed=33s eta=91s
[ 80/300] seed=177 SP=1 P0= 35 P1= 27 (P0)  P0W=36 P1W=43 D=1  avgM=+0.01  t=1.3s elapsed=33s eta=90s
[ 81/300] seed=181 SP=1 P0= 29 P1= 24 (P0)  P0W=37 P1W=43 D=1  avgM=+0.07  t=1.2s elapsed=34s eta=92s
[ 82/300] seed=180 SP=0 P0= 39 P1= 30 (P0)  P0W=38 P1W=43 D=1  avgM=+0.18  t=2.2s elapsed=34s eta=90s
[ 83/300] seed=182 SP=1 P0= 32 P1= 24 (P0)  P0W=39 P1W=43 D=1  avgM=+0.28  t=1.3s elapsed=34s eta=89s
[ 84/300] seed=185 SP=0 P0= 31 P1= 20 (P0)  P0W=40 P1W=43 D=1  avgM=+0.40  t=0.7s elapsed=35s eta=89s
[ 85/300] seed=183 SP=1 P0= 28 P1= 25 (P0)  P0W=41 P1W=43 D=1  avgM=+0.44  t=2.1s elapsed=35s eta=88s
[ 86/300] seed=184 SP=0 P0= 23 P1= 33 (P1)  P0W=41 P1W=44 D=1  avgM=+0.31  t=1.2s elapsed=35s eta=87s
[ 87/300] seed=187 SP=1 P0= 23 P1= 26 (P1)  P0W=41 P1W=45 D=1  avgM=+0.28  t=1.2s elapsed=36s eta=88s
[ 88/300] seed=188 SP=0 P0= 30 P1= 33 (P1)  P0W=41 P1W=46 D=1  avgM=+0.24  t=1.0s elapsed=36s eta=86s
[ 89/300] seed=186 SP=0 P0= 29 P1= 29 (P1)  P0W=41 P1W=47 D=1  avgM=+0.24  t=2.2s elapsed=36s eta=86s
[ 90/300] seed=191 SP=0 P0= 23 P1= 29 (P1)  P0W=41 P1W=48 D=1  avgM=+0.17  t=1.1s elapsed=37s eta=86s
[ 91/300] seed=190 SP=0 P0= 29 P1= 19 (P0)  P0W=42 P1W=48 D=1  avgM=+0.27  t=1.2s elapsed=37s eta=85s
[ 92/300] seed=192 SP=1 P0= 29 P1= 25 (P0)  P0W=43 P1W=48 D=1  avgM=+0.32  t=1.7s elapsed=38s eta=86s
[ 93/300] seed=189 SP=0 P0= 30 P1= 33 (P1)  P0W=43 P1W=49 D=1  avgM=+0.28  t=2.8s elapsed=38s eta=84s
[ 94/300] seed=194 SP=1 P0= 30 P1= 23 (P0)  P0W=44 P1W=49 D=1  avgM=+0.35  t=1.0s elapsed=38s eta=83s
[ 95/300] seed=193 SP=1 P0= 28 P1= 23 (P0)  P0W=45 P1W=49 D=1  avgM=+0.40  t=1.4s elapsed=38s eta=83s
[ 96/300] seed=196 SP=0 P0= 33 P1= 27 (P0)  P0W=46 P1W=49 D=1  avgM=+0.46  t=1.0s elapsed=39s eta=83s
[ 97/300] seed=197 SP=1 P0= 25 P1= 25 (P0)  P0W=47 P1W=49 D=1  avgM=+0.45  t=1.0s elapsed=39s eta=82s
[ 98/300] seed=200 SP=0 P0= 20 P1= 27 (P1)  P0W=47 P1W=50 D=1  avgM=+0.38  t=0.9s elapsed=40s eta=82s
[ 99/300] seed=195 SP=0 P0= 27 P1= 38 (P1)  P0W=47 P1W=51 D=1  avgM=+0.26  t=2.3s elapsed=40s eta=82s
[100/300] seed=198 SP=0 P0= 20 P1= 37 (P1)  P0W=47 P1W=52 D=1  avgM=+0.09  t=1.9s elapsed=40s eta=81s
[101/300] seed=199 SP=0 P0= 26 P1= 29 (P1)  P0W=47 P1W=53 D=1  avgM=+0.06  t=1.5s elapsed=40s eta=80s
[102/300] seed=201 SP=0 P0= 21 P1= 27 (P1)  P0W=47 P1W=54 D=1  avgM=+0.00  t=1.0s elapsed=41s eta=80s
[103/300] seed=203 SP=0 P0= 18 P1= 31 (P1)  P0W=47 P1W=55 D=1  avgM=-0.13  t=0.9s elapsed=41s eta=79s
[104/300] seed=204 SP=1 P0= 26 P1= 26 (draw)  P0W=47 P1W=55 D=2  avgM=-0.12  t=0.9s elapsed=41s eta=78s
[105/300] seed=202 SP=0 P0= 34 P1= 22 (P0)  P0W=48 P1W=55 D=2  avgM=-0.01  t=1.7s elapsed=42s eta=78s
[106/300] seed=207 SP=0 P0= 27 P1= 33 (P1)  P0W=48 P1W=56 D=2  avgM=-0.07  t=1.1s elapsed=42s eta=78s
[107/300] seed=208 SP=1 P0= 29 P1= 21 (P0)  P0W=49 P1W=56 D=2  avgM=+0.01  t=1.1s elapsed=43s eta=78s
[108/300] seed=206 SP=1 P0= 30 P1= 31 (P1)  P0W=49 P1W=57 D=2  avgM=+0.00  t=1.9s elapsed=43s eta=77s
[109/300] seed=205 SP=1 P0= 29 P1= 29 (P1)  P0W=49 P1W=58 D=2  avgM=+0.00  t=2.6s elapsed=44s eta=76s
[110/300] seed=209 SP=1 P0= 33 P1= 26 (P0)  P0W=50 P1W=58 D=2  avgM=+0.06  t=1.2s elapsed=44s eta=75s
[111/300] seed=211 SP=0 P0= 21 P1= 31 (P1)  P0W=50 P1W=59 D=2  avgM=-0.03  t=0.7s elapsed=44s eta=75s
[112/300] seed=213 SP=0 P0= 21 P1= 33 (P1)  P0W=50 P1W=60 D=2  avgM=-0.13  t=0.7s elapsed=44s eta=74s
[113/300] seed=210 SP=0 P0= 25 P1= 30 (P1)  P0W=50 P1W=61 D=2  avgM=-0.18  t=1.7s elapsed=45s eta=74s
[114/300] seed=212 SP=0 P0= 28 P1= 35 (P1)  P0W=50 P1W=62 D=2  avgM=-0.24  t=1.2s elapsed=45s eta=73s
[115/300] seed=214 SP=0 P0= 28 P1= 36 (P1)  P0W=50 P1W=63 D=2  avgM=-0.30  t=1.2s elapsed=45s eta=73s
[116/300] seed=216 SP=1 P0= 30 P1= 24 (P0)  P0W=51 P1W=63 D=2  avgM=-0.25  t=1.3s elapsed=46s eta=73s
[117/300] seed=215 SP=1 P0= 36 P1= 27 (P0)  P0W=52 P1W=63 D=2  avgM=-0.17  t=1.7s elapsed=46s eta=72s
[118/300] seed=217 SP=1 P0= 23 P1= 29 (P1)  P0W=52 P1W=64 D=2  avgM=-0.22  t=1.4s elapsed=46s eta=71s
[119/300] seed=219 SP=0 P0= 33 P1= 27 (P0)  P0W=53 P1W=64 D=2  avgM=-0.17  t=1.1s elapsed=47s eta=72s
[120/300] seed=220 SP=1 P0= 25 P1= 28 (P1)  P0W=53 P1W=65 D=2  avgM=-0.19  t=1.1s elapsed=47s eta=71s
[121/300] seed=221 SP=0 P0= 23 P1= 33 (P1)  P0W=53 P1W=66 D=2  avgM=-0.27  t=0.9s elapsed=47s eta=70s
[122/300] seed=218 SP=1 P0= 32 P1= 28 (P0)  P0W=54 P1W=66 D=2  avgM=-0.24  t=2.2s elapsed=47s eta=69s
[123/300] seed=222 SP=0 P0= 28 P1= 25 (P0)  P0W=55 P1W=66 D=2  avgM=-0.21  t=0.8s elapsed=48s eta=69s
[124/300] seed=223 SP=0 P0= 22 P1= 36 (P1)  P0W=55 P1W=67 D=2  avgM=-0.32  t=1.0s elapsed=48s eta=68s
[125/300] seed=224 SP=1 P0= 29 P1= 29 (P0)  P0W=56 P1W=67 D=2  avgM=-0.32  t=1.2s elapsed=48s eta=68s
[126/300] seed=225 SP=1 P0= 29 P1= 31 (P1)  P0W=56 P1W=68 D=2  avgM=-0.33  t=1.4s elapsed=49s eta=67s
[127/300] seed=226 SP=1 P0= 20 P1= 30 (P1)  P0W=56 P1W=69 D=2  avgM=-0.41  t=1.0s elapsed=49s eta=67s
[128/300] seed=227 SP=0 P0= 24 P1= 31 (P1)  P0W=56 P1W=70 D=2  avgM=-0.46  t=1.1s elapsed=49s eta=66s
[129/300] seed=228 SP=1 P0= 30 P1= 24 (P0)  P0W=57 P1W=70 D=2  avgM=-0.41  t=0.9s elapsed=49s eta=65s
[130/300] seed=231 SP=0 P0= 31 P1= 29 (P0)  P0W=58 P1W=70 D=2  avgM=-0.39  t=0.7s elapsed=50s eta=65s
[131/300] seed=229 SP=1 P0= 33 P1= 26 (P0)  P0W=59 P1W=70 D=2  avgM=-0.34  t=1.5s elapsed=50s eta=65s
[132/300] seed=232 SP=1 P0= 26 P1= 30 (P1)  P0W=59 P1W=71 D=2  avgM=-0.36  t=1.1s elapsed=50s eta=64s
[133/300] seed=230 SP=1 P0= 23 P1= 27 (P1)  P0W=59 P1W=72 D=2  avgM=-0.39  t=2.1s elapsed=51s eta=64s
[134/300] seed=233 SP=0 P0= 21 P1= 25 (P1)  P0W=59 P1W=73 D=2  avgM=-0.42  t=1.1s elapsed=51s eta=63s
[135/300] seed=234 SP=0 P0= 24 P1= 27 (P1)  P0W=59 P1W=74 D=2  avgM=-0.44  t=1.3s elapsed=51s eta=63s
[136/300] seed=235 SP=1 P0= 29 P1= 34 (P1)  P0W=59 P1W=75 D=2  avgM=-0.47  t=1.1s elapsed=52s eta=62s
[137/300] seed=237 SP=1 P0= 28 P1= 33 (P1)  P0W=59 P1W=76 D=2  avgM=-0.50  t=0.8s elapsed=52s eta=62s
[138/300] seed=236 SP=1 P0= 28 P1= 20 (P0)  P0W=60 P1W=76 D=2  avgM=-0.44  t=1.9s elapsed=53s eta=62s
[139/300] seed=239 SP=1 P0= 29 P1= 31 (P1)  P0W=60 P1W=77 D=2  avgM=-0.45  t=1.4s elapsed=53s eta=61s
[140/300] seed=240 SP=1 P0= 32 P1= 24 (P0)  P0W=61 P1W=77 D=2  avgM=-0.39  t=1.4s elapsed=53s eta=61s
[141/300] seed=238 SP=1 P0= 29 P1= 25 (P0)  P0W=62 P1W=77 D=2  avgM=-0.36  t=1.7s elapsed=53s eta=60s
[142/300] seed=241 SP=0 P0= 23 P1= 25 (P1)  P0W=62 P1W=78 D=2  avgM=-0.37  t=1.2s elapsed=54s eta=60s
[143/300] seed=244 SP=1 P0= 25 P1= 19 (P0)  P0W=63 P1W=78 D=2  avgM=-0.33  t=0.9s elapsed=54s eta=59s
[144/300] seed=243 SP=1 P0= 29 P1= 30 (P1)  P0W=63 P1W=79 D=2  avgM=-0.33  t=1.1s elapsed=54s eta=59s
[145/300] seed=242 SP=1 P0= 29 P1= 24 (P0)  P0W=64 P1W=79 D=2  avgM=-0.30  t=1.6s elapsed=54s eta=58s
[146/300] seed=247 SP=0 P0= 32 P1= 23 (P0)  P0W=65 P1W=79 D=2  avgM=-0.23  t=1.1s elapsed=55s eta=58s
[147/300] seed=245 SP=1 P0= 22 P1= 31 (P1)  P0W=65 P1W=80 D=2  avgM=-0.29  t=1.6s elapsed=56s eta=58s
[148/300] seed=248 SP=1 P0= 25 P1= 26 (P1)  P0W=65 P1W=81 D=2  avgM=-0.30  t=1.2s elapsed=56s eta=57s
[149/300] seed=246 SP=1 P0= 36 P1= 24 (P0)  P0W=66 P1W=81 D=2  avgM=-0.21  t=1.7s elapsed=56s eta=57s
[150/300] seed=249 SP=1 P0= 30 P1= 24 (P0)  P0W=67 P1W=81 D=2  avgM=-0.17  t=0.9s elapsed=56s eta=56s
[151/300] seed=251 SP=0 P0= 30 P1= 30 (P1)  P0W=67 P1W=82 D=2  avgM=-0.17  t=0.7s elapsed=56s eta=56s
[152/300] seed=250 SP=0 P0= 31 P1= 26 (P0)  P0W=68 P1W=82 D=2  avgM=-0.14  t=1.1s elapsed=57s eta=55s
[153/300] seed=252 SP=1 P0= 25 P1= 27 (P1)  P0W=68 P1W=83 D=2  avgM=-0.15  t=1.3s elapsed=57s eta=55s
[154/300] seed=254 SP=0 P0= 30 P1= 30 (P1)  P0W=68 P1W=84 D=2  avgM=-0.15  t=0.7s elapsed=57s eta=54s
[155/300] seed=253 SP=1 P0= 30 P1= 30 (P0)  P0W=69 P1W=84 D=2  avgM=-0.15  t=0.8s elapsed=57s eta=53s
[156/300] seed=255 SP=0 P0= 33 P1= 32 (P0)  P0W=70 P1W=84 D=2  avgM=-0.14  t=0.7s elapsed=57s eta=53s
[157/300] seed=256 SP=0 P0= 24 P1= 29 (P1)  P0W=70 P1W=85 D=2  avgM=-0.17  t=1.0s elapsed=58s eta=53s
[158/300] seed=257 SP=1 P0= 35 P1= 27 (P0)  P0W=71 P1W=85 D=2  avgM=-0.12  t=1.4s elapsed=58s eta=53s
[159/300] seed=259 SP=0 P0= 26 P1= 29 (P1)  P0W=71 P1W=86 D=2  avgM=-0.14  t=1.2s elapsed=59s eta=52s
[160/300] seed=258 SP=1 P0= 27 P1= 28 (P1)  P0W=71 P1W=87 D=2  avgM=-0.14  t=1.7s elapsed=59s eta=52s
[161/300] seed=260 SP=1 P0= 29 P1= 25 (P0)  P0W=72 P1W=87 D=2  avgM=-0.12  t=1.6s elapsed=60s eta=52s
[162/300] seed=262 SP=1 P0= 25 P1= 26 (P1)  P0W=72 P1W=88 D=2  avgM=-0.12  t=1.2s elapsed=60s eta=51s
[163/300] seed=263 SP=1 P0= 32 P1= 32 (P0)  P0W=73 P1W=88 D=2  avgM=-0.12  t=1.4s elapsed=60s eta=51s
[164/300] seed=264 SP=0 P0= 18 P1= 21 (P1)  P0W=73 P1W=89 D=2  avgM=-0.14  t=1.4s elapsed=61s eta=51s
[165/300] seed=265 SP=1 P0= 24 P1= 27 (P1)  P0W=73 P1W=90 D=2  avgM=-0.16  t=1.8s elapsed=62s eta=50s
[166/300] seed=261 SP=0 P0= 29 P1= 29 (P1)  P0W=73 P1W=91 D=2  avgM=-0.16  t=3.1s elapsed=62s eta=50s
[167/300] seed=266 SP=0 P0= 26 P1= 28 (P1)  P0W=73 P1W=92 D=2  avgM=-0.17  t=1.8s elapsed=62s eta=49s
[168/300] seed=267 SP=1 P0= 27 P1= 28 (P1)  P0W=73 P1W=93 D=2  avgM=-0.17  t=1.7s elapsed=63s eta=49s
[169/300] seed=269 SP=1 P0= 35 P1= 27 (P0)  P0W=74 P1W=93 D=2  avgM=-0.12  t=1.4s elapsed=63s eta=49s
[170/300] seed=270 SP=1 P0= 29 P1= 14 (P0)  P0W=75 P1W=93 D=2  avgM=-0.04  t=1.4s elapsed=63s eta=49s
[171/300] seed=268 SP=1 P0= 25 P1= 28 (P1)  P0W=75 P1W=94 D=2  avgM=-0.05  t=2.1s elapsed=64s eta=48s
[172/300] seed=271 SP=1 P0= 29 P1= 31 (P1)  P0W=75 P1W=95 D=2  avgM=-0.06  t=1.4s elapsed=64s eta=48s
[173/300] seed=273 SP=0 P0= 35 P1= 25 (P0)  P0W=76 P1W=95 D=2  avgM=-0.01  t=1.0s elapsed=64s eta=47s
[174/300] seed=272 SP=0 P0= 28 P1= 28 (P1)  P0W=76 P1W=96 D=2  avgM=-0.01  t=1.5s elapsed=64s eta=47s
[175/300] seed=274 SP=1 P0= 31 P1= 22 (P0)  P0W=77 P1W=96 D=2  avgM=+0.05  t=1.4s elapsed=65s eta=47s
[176/300] seed=275 SP=0 P0= 24 P1= 34 (P1)  P0W=77 P1W=97 D=2  avgM=-0.01  t=1.2s elapsed=65s eta=46s
[177/300] seed=277 SP=0 P0= 24 P1= 33 (P1)  P0W=77 P1W=98 D=2  avgM=-0.06  t=1.1s elapsed=66s eta=46s
[178/300] seed=276 SP=1 P0= 27 P1= 28 (P1)  P0W=77 P1W=99 D=2  avgM=-0.07  t=1.3s elapsed=66s eta=45s
[179/300] seed=278 SP=1 P0= 25 P1= 26 (P1)  P0W=77 P1W=100 D=2  avgM=-0.07  t=1.2s elapsed=66s eta=45s
[180/300] seed=279 SP=1 P0= 20 P1= 19 (P0)  P0W=78 P1W=100 D=2  avgM=-0.07  t=1.1s elapsed=66s eta=44s
[181/300] seed=281 SP=1 P0= 33 P1= 26 (P0)  P0W=79 P1W=100 D=2  avgM=-0.03  t=1.4s elapsed=67s eta=44s
[182/300] seed=283 SP=0 P0= 26 P1= 31 (P1)  P0W=79 P1W=101 D=2  avgM=-0.05  t=1.0s elapsed=68s eta=44s
[183/300] seed=280 SP=0 P0= 29 P1= 26 (P0)  P0W=80 P1W=101 D=2  avgM=-0.04  t=2.0s elapsed=68s eta=43s
[184/300] seed=284 SP=0 P0= 23 P1= 29 (P1)  P0W=80 P1W=102 D=2  avgM=-0.07  t=0.9s elapsed=68s eta=43s
[185/300] seed=285 SP=1 P0= 28 P1= 24 (P0)  P0W=81 P1W=102 D=2  avgM=-0.05  t=0.7s elapsed=68s eta=42s
[186/300] seed=286 SP=0 P0= 25 P1= 35 (P1)  P0W=81 P1W=103 D=2  avgM=-0.10  t=0.9s elapsed=69s eta=42s
[187/300] seed=282 SP=1 P0= 25 P1= 26 (P1)  P0W=81 P1W=104 D=2  avgM=-0.11  t=2.3s elapsed=69s eta=41s
[188/300] seed=288 SP=0 P0= 26 P1= 31 (P1)  P0W=81 P1W=105 D=2  avgM=-0.13  t=0.8s elapsed=69s eta=41s
[189/300] seed=289 SP=1 P0= 31 P1= 25 (P0)  P0W=82 P1W=105 D=2  avgM=-0.10  t=1.2s elapsed=70s eta=41s
[190/300] seed=287 SP=1 P0= 31 P1= 30 (P0)  P0W=83 P1W=105 D=2  avgM=-0.09  t=2.0s elapsed=70s eta=41s
[191/300] seed=290 SP=0 P0= 27 P1= 33 (P1)  P0W=83 P1W=106 D=2  avgM=-0.13  t=1.6s elapsed=70s eta=40s
[192/300] seed=293 SP=0 P0= 25 P1= 31 (P1)  P0W=83 P1W=107 D=2  avgM=-0.16  t=0.8s elapsed=71s eta=40s
[193/300] seed=292 SP=1 P0= 27 P1= 32 (P1)  P0W=83 P1W=108 D=2  avgM=-0.18  t=1.6s elapsed=71s eta=40s
[194/300] seed=296 SP=0 P0= 28 P1= 29 (P1)  P0W=83 P1W=109 D=2  avgM=-0.19  t=0.5s elapsed=72s eta=39s
[195/300] seed=295 SP=0 P0= 19 P1= 23 (P1)  P0W=83 P1W=110 D=2  avgM=-0.21  t=1.0s elapsed=72s eta=39s
[196/300] seed=291 SP=0 P0= 30 P1= 31 (P1)  P0W=83 P1W=111 D=2  avgM=-0.21  t=2.9s elapsed=72s eta=38s
[197/300] seed=294 SP=0 P0= 26 P1= 33 (P1)  P0W=83 P1W=112 D=2  avgM=-0.24  t=2.0s elapsed=72s eta=38s
[198/300] seed=297 SP=0 P0= 26 P1= 31 (P1)  P0W=83 P1W=113 D=2  avgM=-0.27  t=0.7s elapsed=73s eta=37s
[199/300] seed=298 SP=0 P0= 21 P1= 25 (P1)  P0W=83 P1W=114 D=2  avgM=-0.29  t=1.1s elapsed=73s eta=37s
[200/300] seed=300 SP=0 P0= 36 P1= 27 (P0)  P0W=84 P1W=114 D=2  avgM=-0.24  t=1.2s elapsed=73s eta=37s
[201/300] seed=299 SP=1 P0= 25 P1= 28 (P1)  P0W=84 P1W=115 D=2  avgM=-0.25  t=2.0s elapsed=74s eta=36s
[202/300] seed=303 SP=0 P0= 28 P1= 20 (P0)  P0W=85 P1W=115 D=2  avgM=-0.21  t=0.8s elapsed=74s eta=36s
[203/300] seed=302 SP=1 P0= 29 P1= 26 (P0)  P0W=86 P1W=115 D=2  avgM=-0.20  t=1.2s elapsed=74s eta=35s
[204/300] seed=301 SP=0 P0= 25 P1= 37 (P1)  P0W=86 P1W=116 D=2  avgM=-0.25  t=2.0s elapsed=75s eta=35s
[205/300] seed=304 SP=1 P0= 25 P1= 28 (P1)  P0W=86 P1W=117 D=2  avgM=-0.27  t=1.0s elapsed=75s eta=35s
[206/300] seed=305 SP=0 P0= 27 P1= 21 (P0)  P0W=87 P1W=117 D=2  avgM=-0.24  t=1.0s elapsed=75s eta=34s
[207/300] seed=306 SP=1 P0= 30 P1= 26 (P0)  P0W=88 P1W=117 D=2  avgM=-0.22  t=1.0s elapsed=75s eta=34s
[208/300] seed=308 SP=1 P0= 31 P1= 25 (P0)  P0W=89 P1W=117 D=2  avgM=-0.19  t=1.1s elapsed=76s eta=34s
[209/300] seed=309 SP=1 P0= 17 P1= 26 (P1)  P0W=89 P1W=118 D=2  avgM=-0.23  t=0.9s elapsed=76s eta=33s
[210/300] seed=307 SP=1 P0= 27 P1= 28 (P1)  P0W=89 P1W=119 D=2  avgM=-0.23  t=1.6s elapsed=76s eta=33s
[211/300] seed=310 SP=0 P0= 25 P1= 32 (P1)  P0W=89 P1W=120 D=2  avgM=-0.27  t=1.0s elapsed=76s eta=32s
[212/300] seed=314 SP=0 P0= 20 P1= 33 (P1)  P0W=89 P1W=121 D=2  avgM=-0.33  t=0.8s elapsed=77s eta=32s
[213/300] seed=311 SP=0 P0= 26 P1= 35 (P1)  P0W=89 P1W=122 D=2  avgM=-0.37  t=1.2s elapsed=77s eta=32s
[214/300] seed=313 SP=0 P0= 27 P1= 31 (P1)  P0W=89 P1W=123 D=2  avgM=-0.38  t=1.1s elapsed=77s eta=31s
[215/300] seed=315 SP=1 P0= 25 P1= 24 (P0)  P0W=90 P1W=123 D=2  avgM=-0.38  t=0.9s elapsed=78s eta=31s
[216/300] seed=316 SP=0 P0= 27 P1= 31 (P1)  P0W=90 P1W=124 D=2  avgM=-0.39  t=1.2s elapsed=78s eta=31s
[217/300] seed=317 SP=0 P0= 36 P1= 27 (P0)  P0W=91 P1W=124 D=2  avgM=-0.35  t=1.2s elapsed=79s eta=30s
[218/300] seed=312 SP=0 P0= 27 P1= 30 (P1)  P0W=91 P1W=125 D=2  avgM=-0.36  t=2.8s elapsed=79s eta=30s
[219/300] seed=320 SP=0 P0= 33 P1= 22 (P0)  P0W=92 P1W=125 D=2  avgM=-0.31  t=1.0s elapsed=79s eta=29s
[220/300] seed=321 SP=0 P0= 23 P1= 34 (P1)  P0W=92 P1W=126 D=2  avgM=-0.36  t=0.9s elapsed=80s eta=29s
[221/300] seed=319 SP=1 P0= 29 P1= 24 (P0)  P0W=93 P1W=126 D=2  avgM=-0.33  t=1.5s elapsed=80s eta=29s
[222/300] seed=318 SP=0 P0= 30 P1= 29 (P0)  P0W=94 P1W=126 D=2  avgM=-0.33  t=2.1s elapsed=80s eta=28s
[223/300] seed=322 SP=0 P0= 25 P1= 32 (P1)  P0W=94 P1W=127 D=2  avgM=-0.36  t=1.0s elapsed=80s eta=28s
[224/300] seed=325 SP=0 P0= 24 P1= 16 (P0)  P0W=95 P1W=127 D=2  avgM=-0.32  t=1.1s elapsed=81s eta=28s
[225/300] seed=324 SP=0 P0= 28 P1= 27 (P0)  P0W=96 P1W=127 D=2  avgM=-0.32  t=1.2s elapsed=81s eta=27s
[226/300] seed=326 SP=0 P0= 20 P1= 33 (P1)  P0W=96 P1W=128 D=2  avgM=-0.37  t=0.8s elapsed=81s eta=27s
[227/300] seed=323 SP=1 P0= 34 P1= 29 (P0)  P0W=97 P1W=128 D=2  avgM=-0.35  t=2.2s elapsed=82s eta=26s
[228/300] seed=327 SP=0 P0= 23 P1= 32 (P1)  P0W=97 P1W=129 D=2  avgM=-0.39  t=0.9s elapsed=82s eta=26s
[229/300] seed=328 SP=0 P0= 21 P1= 32 (P1)  P0W=97 P1W=130 D=2  avgM=-0.43  t=1.2s elapsed=82s eta=26s
[230/300] seed=329 SP=1 P0= 31 P1= 25 (P0)  P0W=98 P1W=130 D=2  avgM=-0.40  t=1.2s elapsed=82s eta=25s
[231/300] seed=330 SP=1 P0= 28 P1= 30 (P1)  P0W=98 P1W=131 D=2  avgM=-0.41  t=0.9s elapsed=83s eta=25s
[232/300] seed=331 SP=0 P0= 36 P1= 27 (P0)  P0W=99 P1W=131 D=2  avgM=-0.37  t=1.1s elapsed=83s eta=24s
[233/300] seed=335 SP=0 P0= 24 P1= 36 (P1)  P0W=99 P1W=132 D=2  avgM=-0.42  t=0.8s elapsed=84s eta=24s
[234/300] seed=334 SP=1 P0= 27 P1= 22 (P0)  P0W=100 P1W=132 D=2  avgM=-0.40  t=1.1s elapsed=84s eta=24s
[235/300] seed=333 SP=0 P0= 32 P1= 30 (P0)  P0W=101 P1W=132 D=2  avgM=-0.39  t=2.3s elapsed=85s eta=23s
[236/300] seed=332 SP=0 P0= 27 P1= 30 (P1)  P0W=101 P1W=133 D=2  avgM=-0.40  t=2.9s elapsed=85s eta=23s
[237/300] seed=337 SP=0 P0= 32 P1= 34 (P1)  P0W=101 P1W=134 D=2  avgM=-0.41  t=1.2s elapsed=85s eta=23s
[238/300] seed=336 SP=0 P0= 31 P1= 26 (P0)  P0W=102 P1W=134 D=2  avgM=-0.38  t=1.6s elapsed=86s eta=22s
[239/300] seed=339 SP=0 P0= 37 P1= 32 (P0)  P0W=103 P1W=134 D=2  avgM=-0.36  t=0.9s elapsed=86s eta=22s
[240/300] seed=338 SP=1 P0= 29 P1= 25 (P0)  P0W=104 P1W=134 D=2  avgM=-0.34  t=1.6s elapsed=86s eta=22s
[241/300] seed=340 SP=0 P0= 22 P1= 29 (P1)  P0W=104 P1W=135 D=2  avgM=-0.37  t=1.2s elapsed=87s eta=21s
[242/300] seed=341 SP=1 P0= 33 P1= 26 (P0)  P0W=105 P1W=135 D=2  avgM=-0.34  t=2.1s elapsed=88s eta=21s
[243/300] seed=343 SP=0 P0= 27 P1= 33 (P1)  P0W=105 P1W=136 D=2  avgM=-0.36  t=1.5s elapsed=88s eta=21s
[244/300] seed=342 SP=1 P0= 25 P1= 28 (P1)  P0W=105 P1W=137 D=2  avgM=-0.37  t=2.0s elapsed=88s eta=20s
[245/300] seed=344 SP=0 P0= 20 P1= 37 (P1)  P0W=105 P1W=138 D=2  avgM=-0.44  t=1.8s elapsed=88s eta=20s
[246/300] seed=345 SP=0 P0= 24 P1= 29 (P1)  P0W=105 P1W=139 D=2  avgM=-0.46  t=0.8s elapsed=89s eta=19s
[247/300] seed=346 SP=1 P0= 29 P1= 29 (P1)  P0W=105 P1W=140 D=2  avgM=-0.46  t=1.4s elapsed=89s eta=19s
[248/300] seed=348 SP=0 P0= 27 P1= 34 (P1)  P0W=105 P1W=141 D=2  avgM=-0.48  t=1.1s elapsed=89s eta=19s
[249/300] seed=347 SP=1 P0= 33 P1= 21 (P0)  P0W=106 P1W=141 D=2  avgM=-0.43  t=2.3s elapsed=90s eta=19s
[250/300] seed=349 SP=1 P0= 34 P1= 23 (P0)  P0W=107 P1W=141 D=2  avgM=-0.39  t=2.0s elapsed=91s eta=18s
[251/300] seed=351 SP=1 P0= 30 P1= 29 (P0)  P0W=108 P1W=141 D=2  avgM=-0.38  t=1.5s elapsed=91s eta=18s
[252/300] seed=350 SP=0 P0= 29 P1= 28 (P0)  P0W=109 P1W=141 D=2  avgM=-0.38  t=2.0s elapsed=91s eta=17s
[253/300] seed=352 SP=0 P0= 24 P1= 35 (P1)  P0W=109 P1W=142 D=2  avgM=-0.42  t=0.9s elapsed=91s eta=17s
[254/300] seed=353 SP=0 P0= 24 P1= 34 (P1)  P0W=109 P1W=143 D=2  avgM=-0.46  t=1.0s elapsed=92s eta=17s
[255/300] seed=355 SP=0 P0= 13 P1= 18 (P1)  P0W=109 P1W=144 D=2  avgM=-0.47  t=1.0s elapsed=92s eta=16s
[256/300] seed=354 SP=1 P0= 29 P1= 21 (P0)  P0W=110 P1W=144 D=2  avgM=-0.44  t=1.6s elapsed=93s eta=16s
[257/300] seed=357 SP=1 P0= 35 P1= 27 (P0)  P0W=111 P1W=144 D=2  avgM=-0.41  t=1.3s elapsed=93s eta=16s
[258/300] seed=359 SP=0 P0= 35 P1= 25 (P0)  P0W=112 P1W=144 D=2  avgM=-0.37  t=0.9s elapsed=93s eta=15s
[259/300] seed=358 SP=1 P0= 31 P1= 35 (P1)  P0W=112 P1W=145 D=2  avgM=-0.38  t=1.2s elapsed=93s eta=15s
[260/300] seed=356 SP=0 P0= 36 P1= 19 (P0)  P0W=113 P1W=145 D=2  avgM=-0.32  t=2.5s elapsed=94s eta=14s
[261/300] seed=360 SP=1 P0= 30 P1= 29 (P0)  P0W=114 P1W=145 D=2  avgM=-0.31  t=1.6s elapsed=94s eta=14s
[262/300] seed=362 SP=1 P0= 32 P1= 22 (P0)  P0W=115 P1W=145 D=2  avgM=-0.27  t=1.1s elapsed=95s eta=14s
[263/300] seed=361 SP=1 P0= 29 P1= 31 (P1)  P0W=115 P1W=146 D=2  avgM=-0.28  t=1.3s elapsed=95s eta=13s
[264/300] seed=365 SP=0 P0= 20 P1= 33 (P1)  P0W=115 P1W=147 D=2  avgM=-0.33  t=0.7s elapsed=95s eta=13s
[265/300] seed=363 SP=0 P0= 23 P1= 36 (P1)  P0W=115 P1W=148 D=2  avgM=-0.37  t=1.5s elapsed=95s eta=13s
[266/300] seed=364 SP=1 P0= 29 P1= 31 (P1)  P0W=115 P1W=149 D=2  avgM=-0.38  t=1.3s elapsed=96s eta=12s
[267/300] seed=366 SP=0 P0= 24 P1= 34 (P1)  P0W=115 P1W=150 D=2  avgM=-0.42  t=1.0s elapsed=96s eta=12s
[268/300] seed=367 SP=1 P0= 28 P1= 31 (P1)  P0W=115 P1W=151 D=2  avgM=-0.43  t=1.1s elapsed=96s eta=12s
[269/300] seed=368 SP=1 P0= 25 P1= 27 (P1)  P0W=115 P1W=152 D=2  avgM=-0.43  t=1.2s elapsed=97s eta=11s
[270/300] seed=369 SP=1 P0= 26 P1= 28 (P1)  P0W=115 P1W=153 D=2  avgM=-0.44  t=1.1s elapsed=97s eta=11s
[271/300] seed=370 SP=0 P0= 26 P1= 19 (P0)  P0W=116 P1W=153 D=2  avgM=-0.41  t=1.1s elapsed=97s eta=10s
[272/300] seed=371 SP=1 P0= 31 P1= 21 (P0)  P0W=117 P1W=153 D=2  avgM=-0.37  t=0.9s elapsed=97s eta=10s
[273/300] seed=374 SP=1 P0= 19 P1= 28 (P1)  P0W=117 P1W=154 D=2  avgM=-0.40  t=0.8s elapsed=98s eta=10s
[274/300] seed=373 SP=1 P0= 31 P1= 29 (P0)  P0W=118 P1W=154 D=2  avgM=-0.39  t=1.0s elapsed=98s eta=9s
[275/300] seed=372 SP=1 P0= 27 P1= 28 (P1)  P0W=118 P1W=155 D=2  avgM=-0.40  t=1.3s elapsed=98s eta=9s
[276/300] seed=375 SP=0 P0= 31 P1= 24 (P0)  P0W=119 P1W=155 D=2  avgM=-0.37  t=1.0s elapsed=98s eta=9s
[277/300] seed=376 SP=0 P0= 21 P1= 27 (P1)  P0W=119 P1W=156 D=2  avgM=-0.39  t=1.0s elapsed=99s eta=8s
[278/300] seed=379 SP=1 P0= 29 P1= 30 (P1)  P0W=119 P1W=157 D=2  avgM=-0.39  t=0.9s elapsed=99s eta=8s
[279/300] seed=377 SP=1 P0= 26 P1= 30 (P1)  P0W=119 P1W=158 D=2  avgM=-0.41  t=1.4s elapsed=99s eta=7s
[280/300] seed=378 SP=1 P0= 30 P1= 27 (P0)  P0W=120 P1W=158 D=2  avgM=-0.39  t=1.8s elapsed=100s eta=7s
[281/300] seed=380 SP=1 P0= 29 P1= 24 (P0)  P0W=121 P1W=158 D=2  avgM=-0.37  t=1.4s elapsed=100s eta=7s
[282/300] seed=384 SP=0 P0= 23 P1= 26 (P1)  P0W=121 P1W=159 D=2  avgM=-0.38  t=0.7s elapsed=101s eta=6s
[283/300] seed=382 SP=0 P0= 26 P1= 29 (P1)  P0W=121 P1W=160 D=2  avgM=-0.39  t=1.7s elapsed=101s eta=6s
[284/300] seed=381 SP=1 P0= 29 P1= 30 (P1)  P0W=121 P1W=161 D=2  avgM=-0.39  t=1.9s elapsed=101s eta=6s
[285/300] seed=383 SP=0 P0= 28 P1= 29 (P1)  P0W=121 P1W=162 D=2  avgM=-0.40  t=1.9s elapsed=102s eta=5s
[286/300] seed=387 SP=0 P0= 24 P1= 35 (P1)  P0W=121 P1W=163 D=2  avgM=-0.43  t=0.9s elapsed=102s eta=5s
[287/300] seed=385 SP=1 P0= 31 P1= 22 (P0)  P0W=122 P1W=163 D=2  avgM=-0.40  t=1.3s elapsed=102s eta=5s
[288/300] seed=388 SP=0 P0= 20 P1= 34 (P1)  P0W=122 P1W=164 D=2  avgM=-0.45  t=1.1s elapsed=103s eta=4s
[289/300] seed=386 SP=0 P0= 27 P1= 31 (P1)  P0W=122 P1W=165 D=2  avgM=-0.46  t=1.8s elapsed=103s eta=4s
[290/300] seed=390 SP=1 P0= 31 P1= 27 (P0)  P0W=123 P1W=165 D=2  avgM=-0.44  t=1.3s elapsed=103s eta=4s
[291/300] seed=389 SP=0 P0= 26 P1= 33 (P1)  P0W=123 P1W=166 D=2  avgM=-0.47  t=1.7s elapsed=104s eta=3s
[292/300] seed=391 SP=0 P0= 10 P1= 20 (P1)  P0W=123 P1W=167 D=2  avgM=-0.50  t=1.2s elapsed=104s eta=3s
[293/300] seed=392 SP=1 P0= 32 P1= 20 (P0)  P0W=124 P1W=167 D=2  avgM=-0.46  t=1.9s elapsed=105s eta=2s
[294/300] seed=394 SP=0 P0= 27 P1= 34 (P1)  P0W=124 P1W=168 D=2  avgM=-0.48  t=1.0s elapsed=105s eta=2s
[295/300] seed=395 SP=0 P0= 29 P1= 19 (P0)  P0W=125 P1W=168 D=2  avgM=-0.44  t=1.2s elapsed=105s eta=2s
[296/300] seed=393 SP=1 P0= 31 P1= 19 (P0)  P0W=126 P1W=168 D=2  avgM=-0.40  t=1.6s elapsed=105s eta=1s
[297/300] seed=396 SP=1 P0= 30 P1= 24 (P0)  P0W=127 P1W=168 D=2  avgM=-0.38  t=0.9s elapsed=105s eta=1s
[298/300] seed=397 SP=1 P0= 29 P1= 30 (P1)  P0W=127 P1W=169 D=2  avgM=-0.38  t=1.0s elapsed=106s eta=1s
[299/300] seed=398 SP=1 P0= 27 P1= 28 (P1)  P0W=127 P1W=170 D=2  avgM=-0.38  t=1.5s elapsed=106s eta=0s
[300/300] seed=399 SP=1 P0= 31 P1= 26 (P0)  P0W=128 P1W=170 D=2  avgM=-0.37  t=1.7s elapsed=107s eta=0s

Final: P0=128  P1=170  D=2  avg margin (P0-P1)=-0.37
Total elapsed: 107s (0.4s/game avg)
