NN match: P0=nn vs P1=nn
  P0 model: /Users/hunterwieman/Desktop/Agricola/AgricolaBot/nn_models/M_55k_all/epoch_47.pt
  P1 model: /Users/hunterwieman/Desktop/Agricola/AgricolaBot/nn_models/M_15k_standard/best.pt
  sims:     500 (mcts seats only)
  c_uct:    1.4
  n_random_fencing: 4
  fpu_offset: 0.0
  mcts_temperature: 0.2
  nn_temperature: 0.0
  games:    50 (seeds 0..49)
  jobs:     1

/Users/hunterwieman/miniconda3/lib/python3.10/site-packages/torch/_utils.py:783: UserWarning: TypedStorage is deprecated. It will be removed in the future and UntypedStorage will be the only storage class. This should only matter to you if you are using storages directly.  To access UntypedStorage directly, use tensor.untyped_storage() instead of tensor.storage()
  return self.fget.__get__(instance, owner)()
[  1/50] seed=  0 SP=1 P0= 29 P1= 24 (P0)  P0W=1 P1W=0 D=0  avgM=+5.00  t=2.1s elapsed=4s eta=175s
[  2/50] seed=  1 SP=0 P0= 28 P1= 39 (P1)  P0W=1 P1W=1 D=0  avgM=-3.00  t=1.9s elapsed=5s eta=130s
[  3/50] seed=  2 SP=1 P0= 32 P1= 28 (P0)  P0W=2 P1W=1 D=0  avgM=-0.67  t=1.7s elapsed=7s eta=111s
[  4/50] seed=  3 SP=1 P0= 26 P1= 20 (P0)  P0W=3 P1W=1 D=0  avgM=+1.00  t=1.5s elapsed=9s eta=98s
[  5/50] seed=  4 SP=1 P0= 28 P1= 22 (P0)  P0W=4 P1W=1 D=0  avgM=+2.00  t=1.3s elapsed=10s eta=89s
[  6/50] seed=  5 SP=1 P0= 27 P1= 24 (P0)  P0W=5 P1W=1 D=0  avgM=+2.17  t=0.9s elapsed=11s eta=79s
[  7/50] seed=  6 SP=0 P0= 33 P1= 23 (P0)  P0W=6 P1W=1 D=0  avgM=+3.29  t=1.1s elapsed=12s eta=73s
[  8/50] seed=  7 SP=1 P0= 33 P1= 29 (P0)  P0W=7 P1W=1 D=0  avgM=+3.38  t=1.4s elapsed=13s eta=70s
[  9/50] seed=  8 SP=1 P0= 33 P1= 21 (P0)  P0W=8 P1W=1 D=0  avgM=+4.33  t=0.8s elapsed=14s eta=64s
[ 10/50] seed=  9 SP=0 P0= 28 P1= 29 (P1)  P0W=8 P1W=2 D=0  avgM=+3.80  t=1.3s elapsed=15s eta=62s
[ 11/50] seed= 10 SP=1 P0= 28 P1= 27 (P0)  P0W=9 P1W=2 D=0  avgM=+3.55  t=1.9s elapsed=17s eta=61s
[ 12/50] seed= 11 SP=0 P0= 28 P1= 29 (P1)  P0W=9 P1W=3 D=0  avgM=+3.17  t=1.3s elapsed=19s eta=59s
[ 13/50] seed= 12 SP=1 P0= 31 P1= 27 (P0)  P0W=10 P1W=3 D=0  avgM=+3.23  t=1.2s elapsed=20s eta=56s
[ 14/50] seed= 13 SP=1 P0= 21 P1= 17 (P0)  P0W=11 P1W=3 D=0  avgM=+3.29  t=1.2s elapsed=21s eta=54s
[ 15/50] seed= 14 SP=0 P0= 32 P1= 26 (P0)  P0W=12 P1W=3 D=0  avgM=+3.47  t=0.9s elapsed=22s eta=51s
[ 16/50] seed= 15 SP=1 P0= 27 P1= 22 (P0)  P0W=13 P1W=3 D=0  avgM=+3.56  t=2.3s elapsed=24s eta=51s
[ 17/50] seed= 16 SP=1 P0= 30 P1= 28 (P0)  P0W=14 P1W=3 D=0  avgM=+3.47  t=0.7s elapsed=25s eta=48s
[ 18/50] seed= 17 SP=1 P0= 25 P1= 26 (P1)  P0W=14 P1W=4 D=0  avgM=+3.22  t=1.2s elapsed=26s eta=46s
[ 19/50] seed= 18 SP=1 P0= 27 P1= 25 (P0)  P0W=15 P1W=4 D=0  avgM=+3.16  t=1.7s elapsed=28s eta=45s
[ 20/50] seed= 19 SP=1 P0= 32 P1= 31 (P0)  P0W=16 P1W=4 D=0  avgM=+3.05  t=1.5s elapsed=29s eta=44s
[ 21/50] seed= 20 SP=1 P0= 31 P1= 26 (P0)  P0W=17 P1W=4 D=0  avgM=+3.14  t=2.8s elapsed=32s eta=44s
[ 22/50] seed= 21 SP=0 P0= 24 P1= 27 (P1)  P0W=17 P1W=5 D=0  avgM=+2.86  t=1.0s elapsed=33s eta=42s
[ 23/50] seed= 22 SP=1 P0= 30 P1= 23 (P0)  P0W=18 P1W=5 D=0  avgM=+3.04  t=1.2s elapsed=34s eta=40s
[ 24/50] seed= 23 SP=0 P0= 26 P1= 30 (P1)  P0W=18 P1W=6 D=0  avgM=+2.75  t=1.6s elapsed=36s eta=39s
[ 25/50] seed= 24 SP=0 P0= 34 P1= 28 (P0)  P0W=19 P1W=6 D=0  avgM=+2.88  t=1.0s elapsed=37s eta=37s
[ 26/50] seed= 25 SP=1 P0= 34 P1= 28 (P0)  P0W=20 P1W=6 D=0  avgM=+3.00  t=1.7s elapsed=38s eta=36s
[ 27/50] seed= 26 SP=1 P0= 14 P1= 11 (P0)  P0W=21 P1W=6 D=0  avgM=+3.00  t=1.0s elapsed=39s eta=34s
[ 28/50] seed= 27 SP=0 P0= 20 P1= 27 (P1)  P0W=21 P1W=7 D=0  avgM=+2.64  t=0.7s elapsed=40s eta=32s
[ 29/50] seed= 28 SP=1 P0= 32 P1= 24 (P0)  P0W=22 P1W=7 D=0  avgM=+2.83  t=1.2s elapsed=41s eta=30s
[ 30/50] seed= 29 SP=1 P0= 34 P1= 27 (P0)  P0W=23 P1W=7 D=0  avgM=+2.97  t=1.2s elapsed=43s eta=28s
[ 31/50] seed= 30 SP=0 P0= 31 P1= 17 (P0)  P0W=24 P1W=7 D=0  avgM=+3.32  t=0.9s elapsed=43s eta=27s
[ 32/50] seed= 31 SP=1 P0= 33 P1= 27 (P0)  P0W=25 P1W=7 D=0  avgM=+3.41  t=1.1s elapsed=45s eta=25s
[ 33/50] seed= 32 SP=1 P0= 21 P1= 16 (P0)  P0W=26 P1W=7 D=0  avgM=+3.45  t=0.8s elapsed=45s eta=23s
[ 34/50] seed= 33 SP=1 P0= 25 P1= 27 (P1)  P0W=26 P1W=8 D=0  avgM=+3.29  t=1.6s elapsed=47s eta=22s
[ 35/50] seed= 34 SP=0 P0= 24 P1= 30 (P1)  P0W=26 P1W=9 D=0  avgM=+3.03  t=0.8s elapsed=48s eta=20s
[ 36/50] seed= 35 SP=0 P0= 26 P1= 29 (P1)  P0W=26 P1W=10 D=0  avgM=+2.86  t=0.8s elapsed=49s eta=19s
[ 37/50] seed= 36 SP=0 P0= 25 P1= 28 (P1)  P0W=26 P1W=11 D=0  avgM=+2.70  t=1.0s elapsed=50s eta=17s
[ 38/50] seed= 37 SP=0 P0= 31 P1= 22 (P0)  P0W=27 P1W=11 D=0  avgM=+2.87  t=1.0s elapsed=51s eta=16s
[ 39/50] seed= 38 SP=0 P0= 31 P1= 32 (P1)  P0W=27 P1W=12 D=0  avgM=+2.77  t=1.2s elapsed=52s eta=15s
[ 40/50] seed= 39 SP=1 P0= 28 P1= 22 (P0)  P0W=28 P1W=12 D=0  avgM=+2.85  t=2.9s elapsed=55s eta=14s
[ 41/50] seed= 40 SP=1 P0= 26 P1= 23 (P0)  P0W=29 P1W=12 D=0  avgM=+2.85  t=1.5s elapsed=56s eta=12s
[ 42/50] seed= 41 SP=1 P0= 27 P1= 23 (P0)  P0W=30 P1W=12 D=0  avgM=+2.88  t=1.2s elapsed=57s eta=11s
[ 43/50] seed= 42 SP=0 P0= 23 P1= 27 (P1)  P0W=30 P1W=13 D=0  avgM=+2.72  t=2.7s elapsed=60s eta=10s
[ 44/50] seed= 43 SP=1 P0= 35 P1= 28 (P0)  P0W=31 P1W=13 D=0  avgM=+2.82  t=1.2s elapsed=61s eta=8s
[ 45/50] seed= 44 SP=1 P0= 35 P1= 25 (P0)  P0W=32 P1W=13 D=0  avgM=+2.98  t=5.5s elapsed=67s eta=7s
[ 46/50] seed= 45 SP=1 P0= 29 P1= 24 (P0)  P0W=33 P1W=13 D=0  avgM=+3.02  t=1.8s elapsed=69s eta=6s
[ 47/50] seed= 46 SP=1 P0= 29 P1= 26 (P0)  P0W=34 P1W=13 D=0  avgM=+3.02  t=1.8s elapsed=70s eta=4s
[ 48/50] seed= 47 SP=0 P0= 27 P1= 31 (P1)  P0W=34 P1W=14 D=0  avgM=+2.88  t=1.4s elapsed=72s eta=3s
[ 49/50] seed= 48 SP=0 P0= 19 P1=  3 (P0)  P0W=35 P1W=14 D=0  avgM=+3.14  t=0.9s elapsed=73s eta=1s
[ 50/50] seed= 49 SP=0 P0= 29 P1= 27 (P0)  P0W=36 P1W=14 D=0  avgM=+3.12  t=1.4s elapsed=74s eta=0s

Final: P0=36  P1=14  D=0  avg margin (P0-P1)=+3.12
Total elapsed: 74s (1.5s/game avg)
