NN match: P0=nn vs P1=nn
  P0: nn /private/tmp/blend17k_cur.pt
  P1: nn nn_models/M_55k_snap_half/epoch_22.pt
  sims:     500 (mcts seats only)
  c_uct:    1.4
  n_random_fencing: 4
  fpu_offset: 0.0
  mcts_temperature: 0.2
  nn_temperature: 0.0
  games:    200 (seeds 0..199)
  jobs:     2

lib/python3.10/site-packages/torch/_utils.py:783: UserWarning: TypedStorage is deprecated. It will be removed in the future and UntypedStorage will be the only storage class. This should only matter to you if you are using storages directly.  To access UntypedStorage directly, use tensor.untyped_storage() instead of tensor.storage()
  return self.fget.__get__(instance, owner)()
lib/python3.10/site-packages/torch/_utils.py:783: UserWarning: TypedStorage is deprecated. It will be removed in the future and UntypedStorage will be the only storage class. This should only matter to you if you are using storages directly.  To access UntypedStorage directly, use tensor.untyped_storage() instead of tensor.storage()
  return self.fget.__get__(instance, owner)()
[  1/200] seed=  0 SP=1 P0= 32 P1= 32 (P0)  P0W=1 P1W=0 D=0  avgM=+0.00  t=1.2s elapsed=3s eta=515s
[  2/200] seed=  1 SP=0 P0= 27 P1= 31 (P1)  P0W=1 P1W=1 D=0  avgM=-2.00  t=1.4s elapsed=3s eta=278s
[  3/200] seed=  3 SP=1 P0= 20 P1= 28 (P1)  P0W=1 P1W=2 D=0  avgM=-4.00  t=1.5s elapsed=4s eta=281s
[  4/200] seed=  2 SP=1 P0= 27 P1= 28 (P1)  P0W=1 P1W=3 D=0  avgM=-3.25  t=2.1s elapsed=5s eta=231s
[  5/200] seed=  4 SP=1 P0= 21 P1= 32 (P1)  P0W=1 P1W=4 D=0  avgM=-4.80  t=1.4s elapsed=6s eta=223s
[  6/200] seed=  5 SP=1 P0= 26 P1= 36 (P1)  P0W=1 P1W=5 D=0  avgM=-5.67  t=1.5s elapsed=6s eta=200s
[  7/200] seed=  7 SP=1 P0= 28 P1= 33 (P1)  P0W=1 P1W=6 D=0  avgM=-5.57  t=1.3s elapsed=7s eta=205s
[  8/200] seed=  8 SP=1 P0= 29 P1= 31 (P1)  P0W=1 P1W=7 D=0  avgM=-5.12  t=0.9s elapsed=8s eta=201s
[  9/200] seed=  6 SP=0 P0= 19 P1= 37 (P1)  P0W=1 P1W=8 D=0  avgM=-6.56  t=3.1s elapsed=9s eta=186s
[ 10/200] seed=  9 SP=0 P0= 32 P1= 29 (P0)  P0W=2 P1W=8 D=0  avgM=-5.60  t=1.2s elapsed=10s eta=182s
[ 11/200] seed= 10 SP=1 P0= 14 P1= 25 (P1)  P0W=2 P1W=9 D=0  avgM=-6.09  t=0.8s elapsed=10s eta=165s
[ 12/200] seed= 11 SP=0 P0= 33 P1= 27 (P0)  P0W=3 P1W=9 D=0  avgM=-5.08  t=1.6s elapsed=11s eta=175s
[ 13/200] seed= 12 SP=1 P0= 27 P1= 21 (P0)  P0W=4 P1W=9 D=0  avgM=-4.23  t=1.8s elapsed=11s eta=165s
[ 14/200] seed= 14 SP=0 P0= 29 P1= 29 (P1)  P0W=4 P1W=10 D=0  avgM=-3.93  t=2.1s elapsed=14s eta=180s
[ 15/200] seed= 15 SP=1 P0= 26 P1= 33 (P1)  P0W=4 P1W=11 D=0  avgM=-4.13  t=1.0s elapsed=15s eta=179s
[ 16/200] seed= 13 SP=1 P0= 28 P1= 37 (P1)  P0W=4 P1W=12 D=0  avgM=-4.44  t=3.6s elapsed=15s eta=170s
[ 17/200] seed= 16 SP=1 P0= 32 P1= 28 (P0)  P0W=5 P1W=12 D=0  avgM=-3.94  t=1.3s elapsed=16s eta=171s
[ 18/200] seed= 17 SP=1 P0= 29 P1= 25 (P0)  P0W=6 P1W=12 D=0  avgM=-3.50  t=1.1s elapsed=16s eta=161s
[ 19/200] seed= 19 SP=1 P0= 25 P1= 33 (P1)  P0W=6 P1W=13 D=0  avgM=-3.74  t=1.6s elapsed=17s eta=166s
[ 20/200] seed= 18 SP=1 P0= 29 P1= 34 (P1)  P0W=6 P1W=14 D=0  avgM=-3.80  t=1.9s elapsed=18s eta=160s
[ 21/200] seed= 20 SP=1 P0= 27 P1= 28 (P1)  P0W=6 P1W=15 D=0  avgM=-3.67  t=1.1s elapsed=19s eta=158s
[ 22/200] seed= 22 SP=1 P0= 23 P1= 28 (P1)  P0W=6 P1W=16 D=0  avgM=-3.73  t=0.9s elapsed=19s eta=157s
[ 23/200] seed= 23 SP=0 P0= 33 P1= 22 (P0)  P0W=7 P1W=16 D=0  avgM=-3.09  t=1.5s elapsed=21s eta=161s
[ 24/200] seed= 21 SP=0 P0= 21 P1= 32 (P1)  P0W=7 P1W=17 D=0  avgM=-3.42  t=3.3s elapsed=21s eta=154s
[ 25/200] seed= 24 SP=0 P0= 31 P1= 27 (P0)  P0W=8 P1W=17 D=0  avgM=-3.12  t=1.4s elapsed=22s eta=157s
[ 26/200] seed= 25 SP=1 P0= 27 P1= 18 (P0)  P0W=9 P1W=17 D=0  avgM=-2.65  t=1.7s elapsed=23s eta=152s
[ 27/200] seed= 26 SP=1 P0= 12 P1= 18 (P1)  P0W=9 P1W=18 D=0  avgM=-2.78  t=0.9s elapsed=23s eta=149s
[ 28/200] seed= 27 SP=0 P0= 32 P1= 33 (P1)  P0W=9 P1W=19 D=0  avgM=-2.71  t=0.8s elapsed=24s eta=145s
[ 29/200] seed= 28 SP=1 P0= 27 P1= 28 (P1)  P0W=9 P1W=20 D=0  avgM=-2.66  t=1.1s elapsed=24s eta=144s
[ 30/200] seed= 29 SP=1 P0= 29 P1= 24 (P0)  P0W=10 P1W=20 D=0  avgM=-2.40  t=1.1s elapsed=25s eta=140s
[ 31/200] seed= 31 SP=1 P0= 34 P1= 30 (P0)  P0W=11 P1W=20 D=0  avgM=-2.19  t=0.7s elapsed=25s eta=138s
[ 32/200] seed= 30 SP=0 P0= 22 P1= 24 (P1)  P0W=11 P1W=21 D=0  avgM=-2.19  t=1.0s elapsed=25s eta=133s
[ 33/200] seed= 33 SP=1 P0= 28 P1= 25 (P0)  P0W=12 P1W=21 D=0  avgM=-2.03  t=1.1s elapsed=26s eta=134s
[ 34/200] seed= 32 SP=1 P0= 24 P1= 33 (P1)  P0W=12 P1W=22 D=0  avgM=-2.24  t=3.4s elapsed=29s eta=141s
[ 35/200] seed= 34 SP=0 P0= 21 P1= 36 (P1)  P0W=12 P1W=23 D=0  avgM=-2.60  t=2.6s elapsed=29s eta=137s
[ 36/200] seed= 35 SP=0 P0= 19 P1= 29 (P1)  P0W=12 P1W=24 D=0  avgM=-2.81  t=1.3s elapsed=30s eta=137s
[ 37/200] seed= 36 SP=0 P0= 28 P1= 38 (P1)  P0W=12 P1W=25 D=0  avgM=-3.00  t=1.4s elapsed=30s eta=134s
[ 38/200] seed= 37 SP=0 P0= 24 P1= 29 (P1)  P0W=12 P1W=26 D=0  avgM=-3.05  t=0.9s elapsed=31s eta=132s
[ 39/200] seed= 39 SP=1 P0= 27 P1= 28 (P1)  P0W=12 P1W=27 D=0  avgM=-3.00  t=1.0s elapsed=32s eta=132s
[ 40/200] seed= 38 SP=0 P0= 27 P1= 33 (P1)  P0W=12 P1W=28 D=0  avgM=-3.08  t=1.6s elapsed=32s eta=128s
[ 41/200] seed= 40 SP=1 P0= 29 P1= 32 (P1)  P0W=12 P1W=29 D=0  avgM=-3.07  t=0.8s elapsed=33s eta=127s
[ 42/200] seed= 41 SP=1 P0= 26 P1= 25 (P0)  P0W=13 P1W=29 D=0  avgM=-2.98  t=1.1s elapsed=33s eta=125s
[ 43/200] seed= 43 SP=1 P0= 29 P1= 27 (P0)  P0W=14 P1W=29 D=0  avgM=-2.86  t=1.0s elapsed=34s eta=125s
[ 44/200] seed= 44 SP=1 P0= 20 P1= 33 (P1)  P0W=14 P1W=30 D=0  avgM=-3.09  t=0.8s elapsed=35s eta=124s
[ 45/200] seed= 45 SP=1 P0= 32 P1= 32 (P0)  P0W=15 P1W=30 D=0  avgM=-3.02  t=0.9s elapsed=36s eta=123s
[ 46/200] seed= 46 SP=1 P0= 31 P1= 27 (P0)  P0W=16 P1W=30 D=0  avgM=-2.87  t=0.8s elapsed=37s eta=123s
[ 47/200] seed= 42 SP=0 P0= 29 P1= 34 (P1)  P0W=16 P1W=31 D=0  avgM=-2.91  t=4.2s elapsed=37s eta=120s
[ 48/200] seed= 47 SP=0 P0= 24 P1= 22 (P0)  P0W=17 P1W=31 D=0  avgM=-2.81  t=0.9s elapsed=38s eta=119s
[ 49/200] seed= 48 SP=0 P0= 19 P1= 29 (P1)  P0W=17 P1W=32 D=0  avgM=-2.96  t=1.2s elapsed=38s eta=118s
[ 50/200] seed= 49 SP=0 P0= 13 P1= 18 (P1)  P0W=17 P1W=33 D=0  avgM=-3.00  t=1.4s elapsed=39s eta=117s
[ 51/200] seed= 50 SP=1 P0= 18 P1= 24 (P1)  P0W=17 P1W=34 D=0  avgM=-3.06  t=1.3s elapsed=40s eta=116s
[ 52/200] seed= 51 SP=0 P0= 19 P1= 29 (P1)  P0W=17 P1W=35 D=0  avgM=-3.19  t=1.9s elapsed=41s eta=116s
[ 53/200] seed= 52 SP=1 P0= 27 P1= 25 (P0)  P0W=18 P1W=35 D=0  avgM=-3.09  t=1.8s elapsed=41s eta=115s
[ 54/200] seed= 54 SP=0 P0= 22 P1= 29 (P1)  P0W=18 P1W=36 D=0  avgM=-3.17  t=0.8s elapsed=42s eta=114s
[ 55/200] seed= 53 SP=1 P0= 32 P1= 41 (P1)  P0W=18 P1W=37 D=0  avgM=-3.27  t=1.4s elapsed=42s eta=112s
[ 56/200] seed= 55 SP=1 P0= 25 P1= 30 (P1)  P0W=18 P1W=38 D=0  avgM=-3.30  t=1.0s elapsed=43s eta=111s
[ 57/200] seed= 57 SP=0 P0= 25 P1= 26 (P1)  P0W=18 P1W=39 D=0  avgM=-3.26  t=1.2s elapsed=44s eta=111s
[ 58/200] seed= 58 SP=1 P0= 23 P1= 35 (P1)  P0W=18 P1W=40 D=0  avgM=-3.41  t=1.6s elapsed=46s eta=113s
[ 59/200] seed= 59 SP=1 P0= 31 P1= 31 (P0)  P0W=19 P1W=40 D=0  avgM=-3.36  t=2.0s elapsed=48s eta=115s
[ 60/200] seed= 60 SP=0 P0= 19 P1= 29 (P1)  P0W=19 P1W=41 D=0  avgM=-3.47  t=0.9s elapsed=49s eta=114s
[ 61/200] seed= 56 SP=0 P0= 23 P1= 31 (P1)  P0W=19 P1W=42 D=0  avgM=-3.54  t=8.1s elapsed=50s eta=115s
[ 62/200] seed= 61 SP=0 P0= 23 P1= 34 (P1)  P0W=19 P1W=43 D=0  avgM=-3.66  t=2.1s elapsed=51s eta=114s
[ 63/200] seed= 62 SP=0 P0= 29 P1= 26 (P0)  P0W=20 P1W=43 D=0  avgM=-3.56  t=1.1s elapsed=52s eta=112s
[ 64/200] seed= 63 SP=0 P0= 22 P1= 34 (P1)  P0W=20 P1W=44 D=0  avgM=-3.69  t=1.2s elapsed=52s eta=111s
[ 65/200] seed= 65 SP=0 P0= 27 P1= 25 (P0)  P0W=21 P1W=44 D=0  avgM=-3.60  t=0.9s elapsed=53s eta=110s
[ 66/200] seed= 66 SP=1 P0= 20 P1= 33 (P1)  P0W=21 P1W=45 D=0  avgM=-3.74  t=0.7s elapsed=54s eta=109s
[ 67/200] seed= 64 SP=1 P0= 23 P1= 32 (P1)  P0W=21 P1W=46 D=0  avgM=-3.82  t=2.5s elapsed=54s eta=107s
[ 68/200] seed= 67 SP=1 P0= 30 P1= 31 (P1)  P0W=21 P1W=47 D=0  avgM=-3.78  t=0.8s elapsed=55s eta=106s
[ 69/200] seed= 68 SP=0 P0= 23 P1= 25 (P1)  P0W=21 P1W=48 D=0  avgM=-3.75  t=0.9s elapsed=55s eta=104s
[ 70/200] seed= 69 SP=0 P0= 28 P1= 38 (P1)  P0W=21 P1W=49 D=0  avgM=-3.84  t=1.3s elapsed=56s eta=104s
[ 71/200] seed= 70 SP=1 P0= 26 P1= 31 (P1)  P0W=21 P1W=50 D=0  avgM=-3.86  t=1.1s elapsed=56s eta=102s
[ 72/200] seed= 72 SP=1 P0= 27 P1= 39 (P1)  P0W=21 P1W=51 D=0  avgM=-3.97  t=0.9s elapsed=57s eta=101s
[ 73/200] seed= 71 SP=1 P0= 25 P1= 25 (P0)  P0W=22 P1W=51 D=0  avgM=-3.92  t=1.1s elapsed=57s eta=99s
[ 74/200] seed= 74 SP=0 P0= 28 P1= 32 (P1)  P0W=22 P1W=52 D=0  avgM=-3.92  t=1.5s elapsed=58s eta=99s
[ 75/200] seed= 73 SP=1 P0= 31 P1= 35 (P1)  P0W=22 P1W=53 D=0  avgM=-3.92  t=1.9s elapsed=59s eta=98s
[ 76/200] seed= 75 SP=1 P0= 30 P1= 24 (P0)  P0W=23 P1W=53 D=0  avgM=-3.79  t=1.2s elapsed=60s eta=97s
[ 77/200] seed= 76 SP=1 P0= 32 P1= 41 (P1)  P0W=23 P1W=54 D=0  avgM=-3.86  t=1.3s elapsed=60s eta=96s
[ 78/200] seed= 78 SP=1 P0= 20 P1= 28 (P1)  P0W=23 P1W=55 D=0  avgM=-3.91  t=0.7s elapsed=61s eta=95s
[ 79/200] seed= 77 SP=0 P0= 29 P1= 29 (P0)  P0W=24 P1W=55 D=0  avgM=-3.86  t=1.1s elapsed=61s eta=93s
[ 80/200] seed= 79 SP=0 P0= 22 P1= 23 (P1)  P0W=24 P1W=56 D=0  avgM=-3.83  t=0.9s elapsed=62s eta=92s
[ 81/200] seed= 80 SP=1 P0= 29 P1= 30 (P1)  P0W=24 P1W=57 D=0  avgM=-3.79  t=1.0s elapsed=62s eta=91s
[ 82/200] seed= 82 SP=1 P0= 28 P1= 33 (P1)  P0W=24 P1W=58 D=0  avgM=-3.80  t=1.1s elapsed=63s eta=90s
[ 83/200] seed= 83 SP=1 P0= 25 P1= 29 (P1)  P0W=24 P1W=59 D=0  avgM=-3.81  t=0.9s elapsed=64s eta=90s
[ 84/200] seed= 81 SP=0 P0= 13 P1= 30 (P1)  P0W=24 P1W=60 D=0  avgM=-3.96  t=2.4s elapsed=64s eta=88s
[ 85/200] seed= 85 SP=1 P0= 25 P1= 30 (P1)  P0W=24 P1W=61 D=0  avgM=-3.98  t=0.8s elapsed=65s eta=88s
[ 86/200] seed= 86 SP=1 P0= 26 P1= 19 (P0)  P0W=25 P1W=61 D=0  avgM=-3.85  t=1.7s elapsed=67s eta=88s
[ 87/200] seed= 84 SP=1 P0= 28 P1= 37 (P1)  P0W=25 P1W=62 D=0  avgM=-3.91  t=3.5s elapsed=67s eta=87s
[ 88/200] seed= 87 SP=1 P0= 27 P1= 34 (P1)  P0W=25 P1W=63 D=0  avgM=-3.94  t=1.0s elapsed=68s eta=86s
[ 89/200] seed= 89 SP=1 P0= 30 P1= 31 (P1)  P0W=25 P1W=64 D=0  avgM=-3.91  t=1.0s elapsed=69s eta=86s
[ 90/200] seed= 88 SP=1 P0= 20 P1= 29 (P1)  P0W=25 P1W=65 D=0  avgM=-3.97  t=1.4s elapsed=69s eta=84s
[ 91/200] seed= 91 SP=1 P0= 28 P1= 37 (P1)  P0W=25 P1W=66 D=0  avgM=-4.02  t=0.9s elapsed=70s eta=83s
[ 92/200] seed= 92 SP=0 P0= 20 P1= 29 (P1)  P0W=25 P1W=67 D=0  avgM=-4.08  t=0.9s elapsed=70s eta=83s
[ 93/200] seed= 90 SP=1 P0= 28 P1= 27 (P0)  P0W=26 P1W=67 D=0  avgM=-4.02  t=2.4s elapsed=71s eta=82s
[ 94/200] seed= 93 SP=1 P0= 25 P1= 25 (P0)  P0W=27 P1W=67 D=0  avgM=-3.98  t=1.2s elapsed=72s eta=81s
[ 95/200] seed= 95 SP=0 P0= 25 P1= 26 (P1)  P0W=27 P1W=68 D=0  avgM=-3.95  t=1.2s elapsed=73s eta=81s
[ 96/200] seed= 94 SP=0 P0= 27 P1= 27 (draw)  P0W=27 P1W=68 D=1  avgM=-3.91  t=2.2s elapsed=73s eta=79s
[ 97/200] seed= 96 SP=1 P0= 27 P1= 30 (P1)  P0W=27 P1W=69 D=1  avgM=-3.90  t=0.8s elapsed=74s eta=78s
[ 98/200] seed= 97 SP=0 P0= 25 P1= 30 (P1)  P0W=27 P1W=70 D=1  avgM=-3.91  t=0.9s elapsed=74s eta=77s
[ 99/200] seed= 99 SP=1 P0= 26 P1= 29 (P1)  P0W=27 P1W=71 D=1  avgM=-3.90  t=0.8s elapsed=75s eta=76s
[100/200] seed= 98 SP=0 P0= 38 P1= 25 (P0)  P0W=28 P1W=71 D=1  avgM=-3.73  t=1.9s elapsed=76s eta=76s
[101/200] seed=100 SP=1 P0= 31 P1= 27 (P0)  P0W=29 P1W=71 D=1  avgM=-3.65  t=0.8s elapsed=76s eta=74s
[102/200] seed=101 SP=0 P0= 14 P1= 30 (P1)  P0W=29 P1W=72 D=1  avgM=-3.77  t=1.1s elapsed=77s eta=74s
[103/200] seed=102 SP=0 P0= 23 P1= 29 (P1)  P0W=29 P1W=73 D=1  avgM=-3.80  t=1.2s elapsed=77s eta=72s
[104/200] seed=103 SP=1 P0= 26 P1= 29 (P1)  P0W=29 P1W=74 D=1  avgM=-3.79  t=0.8s elapsed=77s eta=72s
[105/200] seed=104 SP=1 P0= 23 P1= 25 (P1)  P0W=29 P1W=75 D=1  avgM=-3.77  t=0.9s elapsed=78s eta=70s
[106/200] seed=106 SP=1 P0= 19 P1= 35 (P1)  P0W=29 P1W=76 D=1  avgM=-3.89  t=1.0s elapsed=79s eta=70s
[107/200] seed=105 SP=0 P0= 28 P1= 29 (P1)  P0W=29 P1W=77 D=1  avgM=-3.86  t=1.4s elapsed=79s eta=69s
[108/200] seed=108 SP=0 P0= 29 P1= 27 (P0)  P0W=30 P1W=77 D=1  avgM=-3.81  t=0.8s elapsed=80s eta=68s
[109/200] seed=107 SP=0 P0= 28 P1= 31 (P1)  P0W=30 P1W=78 D=1  avgM=-3.80  t=1.4s elapsed=80s eta=67s
[110/200] seed=109 SP=1 P0= 23 P1= 20 (P0)  P0W=31 P1W=78 D=1  avgM=-3.74  t=1.4s elapsed=81s eta=66s
[111/200] seed=110 SP=1 P0= 24 P1= 25 (P1)  P0W=31 P1W=79 D=1  avgM=-3.71  t=1.1s elapsed=81s eta=65s
[112/200] seed=111 SP=0 P0= 28 P1= 26 (P0)  P0W=32 P1W=79 D=1  avgM=-3.66  t=1.0s elapsed=82s eta=64s
[113/200] seed=112 SP=0 P0= 18 P1= 23 (P1)  P0W=32 P1W=80 D=1  avgM=-3.67  t=1.0s elapsed=82s eta=63s
[114/200] seed=114 SP=0 P0= 26 P1= 34 (P1)  P0W=32 P1W=81 D=1  avgM=-3.71  t=1.5s elapsed=84s eta=63s
[115/200] seed=115 SP=1 P0= 27 P1= 32 (P1)  P0W=32 P1W=82 D=1  avgM=-3.72  t=1.2s elapsed=85s eta=63s
[116/200] seed=113 SP=0 P0= 26 P1= 29 (P1)  P0W=32 P1W=83 D=1  avgM=-3.72  t=3.1s elapsed=85s eta=62s
[117/200] seed=117 SP=0 P0= 25 P1= 35 (P1)  P0W=32 P1W=84 D=1  avgM=-3.77  t=0.9s elapsed=86s eta=61s
[118/200] seed=116 SP=0 P0= 13 P1= 26 (P1)  P0W=32 P1W=85 D=1  avgM=-3.85  t=1.0s elapsed=86s eta=60s
[119/200] seed=119 SP=0 P0= 29 P1= 26 (P0)  P0W=33 P1W=85 D=1  avgM=-3.79  t=1.5s elapsed=88s eta=60s
[120/200] seed=118 SP=0 P0= 28 P1= 29 (P1)  P0W=33 P1W=86 D=1  avgM=-3.77  t=2.4s elapsed=88s eta=59s
[121/200] seed=120 SP=0 P0= 26 P1= 27 (P1)  P0W=33 P1W=87 D=1  avgM=-3.74  t=1.0s elapsed=89s eta=58s
[122/200] seed=122 SP=1 P0= 22 P1= 33 (P1)  P0W=33 P1W=88 D=1  avgM=-3.80  t=0.9s elapsed=90s eta=57s
[123/200] seed=121 SP=0 P0= 23 P1= 33 (P1)  P0W=33 P1W=89 D=1  avgM=-3.85  t=1.2s elapsed=90s eta=56s
[124/200] seed=124 SP=1 P0= 25 P1= 29 (P1)  P0W=33 P1W=90 D=1  avgM=-3.85  t=1.0s elapsed=91s eta=56s
[125/200] seed=123 SP=0 P0= 34 P1= 35 (P1)  P0W=33 P1W=91 D=1  avgM=-3.83  t=1.8s elapsed=91s eta=55s
[126/200] seed=125 SP=0 P0= 23 P1= 29 (P1)  P0W=33 P1W=92 D=1  avgM=-3.85  t=1.4s elapsed=92s eta=54s
[127/200] seed=126 SP=0 P0= 25 P1= 25 (P1)  P0W=33 P1W=93 D=1  avgM=-3.82  t=0.8s elapsed=92s eta=53s
[128/200] seed=127 SP=1 P0= 18 P1= 31 (P1)  P0W=33 P1W=94 D=1  avgM=-3.89  t=0.8s elapsed=93s eta=52s
[129/200] seed=128 SP=1 P0= 25 P1= 34 (P1)  P0W=33 P1W=95 D=1  avgM=-3.93  t=0.7s elapsed=93s eta=51s
[130/200] seed=129 SP=1 P0= 25 P1= 25 (P0)  P0W=34 P1W=95 D=1  avgM=-3.90  t=1.2s elapsed=94s eta=51s
[131/200] seed=130 SP=1 P0= 25 P1= 30 (P1)  P0W=34 P1W=96 D=1  avgM=-3.91  t=1.1s elapsed=94s eta=50s
[132/200] seed=131 SP=0 P0= 28 P1= 27 (P0)  P0W=35 P1W=96 D=1  avgM=-3.87  t=1.3s elapsed=95s eta=49s
[133/200] seed=132 SP=1 P0= 23 P1= 27 (P1)  P0W=35 P1W=97 D=1  avgM=-3.87  t=1.3s elapsed=95s eta=48s
[134/200] seed=133 SP=1 P0= 14 P1= 26 (P1)  P0W=35 P1W=98 D=1  avgM=-3.93  t=0.9s elapsed=96s eta=47s
[135/200] seed=134 SP=1 P0= 26 P1= 35 (P1)  P0W=35 P1W=99 D=1  avgM=-3.97  t=1.2s elapsed=97s eta=46s
[136/200] seed=135 SP=0 P0= 23 P1= 31 (P1)  P0W=35 P1W=100 D=1  avgM=-4.00  t=1.1s elapsed=97s eta=46s
[137/200] seed=136 SP=1 P0= 25 P1= 26 (P1)  P0W=35 P1W=101 D=1  avgM=-3.98  t=0.8s elapsed=97s eta=45s
[138/200] seed=137 SP=0 P0= 24 P1= 30 (P1)  P0W=35 P1W=102 D=1  avgM=-3.99  t=0.9s elapsed=98s eta=44s
[139/200] seed=138 SP=1 P0= 25 P1= 32 (P1)  P0W=35 P1W=103 D=1  avgM=-4.01  t=0.8s elapsed=98s eta=43s
[140/200] seed=139 SP=0 P0= 32 P1= 32 (P1)  P0W=35 P1W=104 D=1  avgM=-3.99  t=1.2s elapsed=99s eta=43s
[141/200] seed=140 SP=1 P0= 24 P1= 25 (P1)  P0W=35 P1W=105 D=1  avgM=-3.96  t=1.2s elapsed=99s eta=42s
[142/200] seed=141 SP=0 P0= 26 P1= 30 (P1)  P0W=35 P1W=106 D=1  avgM=-3.96  t=1.2s elapsed=100s eta=41s
[143/200] seed=142 SP=0 P0= 39 P1= 25 (P0)  P0W=36 P1W=106 D=1  avgM=-3.84  t=1.7s elapsed=101s eta=40s
[144/200] seed=144 SP=0 P0= 23 P1= 31 (P1)  P0W=36 P1W=107 D=1  avgM=-3.87  t=1.1s elapsed=102s eta=40s
[145/200] seed=143 SP=1 P0= 31 P1= 31 (P0)  P0W=37 P1W=107 D=1  avgM=-3.84  t=1.8s elapsed=102s eta=39s
[146/200] seed=145 SP=1 P0= 31 P1= 35 (P1)  P0W=37 P1W=108 D=1  avgM=-3.84  t=1.1s elapsed=103s eta=38s
[147/200] seed=146 SP=1 P0= 29 P1= 34 (P1)  P0W=37 P1W=109 D=1  avgM=-3.85  t=1.8s elapsed=104s eta=38s
[148/200] seed=148 SP=0 P0= 18 P1= 28 (P1)  P0W=37 P1W=110 D=1  avgM=-3.89  t=1.0s elapsed=105s eta=37s
[149/200] seed=147 SP=0 P0= 16 P1= 30 (P1)  P0W=37 P1W=111 D=1  avgM=-3.96  t=3.1s elapsed=106s eta=36s
[150/200] seed=149 SP=0 P0= 23 P1= 29 (P1)  P0W=37 P1W=112 D=1  avgM=-3.97  t=1.4s elapsed=107s eta=36s
[151/200] seed=150 SP=1 P0= 27 P1= 30 (P1)  P0W=37 P1W=113 D=1  avgM=-3.97  t=1.3s elapsed=108s eta=35s
[152/200] seed=151 SP=1 P0= 30 P1= 32 (P1)  P0W=37 P1W=114 D=1  avgM=-3.95  t=1.4s elapsed=108s eta=34s
[153/200] seed=153 SP=1 P0= 14 P1= 24 (P1)  P0W=37 P1W=115 D=1  avgM=-3.99  t=0.7s elapsed=109s eta=33s
[154/200] seed=152 SP=1 P0= 25 P1= 33 (P1)  P0W=37 P1W=116 D=1  avgM=-4.02  t=1.2s elapsed=109s eta=32s
[155/200] seed=154 SP=0 P0= 27 P1= 32 (P1)  P0W=37 P1W=117 D=1  avgM=-4.03  t=1.2s elapsed=110s eta=32s
[156/200] seed=155 SP=0 P0= 22 P1= 33 (P1)  P0W=37 P1W=118 D=1  avgM=-4.07  t=1.9s elapsed=111s eta=31s
[157/200] seed=156 SP=1 P0= 26 P1= 33 (P1)  P0W=37 P1W=119 D=1  avgM=-4.09  t=1.1s elapsed=111s eta=30s
[158/200] seed=157 SP=0 P0= 24 P1= 35 (P1)  P0W=37 P1W=120 D=1  avgM=-4.13  t=1.4s elapsed=112s eta=30s
[159/200] seed=158 SP=0 P0= 27 P1= 27 (P0)  P0W=38 P1W=120 D=1  avgM=-4.11  t=1.6s elapsed=112s eta=29s
[160/200] seed=159 SP=1 P0= 26 P1= 29 (P1)  P0W=38 P1W=121 D=1  avgM=-4.10  t=1.3s elapsed=113s eta=28s
[161/200] seed=160 SP=0 P0= 21 P1= 29 (P1)  P0W=38 P1W=122 D=1  avgM=-4.12  t=1.0s elapsed=113s eta=27s
[162/200] seed=161 SP=1 P0= 24 P1= 31 (P1)  P0W=38 P1W=123 D=1  avgM=-4.14  t=1.0s elapsed=114s eta=27s
[163/200] seed=162 SP=1 P0= 29 P1= 33 (P1)  P0W=38 P1W=124 D=1  avgM=-4.14  t=0.9s elapsed=114s eta=26s
[164/200] seed=164 SP=1 P0= 20 P1= 24 (P1)  P0W=38 P1W=125 D=1  avgM=-4.14  t=1.0s elapsed=115s eta=25s
[165/200] seed=163 SP=0 P0= 19 P1= 26 (P1)  P0W=38 P1W=126 D=1  avgM=-4.16  t=1.2s elapsed=115s eta=24s
[166/200] seed=166 SP=1 P0= 26 P1= 34 (P1)  P0W=38 P1W=127 D=1  avgM=-4.18  t=0.8s elapsed=116s eta=24s
[167/200] seed=165 SP=1 P0= 23 P1= 30 (P1)  P0W=38 P1W=128 D=1  avgM=-4.20  t=1.4s elapsed=117s eta=23s
[168/200] seed=167 SP=1 P0= 27 P1= 28 (P1)  P0W=38 P1W=129 D=1  avgM=-4.18  t=1.4s elapsed=118s eta=22s
[169/200] seed=168 SP=0 P0= 30 P1= 32 (P1)  P0W=38 P1W=130 D=1  avgM=-4.17  t=1.3s elapsed=118s eta=22s
[170/200] seed=169 SP=1 P0= 24 P1= 31 (P1)  P0W=38 P1W=131 D=1  avgM=-4.18  t=1.0s elapsed=119s eta=21s
[171/200] seed=170 SP=1 P0= 20 P1= 31 (P1)  P0W=38 P1W=132 D=1  avgM=-4.22  t=0.9s elapsed=119s eta=20s
[172/200] seed=171 SP=1 P0= 27 P1= 33 (P1)  P0W=38 P1W=133 D=1  avgM=-4.23  t=1.5s elapsed=120s eta=20s
[173/200] seed=172 SP=0 P0= 15 P1= 30 (P1)  P0W=38 P1W=134 D=1  avgM=-4.29  t=1.8s elapsed=121s eta=19s
[174/200] seed=173 SP=1 P0= 30 P1= 33 (P1)  P0W=38 P1W=135 D=1  avgM=-4.29  t=1.1s elapsed=121s eta=18s
[175/200] seed=174 SP=0 P0= 17 P1= 24 (P1)  P0W=38 P1W=136 D=1  avgM=-4.30  t=1.7s elapsed=122s eta=17s
[176/200] seed=175 SP=1 P0= 23 P1= 20 (P0)  P0W=39 P1W=136 D=1  avgM=-4.26  t=1.3s elapsed=122s eta=17s
[177/200] seed=177 SP=1 P0= 28 P1= 25 (P0)  P0W=40 P1W=136 D=1  avgM=-4.22  t=1.2s elapsed=124s eta=16s
[178/200] seed=176 SP=0 P0= 28 P1= 38 (P1)  P0W=40 P1W=137 D=1  avgM=-4.25  t=1.4s elapsed=124s eta=15s
[179/200] seed=179 SP=1 P0= 27 P1= 25 (P0)  P0W=41 P1W=137 D=1  avgM=-4.22  t=1.7s elapsed=125s eta=15s
[180/200] seed=178 SP=1 P0= 27 P1= 35 (P1)  P0W=41 P1W=138 D=1  avgM=-4.24  t=1.8s elapsed=125s eta=14s
[181/200] seed=180 SP=0 P0= 32 P1= 32 (P0)  P0W=42 P1W=138 D=1  avgM=-4.22  t=1.0s elapsed=126s eta=13s
[182/200] seed=181 SP=1 P0= 25 P1= 32 (P1)  P0W=42 P1W=139 D=1  avgM=-4.23  t=1.0s elapsed=126s eta=13s
[183/200] seed=182 SP=1 P0= 27 P1= 34 (P1)  P0W=42 P1W=140 D=1  avgM=-4.25  t=1.2s elapsed=128s eta=12s
[184/200] seed=183 SP=1 P0= 25 P1= 25 (P1)  P0W=42 P1W=141 D=1  avgM=-4.22  t=1.3s elapsed=128s eta=11s
[185/200] seed=184 SP=0 P0= 28 P1= 34 (P1)  P0W=42 P1W=142 D=1  avgM=-4.23  t=1.4s elapsed=129s eta=10s
[186/200] seed=186 SP=0 P0= 23 P1= 31 (P1)  P0W=42 P1W=143 D=1  avgM=-4.25  t=1.3s elapsed=130s eta=10s
[187/200] seed=185 SP=0 P0= 28 P1= 25 (P0)  P0W=43 P1W=143 D=1  avgM=-4.21  t=2.7s elapsed=130s eta=9s
[188/200] seed=188 SP=0 P0= 18 P1= 24 (P1)  P0W=43 P1W=144 D=1  avgM=-4.22  t=1.1s elapsed=132s eta=8s
[189/200] seed=187 SP=1 P0= 27 P1= 21 (P0)  P0W=44 P1W=144 D=1  avgM=-4.17  t=2.0s elapsed=132s eta=8s
[190/200] seed=190 SP=0 P0= 19 P1= 26 (P1)  P0W=44 P1W=145 D=1  avgM=-4.18  t=1.3s elapsed=133s eta=7s
[191/200] seed=191 SP=0 P0= 25 P1= 33 (P1)  P0W=44 P1W=146 D=1  avgM=-4.20  t=1.7s elapsed=135s eta=6s
[192/200] seed=189 SP=0 P0= 22 P1= 35 (P1)  P0W=44 P1W=147 D=1  avgM=-4.25  t=3.6s elapsed=135s eta=6s
[193/200] seed=193 SP=1 P0= 28 P1= 32 (P1)  P0W=44 P1W=148 D=1  avgM=-4.25  t=0.8s elapsed=136s eta=5s
[194/200] seed=192 SP=1 P0= 20 P1= 28 (P1)  P0W=44 P1W=149 D=1  avgM=-4.27  t=1.4s elapsed=137s eta=4s
[195/200] seed=195 SP=0 P0= 29 P1= 35 (P1)  P0W=44 P1W=150 D=1  avgM=-4.28  t=1.1s elapsed=138s eta=4s
[196/200] seed=194 SP=1 P0= 29 P1= 34 (P1)  P0W=44 P1W=151 D=1  avgM=-4.28  t=1.9s elapsed=138s eta=3s
[197/200] seed=196 SP=0 P0= 32 P1= 30 (P0)  P0W=45 P1W=151 D=1  avgM=-4.25  t=1.7s elapsed=139s eta=2s
[198/200] seed=197 SP=1 P0= 29 P1= 34 (P1)  P0W=45 P1W=152 D=1  avgM=-4.25  t=2.0s elapsed=140s eta=1s
[199/200] seed=198 SP=0 P0= 14 P1= 20 (P1)  P0W=45 P1W=153 D=1  avgM=-4.26  t=1.2s elapsed=141s eta=1s
[200/200] seed=199 SP=0 P0= 20 P1= 32 (P1)  P0W=45 P1W=154 D=1  avgM=-4.30  t=0.8s elapsed=141s eta=0s

Final: P0=45  P1=154  D=1  avg margin (P0-P1)=-4.30
Total elapsed: 141s (0.7s/game avg)
