NN match: P0=nn vs P1=nn
  P0: nn /Users/hunterwieman/Desktop/Agricola/AgricolaBot/nn_models/M_blend17k_256_128_64/best.pt
  P1: nn /Users/hunterwieman/Desktop/Agricola/AgricolaBot/nn_models/M_blend17k/best.pt
  sims:     500 (mcts seats only)
  c_uct:    1.4
  n_random_fencing: 4
  fpu_offset: 0.0
  mcts_temperature: 0.2
  nn_temperature: 0.0
  games:    100 (seeds 0..99)
  jobs:     2

/Users/hunterwieman/miniconda3/lib/python3.10/site-packages/torch/_utils.py:783: UserWarning: TypedStorage is deprecated. It will be removed in the future and UntypedStorage will be the only storage class. This should only matter to you if you are using storages directly.  To access UntypedStorage directly, use tensor.untyped_storage() instead of tensor.storage()
  return self.fget.__get__(instance, owner)()
/Users/hunterwieman/miniconda3/lib/python3.10/site-packages/torch/_utils.py:783: UserWarning: TypedStorage is deprecated. It will be removed in the future and UntypedStorage will be the only storage class. This should only matter to you if you are using storages directly.  To access UntypedStorage directly, use tensor.untyped_storage() instead of tensor.storage()
  return self.fget.__get__(instance, owner)()
[  1/100] seed=  1 SP=0 P0= 23 P1= 20 (P0)  P0W=1 P1W=0 D=0  avgM=+3.00  t=1.5s elapsed=3s eta=301s
[  2/100] seed=  0 SP=1 P0= 31 P1= 31 (P1)  P0W=1 P1W=1 D=0  avgM=+1.50  t=2.1s elapsed=4s eta=181s
[  3/100] seed=  2 SP=1 P0= 18 P1= 40 (P1)  P0W=1 P1W=2 D=0  avgM=-6.33  t=0.9s elapsed=4s eta=127s
[  4/100] seed=  4 SP=1 P0= 32 P1= 27 (P0)  P0W=2 P1W=2 D=0  avgM=-3.50  t=1.0s elapsed=5s eta=117s
[  5/100] seed=  3 SP=1 P0= 14 P1= 36 (P1)  P0W=2 P1W=3 D=0  avgM=-7.20  t=1.5s elapsed=5s eta=99s
[  6/100] seed=  6 SP=0 P0= 29 P1= 28 (P0)  P0W=3 P1W=3 D=0  avgM=-5.83  t=1.2s elapsed=6s eta=100s
[  7/100] seed=  5 SP=1 P0= 17 P1= 39 (P1)  P0W=3 P1W=4 D=0  avgM=-8.14  t=1.5s elapsed=6s eta=85s
[  8/100] seed=  7 SP=1 P0= 24 P1= 24 (P1)  P0W=3 P1W=5 D=0  avgM=-7.12  t=1.5s elapsed=8s eta=91s
[  9/100] seed=  9 SP=0 P0= 33 P1= 17 (P0)  P0W=4 P1W=5 D=0  avgM=-4.56  t=2.2s elapsed=10s eta=103s
[ 10/100] seed= 10 SP=1 P0= 23 P1= 26 (P1)  P0W=4 P1W=6 D=0  avgM=-4.40  t=0.6s elapsed=11s eta=97s
[ 11/100] seed=  8 SP=1 P0= 27 P1= 33 (P1)  P0W=4 P1W=7 D=0  avgM=-4.55  t=4.8s elapsed=11s eta=91s
[ 12/100] seed= 11 SP=0 P0= 25 P1= 18 (P0)  P0W=5 P1W=7 D=0  avgM=-3.58  t=1.1s elapsed=12s eta=87s
[ 13/100] seed= 12 SP=1 P0= 27 P1= 28 (P1)  P0W=5 P1W=8 D=0  avgM=-3.38  t=1.4s elapsed=13s eta=84s
[ 14/100] seed= 14 SP=0 P0= 26 P1= 18 (P0)  P0W=6 P1W=8 D=0  avgM=-2.57  t=1.7s elapsed=14s eta=88s
[ 15/100] seed= 13 SP=1 P0= 13 P1= 32 (P1)  P0W=6 P1W=9 D=0  avgM=-3.67  t=2.8s elapsed=15s eta=83s
[ 16/100] seed= 16 SP=1 P0= 21 P1= 37 (P1)  P0W=6 P1W=10 D=0  avgM=-4.44  t=1.8s elapsed=16s eta=87s
[ 17/100] seed= 17 SP=1 P0= 20 P1= 33 (P1)  P0W=6 P1W=11 D=0  avgM=-4.94  t=1.1s elapsed=18s eta=86s
[ 18/100] seed= 15 SP=1 P0= 17 P1= 38 (P1)  P0W=6 P1W=12 D=0  avgM=-5.83  t=3.9s elapsed=18s eta=83s
[ 19/100] seed= 18 SP=1 P0= 25 P1= 30 (P1)  P0W=6 P1W=13 D=0  avgM=-5.79  t=0.9s elapsed=19s eta=79s
[ 20/100] seed= 19 SP=1 P0= 24 P1= 17 (P0)  P0W=7 P1W=13 D=0  avgM=-5.15  t=1.1s elapsed=19s eta=77s
[ 21/100] seed= 20 SP=1 P0= 25 P1= 37 (P1)  P0W=7 P1W=14 D=0  avgM=-5.48  t=1.2s elapsed=20s eta=74s
[ 22/100] seed= 22 SP=1 P0= 29 P1= 23 (P0)  P0W=8 P1W=14 D=0  avgM=-4.95  t=1.8s elapsed=22s eta=76s
[ 23/100] seed= 21 SP=0 P0= 39 P1= 14 (P0)  P0W=9 P1W=14 D=0  avgM=-3.65  t=2.9s elapsed=22s eta=74s
[ 24/100] seed= 24 SP=0 P0= 26 P1= 12 (P0)  P0W=10 P1W=14 D=0  avgM=-2.92  t=0.9s elapsed=23s eta=73s
[ 25/100] seed= 23 SP=0 P0= 24 P1= 32 (P1)  P0W=10 P1W=15 D=0  avgM=-3.12  t=2.0s elapsed=24s eta=71s
[ 26/100] seed= 25 SP=1 P0= 26 P1= 32 (P1)  P0W=10 P1W=16 D=0  avgM=-3.23  t=1.4s elapsed=25s eta=70s
[ 27/100] seed= 26 SP=1 P0= 24 P1= 33 (P1)  P0W=10 P1W=17 D=0  avgM=-3.44  t=1.7s elapsed=25s eta=68s
[ 28/100] seed= 27 SP=0 P0= 18 P1= 25 (P1)  P0W=10 P1W=18 D=0  avgM=-3.57  t=1.1s elapsed=26s eta=66s
[ 29/100] seed= 28 SP=1 P0= 30 P1= 14 (P0)  P0W=11 P1W=18 D=0  avgM=-2.90  t=1.3s elapsed=27s eta=65s
[ 30/100] seed= 29 SP=1 P0= 18 P1= 25 (P1)  P0W=11 P1W=19 D=0  avgM=-3.03  t=1.8s elapsed=27s eta=64s
[ 31/100] seed= 30 SP=0 P0= 29 P1= 31 (P1)  P0W=11 P1W=20 D=0  avgM=-3.00  t=1.2s elapsed=28s eta=62s
[ 32/100] seed= 31 SP=1 P0= 31 P1= 28 (P0)  P0W=12 P1W=20 D=0  avgM=-2.81  t=0.9s elapsed=28s eta=60s
[ 33/100] seed= 33 SP=1 P0= 33 P1= 16 (P0)  P0W=13 P1W=20 D=0  avgM=-2.21  t=1.2s elapsed=30s eta=60s
[ 34/100] seed= 32 SP=1 P0= 18 P1= 28 (P1)  P0W=13 P1W=21 D=0  avgM=-2.44  t=2.2s elapsed=30s eta=58s
[ 35/100] seed= 34 SP=0 P0= 37 P1= 27 (P0)  P0W=14 P1W=21 D=0  avgM=-2.09  t=1.6s elapsed=31s eta=58s
[ 36/100] seed= 35 SP=0 P0= 34 P1= 15 (P0)  P0W=15 P1W=21 D=0  avgM=-1.50  t=1.3s elapsed=31s eta=55s
[ 37/100] seed= 37 SP=0 P0= 27 P1= 15 (P0)  P0W=16 P1W=21 D=0  avgM=-1.14  t=1.3s elapsed=32s eta=55s
[ 38/100] seed= 36 SP=0 P0= 19 P1= 29 (P1)  P0W=16 P1W=22 D=0  avgM=-1.37  t=2.5s elapsed=34s eta=55s
[ 39/100] seed= 38 SP=0 P0= 32 P1= 21 (P0)  P0W=17 P1W=22 D=0  avgM=-1.05  t=1.5s elapsed=34s eta=53s
[ 40/100] seed= 40 SP=1 P0= 30 P1= 32 (P1)  P0W=17 P1W=23 D=0  avgM=-1.07  t=0.9s elapsed=35s eta=52s
[ 41/100] seed= 39 SP=1 P0= 19 P1= 19 (P0)  P0W=18 P1W=23 D=0  avgM=-1.05  t=1.4s elapsed=35s eta=50s
[ 42/100] seed= 41 SP=1 P0= 27 P1= 26 (P0)  P0W=19 P1W=23 D=0  avgM=-1.00  t=0.9s elapsed=36s eta=49s
[ 43/100] seed= 42 SP=0 P0= 23 P1= 30 (P1)  P0W=19 P1W=24 D=0  avgM=-1.14  t=1.1s elapsed=36s eta=48s
[ 44/100] seed= 44 SP=1 P0= 30 P1= 29 (P0)  P0W=20 P1W=24 D=0  avgM=-1.09  t=0.8s elapsed=37s eta=47s
[ 45/100] seed= 43 SP=1 P0= 26 P1= 31 (P1)  P0W=20 P1W=25 D=0  avgM=-1.18  t=1.3s elapsed=37s eta=45s
[ 46/100] seed= 46 SP=1 P0= 26 P1= 38 (P1)  P0W=20 P1W=26 D=0  avgM=-1.41  t=1.1s elapsed=38s eta=45s
[ 47/100] seed= 45 SP=1 P0= 31 P1= 31 (P1)  P0W=20 P1W=27 D=0  avgM=-1.38  t=1.5s elapsed=38s eta=43s
[ 48/100] seed= 47 SP=0 P0= 21 P1= 13 (P0)  P0W=21 P1W=27 D=0  avgM=-1.19  t=0.8s elapsed=39s eta=42s
[ 49/100] seed= 48 SP=0 P0= 26 P1= 13 (P0)  P0W=22 P1W=27 D=0  avgM=-0.90  t=1.0s elapsed=39s eta=41s
[ 50/100] seed= 49 SP=0 P0= 22 P1= 19 (P0)  P0W=23 P1W=27 D=0  avgM=-0.82  t=0.8s elapsed=40s eta=40s
[ 51/100] seed= 50 SP=1 P0= 23 P1= 29 (P1)  P0W=23 P1W=28 D=0  avgM=-0.92  t=0.9s elapsed=40s eta=39s
[ 52/100] seed= 51 SP=0 P0= 21 P1= 18 (P0)  P0W=24 P1W=28 D=0  avgM=-0.85  t=0.9s elapsed=41s eta=37s
[ 53/100] seed= 52 SP=1 P0= 23 P1= 23 (P1)  P0W=24 P1W=29 D=0  avgM=-0.83  t=0.6s elapsed=41s eta=36s
[ 54/100] seed= 53 SP=1 P0= 13 P1=  1 (P0)  P0W=25 P1W=29 D=0  avgM=-0.59  t=0.9s elapsed=41s eta=35s
[ 55/100] seed= 54 SP=0 P0= 27 P1= 27 (P1)  P0W=25 P1W=30 D=0  avgM=-0.58  t=0.8s elapsed=42s eta=34s
[ 56/100] seed= 56 SP=0 P0= 35 P1= 21 (P0)  P0W=26 P1W=30 D=0  avgM=-0.32  t=0.7s elapsed=42s eta=33s
[ 57/100] seed= 55 SP=1 P0= 18 P1= 27 (P1)  P0W=26 P1W=31 D=0  avgM=-0.47  t=1.3s elapsed=43s eta=32s
[ 58/100] seed= 57 SP=0 P0= 34 P1= 31 (P0)  P0W=27 P1W=31 D=0  avgM=-0.41  t=0.9s elapsed=43s eta=31s
[ 59/100] seed= 58 SP=1 P0= 20 P1= 20 (P0)  P0W=28 P1W=31 D=0  avgM=-0.41  t=1.1s elapsed=44s eta=30s
[ 60/100] seed= 59 SP=1 P0= 17 P1= 19 (P1)  P0W=28 P1W=32 D=0  avgM=-0.43  t=0.6s elapsed=44s eta=29s
[ 61/100] seed= 61 SP=0 P0= 25 P1= 23 (P0)  P0W=29 P1W=32 D=0  avgM=-0.39  t=0.8s elapsed=45s eta=29s
[ 62/100] seed= 60 SP=0 P0= 30 P1= 26 (P0)  P0W=30 P1W=32 D=0  avgM=-0.32  t=0.9s elapsed=45s eta=27s
[ 63/100] seed= 62 SP=0 P0= 24 P1= 15 (P0)  P0W=31 P1W=32 D=0  avgM=-0.17  t=0.7s elapsed=45s eta=27s
[ 64/100] seed= 64 SP=1 P0= 29 P1= 33 (P1)  P0W=31 P1W=33 D=0  avgM=-0.23  t=1.0s elapsed=46s eta=26s
[ 65/100] seed= 63 SP=0 P0= 32 P1= 15 (P0)  P0W=32 P1W=33 D=0  avgM=+0.03  t=2.3s elapsed=47s eta=25s
[ 66/100] seed= 65 SP=0 P0= 26 P1= 13 (P0)  P0W=33 P1W=33 D=0  avgM=+0.23  t=1.0s elapsed=47s eta=24s
[ 67/100] seed= 66 SP=1 P0= 22 P1= 30 (P1)  P0W=33 P1W=34 D=0  avgM=+0.10  t=0.9s elapsed=48s eta=24s
[ 68/100] seed= 67 SP=1 P0= 33 P1= 28 (P0)  P0W=34 P1W=34 D=0  avgM=+0.18  t=1.0s elapsed=48s eta=23s
[ 69/100] seed= 68 SP=0 P0= 29 P1= 10 (P0)  P0W=35 P1W=34 D=0  avgM=+0.45  t=1.0s elapsed=49s eta=22s
[ 70/100] seed= 70 SP=1 P0= 23 P1= 20 (P0)  P0W=36 P1W=34 D=0  avgM=+0.49  t=1.2s elapsed=50s eta=22s
[ 71/100] seed= 69 SP=0 P0= 19 P1= 29 (P1)  P0W=36 P1W=35 D=0  avgM=+0.34  t=1.8s elapsed=50s eta=21s
[ 72/100] seed= 71 SP=1 P0= 22 P1= 12 (P0)  P0W=37 P1W=35 D=0  avgM=+0.47  t=0.7s elapsed=51s eta=20s
[ 73/100] seed= 72 SP=1 P0= 20 P1= 26 (P1)  P0W=37 P1W=36 D=0  avgM=+0.38  t=0.8s elapsed=51s eta=19s
[ 74/100] seed= 73 SP=1 P0= 23 P1= 26 (P1)  P0W=37 P1W=37 D=0  avgM=+0.34  t=1.2s elapsed=52s eta=18s
[ 75/100] seed= 74 SP=0 P0= 25 P1= 22 (P0)  P0W=38 P1W=37 D=0  avgM=+0.37  t=1.3s elapsed=52s eta=17s
[ 76/100] seed= 75 SP=1 P0= 26 P1= 22 (P0)  P0W=39 P1W=37 D=0  avgM=+0.42  t=0.9s elapsed=53s eta=17s
[ 77/100] seed= 76 SP=1 P0= 13 P1=  1 (P0)  P0W=40 P1W=37 D=0  avgM=+0.57  t=0.9s elapsed=53s eta=16s
[ 78/100] seed= 77 SP=0 P0= 29 P1= 10 (P0)  P0W=41 P1W=37 D=0  avgM=+0.81  t=0.9s elapsed=54s eta=15s
[ 79/100] seed= 78 SP=1 P0= 12 P1= 27 (P1)  P0W=41 P1W=38 D=0  avgM=+0.61  t=1.8s elapsed=55s eta=15s
[ 80/100] seed= 79 SP=0 P0= 27 P1= 25 (P0)  P0W=42 P1W=38 D=0  avgM=+0.62  t=1.5s elapsed=55s eta=14s
[ 81/100] seed= 81 SP=0 P0= 26 P1= 15 (P0)  P0W=43 P1W=38 D=0  avgM=+0.75  t=0.7s elapsed=56s eta=13s
[ 82/100] seed= 80 SP=1 P0= 17 P1= 27 (P1)  P0W=43 P1W=39 D=0  avgM=+0.62  t=1.1s elapsed=56s eta=12s
[ 83/100] seed= 82 SP=1 P0= 36 P1= 27 (P0)  P0W=44 P1W=39 D=0  avgM=+0.72  t=1.0s elapsed=57s eta=12s
[ 84/100] seed= 83 SP=1 P0= 25 P1= 29 (P1)  P0W=44 P1W=40 D=0  avgM=+0.67  t=1.5s elapsed=58s eta=11s
[ 85/100] seed= 84 SP=1 P0= 17 P1= 26 (P1)  P0W=44 P1W=41 D=0  avgM=+0.55  t=0.9s elapsed=58s eta=10s
[ 86/100] seed= 85 SP=1 P0= 18 P1= 16 (P0)  P0W=45 P1W=41 D=0  avgM=+0.57  t=1.0s elapsed=59s eta=10s
[ 87/100] seed= 86 SP=1 P0= 23 P1= 33 (P1)  P0W=45 P1W=42 D=0  avgM=+0.45  t=1.1s elapsed=59s eta=9s
[ 88/100] seed= 88 SP=1 P0= 23 P1= 36 (P1)  P0W=45 P1W=43 D=0  avgM=+0.30  t=1.1s elapsed=60s eta=8s
[ 89/100] seed= 89 SP=1 P0= 17 P1= 29 (P1)  P0W=45 P1W=44 D=0  avgM=+0.16  t=1.7s elapsed=62s eta=8s
[ 90/100] seed= 90 SP=1 P0= 24 P1= 19 (P0)  P0W=46 P1W=44 D=0  avgM=+0.21  t=0.6s elapsed=63s eta=7s
[ 91/100] seed= 91 SP=1 P0= 34 P1= 24 (P0)  P0W=47 P1W=44 D=0  avgM=+0.32  t=1.0s elapsed=64s eta=6s
[ 92/100] seed= 92 SP=0 P0= 22 P1= 28 (P1)  P0W=47 P1W=45 D=0  avgM=+0.25  t=0.9s elapsed=64s eta=6s
[ 93/100] seed= 93 SP=1 P0= 22 P1= 12 (P0)  P0W=48 P1W=45 D=0  avgM=+0.35  t=0.7s elapsed=65s eta=5s
[ 94/100] seed= 87 SP=1 P0= 20 P1= 34 (P1)  P0W=48 P1W=46 D=0  avgM=+0.20  t=6.8s elapsed=65s eta=4s
[ 95/100] seed= 94 SP=0 P0= 21 P1= 29 (P1)  P0W=48 P1W=47 D=0  avgM=+0.12  t=1.0s elapsed=66s eta=3s
[ 96/100] seed= 95 SP=0 P0= 34 P1= 31 (P0)  P0W=49 P1W=47 D=0  avgM=+0.15  t=1.0s elapsed=66s eta=3s
[ 97/100] seed= 96 SP=1 P0= 21 P1= 28 (P1)  P0W=49 P1W=48 D=0  avgM=+0.07  t=1.1s elapsed=67s eta=2s
[ 98/100] seed= 97 SP=0 P0= 27 P1= 15 (P0)  P0W=50 P1W=48 D=0  avgM=+0.19  t=0.9s elapsed=67s eta=1s
[ 99/100] seed= 99 SP=1 P0= 17 P1= 23 (P1)  P0W=50 P1W=49 D=0  avgM=+0.13  t=1.2s elapsed=69s eta=1s
[100/100] seed= 98 SP=0 P0= 24 P1= 21 (P0)  P0W=51 P1W=49 D=0  avgM=+0.16  t=1.6s elapsed=69s eta=0s

Final: P0=51  P1=49  D=0  avg margin (P0-P1)=+0.16
Total elapsed: 69s (0.7s/game avg)
