NN match: P0=nn vs P1=nn
  P0 model: /Users/hunterwieman/Desktop/Agricola/AgricolaBot/nn_models/M_10k_standard_bimodal/best.pt
  P1 model: /Users/hunterwieman/Desktop/Agricola/AgricolaBot/nn_models/M_15k_standard/best.pt
  sims:     500 (mcts seats only)
  c_uct:    1.4
  n_random_fencing: 4
  fpu_offset: 0.0
  mcts_temperature: 0.2
  nn_temperature: 0.0
  games:    200 (seeds 0..199)
  jobs:     8

/Users/hunterwieman/miniconda3/lib/python3.10/site-packages/torch/_utils.py:783: UserWarning: TypedStorage is deprecated. It will be removed in the future and UntypedStorage will be the only storage class. This should only matter to you if you are using storages directly.  To access UntypedStorage directly, use tensor.untyped_storage() instead of tensor.storage()
  return self.fget.__get__(instance, owner)()
/Users/hunterwieman/miniconda3/lib/python3.10/site-packages/torch/_utils.py:783: UserWarning: TypedStorage is deprecated. It will be removed in the future and UntypedStorage will be the only storage class. This should only matter to you if you are using storages directly.  To access UntypedStorage directly, use tensor.untyped_storage() instead of tensor.storage()
  return self.fget.__get__(instance, owner)()
/Users/hunterwieman/miniconda3/lib/python3.10/site-packages/torch/_utils.py:783: UserWarning: TypedStorage is deprecated. It will be removed in the future and UntypedStorage will be the only storage class. This should only matter to you if you are using storages directly.  To access UntypedStorage directly, use tensor.untyped_storage() instead of tensor.storage()
  return self.fget.__get__(instance, owner)()
/Users/hunterwieman/miniconda3/lib/python3.10/site-packages/torch/_utils.py:783: UserWarning: TypedStorage is deprecated. It will be removed in the future and UntypedStorage will be the only storage class. This should only matter to you if you are using storages directly.  To access UntypedStorage directly, use tensor.untyped_storage() instead of tensor.storage()
  return self.fget.__get__(instance, owner)()
/Users/hunterwieman/miniconda3/lib/python3.10/site-packages/torch/_utils.py:783: UserWarning: TypedStorage is deprecated. It will be removed in the future and UntypedStorage will be the only storage class. This should only matter to you if you are using storages directly.  To access UntypedStorage directly, use tensor.untyped_storage() instead of tensor.storage()
  return self.fget.__get__(instance, owner)()
/Users/hunterwieman/miniconda3/lib/python3.10/site-packages/torch/_utils.py:783: UserWarning: TypedStorage is deprecated. It will be removed in the future and UntypedStorage will be the only storage class. This should only matter to you if you are using storages directly.  To access UntypedStorage directly, use tensor.untyped_storage() instead of tensor.storage()
  return self.fget.__get__(instance, owner)()
/Users/hunterwieman/miniconda3/lib/python3.10/site-packages/torch/_utils.py:783: UserWarning: TypedStorage is deprecated. It will be removed in the future and UntypedStorage will be the only storage class. This should only matter to you if you are using storages directly.  To access UntypedStorage directly, use tensor.untyped_storage() instead of tensor.storage()
  return self.fget.__get__(instance, owner)()
/Users/hunterwieman/miniconda3/lib/python3.10/site-packages/torch/_utils.py:783: UserWarning: TypedStorage is deprecated. It will be removed in the future and UntypedStorage will be the only storage class. This should only matter to you if you are using storages directly.  To access UntypedStorage directly, use tensor.untyped_storage() instead of tensor.storage()
  return self.fget.__get__(instance, owner)()
[  1/200] seed=  3 SP=1 P0= 30 P1= 16 (P0)  P0W=1 P1W=0 D=0  avgM=+14.00  t=1.5s elapsed=4s eta=711s
[  2/200] seed=  6 SP=0 P0= 25 P1= 21 (P0)  P0W=2 P1W=0 D=0  avgM=+9.00  t=1.6s elapsed=4s eta=363s
[  3/200] seed=  2 SP=1 P0= 27 P1= 30 (P1)  P0W=2 P1W=1 D=0  avgM=+5.00  t=2.0s elapsed=4s eta=267s
[  4/200] seed=  7 SP=1 P0= 26 P1= 31 (P1)  P0W=2 P1W=2 D=0  avgM=+2.50  t=2.0s elapsed=4s eta=207s
[  5/200] seed=  5 SP=1 P0= 27 P1= 21 (P0)  P0W=3 P1W=2 D=0  avgM=+3.20  t=2.6s elapsed=5s eta=183s
[  6/200] seed=  1 SP=0 P0= 25 P1= 25 (draw)  P0W=3 P1W=2 D=1  avgM=+2.67  t=2.7s elapsed=5s eta=156s
[  7/200] seed=  4 SP=1 P0= 22 P1= 21 (P0)  P0W=4 P1W=2 D=1  avgM=+2.43  t=2.7s elapsed=5s eta=133s
[  8/200] seed= 10 SP=1 P0= 29 P1= 30 (P1)  P0W=4 P1W=3 D=1  avgM=+2.00  t=1.7s elapsed=6s eta=138s
[  9/200] seed=  0 SP=1 P0= 18 P1= 31 (P1)  P0W=4 P1W=4 D=1  avgM=+0.33  t=3.9s elapsed=6s eta=127s
[ 10/200] seed=  8 SP=1 P0= 28 P1= 21 (P0)  P0W=5 P1W=4 D=1  avgM=+1.00  t=2.6s elapsed=6s eta=117s
[ 11/200] seed= 12 SP=1 P0= 20 P1= 28 (P1)  P0W=5 P1W=5 D=1  avgM=+0.18  t=1.5s elapsed=6s eta=107s
[ 12/200] seed= 13 SP=1 P0= 23 P1= 34 (P1)  P0W=5 P1W=6 D=1  avgM=-0.75  t=1.5s elapsed=6s eta=99s
[ 13/200] seed= 14 SP=0 P0= 26 P1= 21 (P0)  P0W=6 P1W=6 D=1  avgM=-0.31  t=2.0s elapsed=7s eta=99s
[ 14/200] seed=  9 SP=0 P0= 19 P1= 36 (P1)  P0W=6 P1W=7 D=1  avgM=-1.50  t=3.6s elapsed=7s eta=96s
[ 15/200] seed= 15 SP=1 P0= 31 P1= 22 (P0)  P0W=7 P1W=7 D=1  avgM=-0.80  t=1.5s elapsed=7s eta=90s
[ 16/200] seed= 11 SP=0 P0= 19 P1= 36 (P1)  P0W=7 P1W=8 D=1  avgM=-1.81  t=3.6s elapsed=8s eta=91s
[ 17/200] seed= 17 SP=1 P0= 26 P1= 22 (P0)  P0W=8 P1W=8 D=1  avgM=-1.47  t=1.8s elapsed=8s eta=85s
[ 18/200] seed= 16 SP=1 P0= 20 P1= 24 (P1)  P0W=8 P1W=9 D=1  avgM=-1.61  t=2.1s elapsed=8s eta=82s
[ 19/200] seed= 20 SP=1 P0= 26 P1= 18 (P0)  P0W=9 P1W=9 D=1  avgM=-1.11  t=1.7s elapsed=9s eta=82s
[ 20/200] seed= 19 SP=1 P0= 23 P1= 27 (P1)  P0W=9 P1W=10 D=1  avgM=-1.25  t=2.4s elapsed=9s eta=78s
[ 21/200] seed= 18 SP=1 P0= 22 P1= 25 (P1)  P0W=9 P1W=11 D=1  avgM=-1.33  t=2.6s elapsed=9s eta=75s
[ 22/200] seed= 23 SP=0 P0= 22 P1= 31 (P1)  P0W=9 P1W=12 D=1  avgM=-1.68  t=1.3s elapsed=9s eta=74s
[ 23/200] seed= 25 SP=1 P0= 28 P1= 25 (P0)  P0W=10 P1W=12 D=1  avgM=-1.48  t=1.1s elapsed=9s eta=71s
[ 24/200] seed= 21 SP=0 P0= 32 P1= 23 (P0)  P0W=11 P1W=12 D=1  avgM=-1.04  t=2.0s elapsed=9s eta=68s
[ 25/200] seed= 22 SP=1 P0= 28 P1= 32 (P1)  P0W=11 P1W=13 D=1  avgM=-1.16  t=2.0s elapsed=9s eta=65s
[ 26/200] seed= 24 SP=0 P0= 33 P1= 25 (P0)  P0W=12 P1W=13 D=1  avgM=-0.81  t=1.7s elapsed=10s eta=64s
[ 27/200] seed= 27 SP=0 P0= 22 P1= 27 (P1)  P0W=12 P1W=14 D=1  avgM=-0.96  t=1.4s elapsed=10s eta=64s
[ 28/200] seed= 28 SP=1 P0= 24 P1= 23 (P0)  P0W=13 P1W=14 D=1  avgM=-0.89  t=2.0s elapsed=11s eta=66s
[ 29/200] seed= 26 SP=1 P0= 29 P1= 30 (P1)  P0W=13 P1W=15 D=1  avgM=-0.90  t=2.2s elapsed=11s eta=64s
[ 30/200] seed= 29 SP=1 P0= 29 P1= 22 (P0)  P0W=14 P1W=15 D=1  avgM=-0.63  t=2.1s elapsed=11s eta=64s
[ 31/200] seed= 31 SP=1 P0= 28 P1= 23 (P0)  P0W=15 P1W=15 D=1  avgM=-0.45  t=2.2s elapsed=11s eta=62s
[ 32/200] seed= 34 SP=0 P0= 26 P1= 26 (P0)  P0W=16 P1W=15 D=1  avgM=-0.44  t=1.5s elapsed=12s eta=61s
[ 33/200] seed= 32 SP=1 P0= 24 P1= 29 (P1)  P0W=16 P1W=16 D=1  avgM=-0.58  t=2.3s elapsed=12s eta=59s
[ 34/200] seed= 35 SP=0 P0= 23 P1= 22 (P0)  P0W=17 P1W=16 D=1  avgM=-0.53  t=1.5s elapsed=12s eta=60s
[ 35/200] seed= 33 SP=1 P0= 27 P1= 28 (P1)  P0W=17 P1W=17 D=1  avgM=-0.54  t=2.9s elapsed=12s eta=59s
[ 36/200] seed= 37 SP=0 P0= 30 P1= 24 (P0)  P0W=18 P1W=17 D=1  avgM=-0.36  t=1.8s elapsed=13s eta=59s
[ 37/200] seed= 36 SP=0 P0= 32 P1= 26 (P0)  P0W=19 P1W=17 D=1  avgM=-0.19  t=2.4s elapsed=13s eta=58s
[ 38/200] seed= 40 SP=1 P0= 27 P1= 22 (P0)  P0W=20 P1W=17 D=1  avgM=-0.05  t=1.8s elapsed=13s eta=57s
[ 39/200] seed= 38 SP=0 P0= 22 P1= 23 (P1)  P0W=20 P1W=18 D=1  avgM=-0.08  t=2.0s elapsed=13s eta=56s
[ 40/200] seed= 42 SP=0 P0= 30 P1= 26 (P0)  P0W=21 P1W=18 D=1  avgM=+0.03  t=1.5s elapsed=14s eta=56s
[ 41/200] seed= 39 SP=1 P0= 23 P1= 27 (P1)  P0W=21 P1W=19 D=1  avgM=-0.07  t=2.5s elapsed=14s eta=54s
[ 42/200] seed= 41 SP=1 P0= 21 P1= 20 (P0)  P0W=22 P1W=19 D=1  avgM=-0.05  t=2.1s elapsed=14s eta=54s
[ 43/200] seed= 44 SP=1 P0= 26 P1= 23 (P0)  P0W=23 P1W=19 D=1  avgM=+0.02  t=1.4s elapsed=15s eta=53s
[ 44/200] seed= 48 SP=0 P0= 22 P1= 16 (P0)  P0W=24 P1W=19 D=1  avgM=+0.16  t=1.4s elapsed=15s eta=55s
[ 45/200] seed= 30 SP=0 P0= 27 P1= 32 (P1)  P0W=24 P1W=20 D=1  avgM=+0.04  t=6.4s elapsed=16s eta=54s
[ 46/200] seed= 47 SP=0 P0= 26 P1= 29 (P1)  P0W=24 P1W=21 D=1  avgM=-0.02  t=1.6s elapsed=16s eta=52s
[ 47/200] seed= 43 SP=1 P0= 31 P1= 22 (P0)  P0W=25 P1W=21 D=1  avgM=+0.17  t=3.0s elapsed=16s eta=52s
[ 48/200] seed= 49 SP=0 P0= 24 P1= 24 (P1)  P0W=25 P1W=22 D=1  avgM=+0.17  t=1.8s elapsed=16s eta=51s
[ 49/200] seed= 46 SP=1 P0= 30 P1= 20 (P0)  P0W=26 P1W=22 D=1  avgM=+0.37  t=2.8s elapsed=16s eta=50s
[ 50/200] seed= 53 SP=1 P0= 17 P1= 18 (P1)  P0W=26 P1W=23 D=1  avgM=+0.34  t=1.6s elapsed=17s eta=51s
[ 51/200] seed= 51 SP=0 P0= 33 P1= 26 (P0)  P0W=27 P1W=23 D=1  avgM=+0.47  t=1.9s elapsed=17s eta=51s
[ 52/200] seed= 52 SP=1 P0= 21 P1= 33 (P1)  P0W=27 P1W=24 D=1  avgM=+0.23  t=1.9s elapsed=17s eta=50s
[ 53/200] seed= 54 SP=0 P0= 31 P1= 28 (P0)  P0W=28 P1W=24 D=1  avgM=+0.28  t=1.5s elapsed=18s eta=49s
[ 54/200] seed= 56 SP=0 P0= 30 P1= 22 (P0)  P0W=29 P1W=24 D=1  avgM=+0.43  t=1.3s elapsed=18s eta=47s
[ 55/200] seed= 50 SP=1 P0= 30 P1= 31 (P1)  P0W=29 P1W=25 D=1  avgM=+0.40  t=3.1s elapsed=18s eta=47s
[ 56/200] seed= 55 SP=1 P0= 32 P1= 21 (P0)  P0W=30 P1W=25 D=1  avgM=+0.59  t=1.9s elapsed=18s eta=47s
[ 57/200] seed= 45 SP=1 P0= 20 P1= 31 (P1)  P0W=30 P1W=26 D=1  avgM=+0.39  t=4.8s elapsed=18s eta=46s
[ 58/200] seed= 57 SP=0 P0= 21 P1= 26 (P1)  P0W=30 P1W=27 D=1  avgM=+0.29  t=1.3s elapsed=18s eta=45s
[ 59/200] seed= 62 SP=0 P0= 28 P1= 21 (P0)  P0W=31 P1W=27 D=1  avgM=+0.41  t=1.2s elapsed=19s eta=45s
[ 60/200] seed= 63 SP=0 P0= 28 P1= 25 (P0)  P0W=32 P1W=27 D=1  avgM=+0.45  t=1.3s elapsed=19s eta=45s
[ 61/200] seed= 59 SP=1 P0= 29 P1= 26 (P0)  P0W=33 P1W=27 D=1  avgM=+0.49  t=2.0s elapsed=19s eta=44s
[ 62/200] seed= 61 SP=0 P0= 30 P1= 23 (P0)  P0W=34 P1W=27 D=1  avgM=+0.60  t=2.1s elapsed=20s eta=44s
[ 63/200] seed= 58 SP=1 P0= 22 P1= 25 (P1)  P0W=34 P1W=28 D=1  avgM=+0.54  t=2.4s elapsed=20s eta=43s
[ 64/200] seed= 60 SP=0 P0= 26 P1= 31 (P1)  P0W=34 P1W=29 D=1  avgM=+0.45  t=2.3s elapsed=20s eta=42s
[ 65/200] seed= 65 SP=0 P0= 25 P1= 29 (P1)  P0W=34 P1W=30 D=1  avgM=+0.38  t=1.5s elapsed=20s eta=42s
[ 66/200] seed= 68 SP=0 P0= 28 P1= 22 (P0)  P0W=35 P1W=30 D=1  avgM=+0.47  t=1.3s elapsed=21s eta=42s
[ 67/200] seed= 67 SP=1 P0= 26 P1= 33 (P1)  P0W=35 P1W=31 D=1  avgM=+0.36  t=1.7s elapsed=21s eta=42s
[ 68/200] seed= 71 SP=1 P0= 30 P1= 30 (P0)  P0W=36 P1W=31 D=1  avgM=+0.35  t=1.5s elapsed=21s eta=41s
[ 69/200] seed= 69 SP=0 P0= 30 P1= 21 (P0)  P0W=37 P1W=31 D=1  avgM=+0.48  t=1.7s elapsed=21s eta=41s
[ 70/200] seed= 64 SP=1 P0= 32 P1= 30 (P0)  P0W=38 P1W=31 D=1  avgM=+0.50  t=3.3s elapsed=21s eta=40s
[ 71/200] seed= 66 SP=1 P0= 23 P1= 26 (P1)  P0W=38 P1W=32 D=1  avgM=+0.45  t=2.6s elapsed=22s eta=39s
[ 72/200] seed= 72 SP=1 P0= 19 P1= 21 (P1)  P0W=38 P1W=33 D=1  avgM=+0.42  t=1.9s elapsed=22s eta=39s
[ 73/200] seed= 70 SP=1 P0= 24 P1= 25 (P1)  P0W=38 P1W=34 D=1  avgM=+0.40  t=2.3s elapsed=22s eta=38s
[ 74/200] seed= 73 SP=1 P0= 21 P1= 31 (P1)  P0W=38 P1W=35 D=1  avgM=+0.26  t=1.8s elapsed=22s eta=38s
[ 75/200] seed= 74 SP=0 P0= 32 P1= 23 (P0)  P0W=39 P1W=35 D=1  avgM=+0.37  t=1.7s elapsed=23s eta=38s
[ 76/200] seed= 77 SP=0 P0= 28 P1= 23 (P0)  P0W=40 P1W=35 D=1  avgM=+0.43  t=1.4s elapsed=23s eta=37s
[ 77/200] seed= 76 SP=1 P0= 17 P1= 18 (P1)  P0W=40 P1W=36 D=1  avgM=+0.42  t=1.6s elapsed=23s eta=37s
[ 78/200] seed= 78 SP=1 P0= 27 P1= 26 (P0)  P0W=41 P1W=36 D=1  avgM=+0.42  t=1.7s elapsed=23s eta=36s
[ 79/200] seed= 80 SP=1 P0= 21 P1= 30 (P1)  P0W=41 P1W=37 D=1  avgM=+0.30  t=1.6s elapsed=24s eta=36s
[ 80/200] seed= 75 SP=1 P0= 18 P1= 30 (P1)  P0W=41 P1W=38 D=1  avgM=+0.15  t=2.4s elapsed=24s eta=36s
[ 81/200] seed= 82 SP=1 P0= 24 P1= 24 (P0)  P0W=42 P1W=38 D=1  avgM=+0.15  t=1.5s elapsed=24s eta=36s
[ 82/200] seed= 84 SP=1 P0= 23 P1= 33 (P1)  P0W=42 P1W=39 D=1  avgM=+0.02  t=1.6s elapsed=25s eta=35s
[ 83/200] seed= 81 SP=0 P0= 22 P1= 31 (P1)  P0W=42 P1W=40 D=1  avgM=-0.08  t=2.8s elapsed=25s eta=36s
[ 84/200] seed= 86 SP=1 P0= 16 P1= 22 (P1)  P0W=42 P1W=41 D=1  avgM=-0.15  t=1.6s elapsed=25s eta=35s
[ 85/200] seed= 85 SP=1 P0= 29 P1= 32 (P1)  P0W=42 P1W=42 D=1  avgM=-0.19  t=2.1s elapsed=25s eta=34s
[ 86/200] seed= 83 SP=1 P0= 28 P1= 25 (P0)  P0W=43 P1W=42 D=1  avgM=-0.15  t=2.6s elapsed=25s eta=34s
[ 87/200] seed= 79 SP=0 P0= 29 P1= 29 (P0)  P0W=44 P1W=42 D=1  avgM=-0.15  t=3.6s elapsed=26s eta=33s
[ 88/200] seed= 88 SP=1 P0= 26 P1= 30 (P1)  P0W=44 P1W=43 D=1  avgM=-0.19  t=1.3s elapsed=26s eta=33s
[ 89/200] seed= 87 SP=1 P0= 31 P1= 22 (P0)  P0W=45 P1W=43 D=1  avgM=-0.09  t=2.8s elapsed=27s eta=33s
[ 90/200] seed= 89 SP=1 P0= 35 P1= 22 (P0)  P0W=46 P1W=43 D=1  avgM=+0.06  t=2.4s elapsed=27s eta=33s
[ 91/200] seed= 95 SP=0 P0= 21 P1= 26 (P1)  P0W=46 P1W=44 D=1  avgM=+0.00  t=1.5s elapsed=27s eta=32s
[ 92/200] seed= 93 SP=1 P0= 30 P1= 30 (P0)  P0W=47 P1W=44 D=1  avgM=+0.00  t=1.7s elapsed=27s eta=32s
[ 93/200] seed= 91 SP=1 P0= 20 P1= 27 (P1)  P0W=47 P1W=45 D=1  avgM=-0.08  t=2.0s elapsed=27s eta=31s
[ 94/200] seed= 92 SP=0 P0= 30 P1= 29 (P0)  P0W=48 P1W=45 D=1  avgM=-0.06  t=2.5s elapsed=28s eta=31s
[ 95/200] seed= 96 SP=1 P0= 29 P1= 18 (P0)  P0W=49 P1W=45 D=1  avgM=+0.05  t=1.8s elapsed=28s eta=31s
[ 96/200] seed= 99 SP=1 P0= 27 P1= 26 (P0)  P0W=50 P1W=45 D=1  avgM=+0.06  t=1.3s elapsed=28s eta=31s
[ 97/200] seed= 97 SP=0 P0= 30 P1= 24 (P0)  P0W=51 P1W=45 D=1  avgM=+0.12  t=1.7s elapsed=29s eta=31s
[ 98/200] seed= 98 SP=0 P0= 22 P1= 23 (P1)  P0W=51 P1W=46 D=1  avgM=+0.11  t=1.9s elapsed=29s eta=30s
[ 99/200] seed=100 SP=1 P0= 26 P1= 27 (P1)  P0W=51 P1W=47 D=1  avgM=+0.10  t=1.9s elapsed=29s eta=30s
[100/200] seed=102 SP=0 P0= 23 P1= 28 (P1)  P0W=51 P1W=48 D=1  avgM=+0.05  t=1.7s elapsed=30s eta=30s
[101/200] seed=103 SP=1 P0= 31 P1= 25 (P0)  P0W=52 P1W=48 D=1  avgM=+0.11  t=1.7s elapsed=30s eta=30s
[102/200] seed=104 SP=1 P0= 29 P1= 34 (P1)  P0W=52 P1W=49 D=1  avgM=+0.06  t=1.4s elapsed=30s eta=29s
[103/200] seed=105 SP=0 P0= 27 P1= 26 (P0)  P0W=53 P1W=49 D=1  avgM=+0.07  t=1.4s elapsed=30s eta=29s
[104/200] seed= 90 SP=1 P0= 29 P1= 22 (P0)  P0W=54 P1W=49 D=1  avgM=+0.13  t=6.7s elapsed=32s eta=29s
[105/200] seed= 94 SP=0 P0= 27 P1= 30 (P1)  P0W=54 P1W=50 D=1  avgM=+0.10  t=6.6s elapsed=32s eta=29s
[106/200] seed=101 SP=0 P0= 27 P1= 29 (P1)  P0W=54 P1W=51 D=1  avgM=+0.08  t=4.9s elapsed=33s eta=29s
[107/200] seed=109 SP=1 P0= 26 P1= 21 (P0)  P0W=55 P1W=51 D=1  avgM=+0.13  t=2.5s elapsed=33s eta=28s
[108/200] seed=106 SP=1 P0= 25 P1= 33 (P1)  P0W=55 P1W=52 D=1  avgM=+0.06  t=3.6s elapsed=33s eta=28s
[109/200] seed=107 SP=0 P0= 23 P1= 30 (P1)  P0W=55 P1W=53 D=1  avgM=-0.01  t=2.9s elapsed=33s eta=28s
[110/200] seed=110 SP=1 P0= 25 P1= 23 (P0)  P0W=56 P1W=53 D=1  avgM=+0.01  t=3.1s elapsed=33s eta=27s
[111/200] seed=111 SP=0 P0= 28 P1= 22 (P0)  P0W=57 P1W=53 D=1  avgM=+0.06  t=1.9s elapsed=34s eta=27s
[112/200] seed=112 SP=0 P0= 18 P1= 27 (P1)  P0W=57 P1W=54 D=1  avgM=-0.02  t=1.7s elapsed=34s eta=27s
[113/200] seed=113 SP=0 P0= 30 P1= 31 (P1)  P0W=57 P1W=55 D=1  avgM=-0.03  t=2.0s elapsed=35s eta=27s
[114/200] seed=116 SP=0 P0= 15 P1= 21 (P1)  P0W=57 P1W=56 D=1  avgM=-0.08  t=1.9s elapsed=35s eta=26s
[115/200] seed=108 SP=0 P0= 30 P1= 28 (P0)  P0W=58 P1W=56 D=1  avgM=-0.06  t=5.0s elapsed=35s eta=26s
[116/200] seed=117 SP=0 P0= 27 P1= 20 (P0)  P0W=59 P1W=56 D=1  avgM=+0.00  t=1.7s elapsed=35s eta=25s
[117/200] seed=119 SP=0 P0= 28 P1= 19 (P0)  P0W=60 P1W=56 D=1  avgM=+0.08  t=1.7s elapsed=36s eta=25s
[118/200] seed=115 SP=1 P0= 27 P1= 21 (P0)  P0W=61 P1W=56 D=1  avgM=+0.13  t=3.3s elapsed=36s eta=25s
[119/200] seed=114 SP=0 P0= 30 P1= 29 (P0)  P0W=62 P1W=56 D=1  avgM=+0.13  t=3.5s elapsed=36s eta=25s
[120/200] seed=118 SP=0 P0= 23 P1= 23 (P1)  P0W=62 P1W=57 D=1  avgM=+0.13  t=2.8s elapsed=37s eta=24s
[121/200] seed=121 SP=0 P0= 16 P1= 23 (P1)  P0W=62 P1W=58 D=1  avgM=+0.07  t=1.8s elapsed=37s eta=24s
[122/200] seed=122 SP=1 P0= 28 P1= 27 (P0)  P0W=63 P1W=58 D=1  avgM=+0.08  t=1.7s elapsed=37s eta=24s
[123/200] seed=120 SP=0 P0= 30 P1= 29 (P0)  P0W=64 P1W=58 D=1  avgM=+0.09  t=2.6s elapsed=37s eta=23s
[124/200] seed=125 SP=0 P0= 15 P1= 28 (P1)  P0W=64 P1W=59 D=1  avgM=-0.02  t=2.0s elapsed=38s eta=23s
[125/200] seed=127 SP=1 P0= 27 P1= 29 (P1)  P0W=64 P1W=60 D=1  avgM=-0.03  t=1.5s elapsed=38s eta=23s
[126/200] seed=126 SP=0 P0= 30 P1= 29 (P0)  P0W=65 P1W=60 D=1  avgM=-0.02  t=2.0s elapsed=38s eta=23s
[127/200] seed=128 SP=1 P0= 20 P1= 28 (P1)  P0W=65 P1W=61 D=1  avgM=-0.09  t=2.0s elapsed=39s eta=22s
[128/200] seed=124 SP=1 P0= 25 P1= 27 (P1)  P0W=65 P1W=62 D=1  avgM=-0.10  t=3.3s elapsed=39s eta=22s
[129/200] seed=129 SP=1 P0= 25 P1= 22 (P0)  P0W=66 P1W=62 D=1  avgM=-0.08  t=2.8s elapsed=40s eta=22s
[130/200] seed=135 SP=0 P0= 19 P1= 14 (P0)  P0W=67 P1W=62 D=1  avgM=-0.04  t=1.2s elapsed=40s eta=22s
[131/200] seed=130 SP=1 P0= 22 P1= 25 (P1)  P0W=67 P1W=63 D=1  avgM=-0.06  t=2.8s elapsed=40s eta=21s
[132/200] seed=133 SP=1 P0= 24 P1= 28 (P1)  P0W=67 P1W=64 D=1  avgM=-0.09  t=1.9s elapsed=40s eta=21s
[133/200] seed=134 SP=1 P0= 26 P1= 30 (P1)  P0W=67 P1W=65 D=1  avgM=-0.12  t=1.7s elapsed=40s eta=20s
[134/200] seed=123 SP=0 P0= 35 P1= 26 (P0)  P0W=68 P1W=65 D=1  avgM=-0.05  t=6.9s elapsed=42s eta=21s
[135/200] seed=136 SP=1 P0= 25 P1= 21 (P0)  P0W=69 P1W=65 D=1  avgM=-0.02  t=2.6s elapsed=42s eta=20s
[136/200] seed=137 SP=0 P0= 29 P1= 25 (P0)  P0W=70 P1W=65 D=1  avgM=+0.01  t=2.0s elapsed=42s eta=20s
[137/200] seed=131 SP=0 P0= 23 P1= 37 (P1)  P0W=70 P1W=66 D=1  avgM=-0.09  t=4.1s elapsed=42s eta=19s
[138/200] seed=140 SP=1 P0= 19 P1= 31 (P1)  P0W=70 P1W=67 D=1  avgM=-0.18  t=2.0s elapsed=42s eta=19s
[139/200] seed=138 SP=1 P0= 34 P1= 22 (P0)  P0W=71 P1W=67 D=1  avgM=-0.09  t=3.0s elapsed=43s eta=19s
[140/200] seed=132 SP=1 P0= 26 P1= 32 (P1)  P0W=71 P1W=68 D=1  avgM=-0.14  t=5.2s elapsed=43s eta=19s
[141/200] seed=144 SP=0 P0= 19 P1= 14 (P0)  P0W=72 P1W=68 D=1  avgM=-0.10  t=1.8s elapsed=44s eta=18s
[142/200] seed=141 SP=0 P0= 22 P1= 24 (P1)  P0W=72 P1W=69 D=1  avgM=-0.11  t=2.7s elapsed=45s eta=18s
[143/200] seed=139 SP=0 P0= 23 P1= 26 (P1)  P0W=72 P1W=70 D=1  avgM=-0.13  t=4.6s elapsed=45s eta=18s
[144/200] seed=145 SP=1 P0= 18 P1= 16 (P0)  P0W=73 P1W=70 D=1  avgM=-0.12  t=2.6s elapsed=45s eta=17s
[145/200] seed=146 SP=1 P0= 22 P1= 23 (P1)  P0W=73 P1W=71 D=1  avgM=-0.12  t=1.9s elapsed=45s eta=17s
[146/200] seed=143 SP=1 P0= 21 P1= 20 (P0)  P0W=74 P1W=71 D=1  avgM=-0.12  t=3.1s elapsed=45s eta=17s
[147/200] seed=142 SP=0 P0= 24 P1= 33 (P1)  P0W=74 P1W=72 D=1  avgM=-0.18  t=3.1s elapsed=45s eta=16s
[148/200] seed=147 SP=0 P0= 28 P1= 22 (P0)  P0W=75 P1W=72 D=1  avgM=-0.14  t=2.7s elapsed=46s eta=16s
[149/200] seed=148 SP=0 P0= 15 P1= 17 (P1)  P0W=75 P1W=73 D=1  avgM=-0.15  t=2.3s elapsed=46s eta=16s
[150/200] seed=151 SP=1 P0= 29 P1= 30 (P1)  P0W=75 P1W=74 D=1  avgM=-0.15  t=1.7s elapsed=47s eta=16s
[151/200] seed=153 SP=1 P0= 29 P1= 30 (P1)  P0W=75 P1W=75 D=1  avgM=-0.16  t=1.6s elapsed=47s eta=15s
[152/200] seed=149 SP=0 P0= 25 P1= 19 (P0)  P0W=76 P1W=75 D=1  avgM=-0.12  t=2.1s elapsed=47s eta=15s
[153/200] seed=154 SP=0 P0= 28 P1= 33 (P1)  P0W=76 P1W=76 D=1  avgM=-0.15  t=1.8s elapsed=47s eta=14s
[154/200] seed=156 SP=1 P0= 25 P1= 31 (P1)  P0W=76 P1W=77 D=1  avgM=-0.19  t=2.2s elapsed=48s eta=14s
[155/200] seed=152 SP=1 P0= 27 P1= 34 (P1)  P0W=76 P1W=78 D=1  avgM=-0.23  t=3.7s elapsed=49s eta=14s
[156/200] seed=158 SP=0 P0= 26 P1= 19 (P0)  P0W=77 P1W=78 D=1  avgM=-0.19  t=2.2s elapsed=49s eta=14s
[157/200] seed=157 SP=0 P0= 26 P1= 27 (P1)  P0W=77 P1W=79 D=1  avgM=-0.19  t=2.5s elapsed=49s eta=13s
[158/200] seed=159 SP=1 P0= 24 P1= 23 (P0)  P0W=78 P1W=79 D=1  avgM=-0.18  t=2.6s elapsed=50s eta=13s
[159/200] seed=155 SP=0 P0= 23 P1= 29 (P1)  P0W=78 P1W=80 D=1  avgM=-0.22  t=3.5s elapsed=50s eta=13s
[160/200] seed=160 SP=0 P0= 24 P1= 25 (P1)  P0W=78 P1W=81 D=1  avgM=-0.23  t=3.7s elapsed=51s eta=13s
[161/200] seed=150 SP=1 P0= 17 P1= 34 (P1)  P0W=78 P1W=82 D=1  avgM=-0.33  t=8.3s elapsed=53s eta=13s
[162/200] seed=162 SP=1 P0= 27 P1= 24 (P0)  P0W=79 P1W=82 D=1  avgM=-0.31  t=4.9s elapsed=54s eta=13s
[163/200] seed=166 SP=1 P0= 28 P1= 28 (P1)  P0W=79 P1W=83 D=1  avgM=-0.31  t=4.9s elapsed=54s eta=12s
[164/200] seed=163 SP=0 P0= 25 P1= 29 (P1)  P0W=79 P1W=84 D=1  avgM=-0.33  t=5.5s elapsed=55s eta=12s
[165/200] seed=164 SP=1 P0= 24 P1= 29 (P1)  P0W=79 P1W=85 D=1  avgM=-0.36  t=5.9s elapsed=55s eta=12s
[166/200] seed=161 SP=1 P0= 25 P1= 33 (P1)  P0W=79 P1W=86 D=1  avgM=-0.40  t=7.2s elapsed=56s eta=11s
[167/200] seed=167 SP=1 P0= 27 P1= 30 (P1)  P0W=79 P1W=87 D=1  avgM=-0.42  t=5.6s elapsed=56s eta=11s
[168/200] seed=169 SP=1 P0= 27 P1= 32 (P1)  P0W=79 P1W=88 D=1  avgM=-0.45  t=2.9s elapsed=57s eta=11s
[169/200] seed=165 SP=1 P0= 27 P1= 34 (P1)  P0W=79 P1W=89 D=1  avgM=-0.49  t=7.5s elapsed=57s eta=10s
[170/200] seed=168 SP=0 P0= 21 P1= 27 (P1)  P0W=79 P1W=90 D=1  avgM=-0.52  t=5.5s elapsed=59s eta=10s
[171/200] seed=172 SP=0 P0= 29 P1= 32 (P1)  P0W=79 P1W=91 D=1  avgM=-0.53  t=3.7s elapsed=59s eta=10s
[172/200] seed=173 SP=1 P0= 24 P1= 35 (P1)  P0W=79 P1W=92 D=1  avgM=-0.59  t=3.3s elapsed=59s eta=10s
[173/200] seed=171 SP=1 P0= 24 P1= 29 (P1)  P0W=79 P1W=93 D=1  avgM=-0.62  t=4.5s elapsed=59s eta=9s
[174/200] seed=170 SP=1 P0= 25 P1= 33 (P1)  P0W=79 P1W=94 D=1  avgM=-0.66  t=5.7s elapsed=60s eta=9s
[175/200] seed=175 SP=1 P0= 27 P1= 24 (P0)  P0W=80 P1W=94 D=1  avgM=-0.64  t=3.5s elapsed=60s eta=9s
[176/200] seed=174 SP=0 P0= 25 P1= 36 (P1)  P0W=80 P1W=95 D=1  avgM=-0.70  t=3.9s elapsed=60s eta=8s
[177/200] seed=176 SP=0 P0= 30 P1= 21 (P0)  P0W=81 P1W=95 D=1  avgM=-0.64  t=3.4s elapsed=60s eta=8s
[178/200] seed=177 SP=1 P0= 24 P1= 26 (P1)  P0W=81 P1W=96 D=1  avgM=-0.65  t=2.6s elapsed=61s eta=8s
[179/200] seed=178 SP=1 P0= 26 P1= 32 (P1)  P0W=81 P1W=97 D=1  avgM=-0.68  t=2.6s elapsed=61s eta=7s
[180/200] seed=179 SP=1 P0= 34 P1= 22 (P0)  P0W=82 P1W=97 D=1  avgM=-0.61  t=3.5s elapsed=63s eta=7s
[181/200] seed=180 SP=0 P0= 24 P1= 23 (P0)  P0W=83 P1W=97 D=1  avgM=-0.60  t=4.3s elapsed=63s eta=7s
[182/200] seed=184 SP=0 P0= 22 P1= 30 (P1)  P0W=83 P1W=98 D=1  avgM=-0.64  t=3.2s elapsed=64s eta=6s
[183/200] seed=186 SP=0 P0= 19 P1= 18 (P0)  P0W=84 P1W=98 D=1  avgM=-0.63  t=2.4s elapsed=64s eta=6s
[184/200] seed=181 SP=1 P0= 24 P1= 20 (P0)  P0W=85 P1W=98 D=1  avgM=-0.61  t=3.8s elapsed=64s eta=6s
[185/200] seed=182 SP=1 P0= 31 P1= 22 (P0)  P0W=86 P1W=98 D=1  avgM=-0.56  t=3.9s elapsed=64s eta=5s
[186/200] seed=187 SP=1 P0= 20 P1= 28 (P1)  P0W=86 P1W=99 D=1  avgM=-0.60  t=1.9s elapsed=64s eta=5s
[187/200] seed=192 SP=1 P0= 29 P1= 30 (P1)  P0W=86 P1W=100 D=1  avgM=-0.60  t=1.8s elapsed=66s eta=5s
[188/200] seed=190 SP=0 P0= 27 P1= 27 (P0)  P0W=87 P1W=100 D=1  avgM=-0.60  t=2.3s elapsed=66s eta=4s
[189/200] seed=188 SP=0 P0= 21 P1= 25 (P1)  P0W=87 P1W=101 D=1  avgM=-0.61  t=2.7s elapsed=66s eta=4s
[190/200] seed=189 SP=0 P0= 27 P1= 27 (P1)  P0W=87 P1W=102 D=1  avgM=-0.61  t=2.9s elapsed=67s eta=4s
[191/200] seed=183 SP=1 P0= 23 P1= 32 (P1)  P0W=87 P1W=103 D=1  avgM=-0.65  t=6.8s elapsed=67s eta=3s
[192/200] seed=193 SP=1 P0= 28 P1= 12 (P0)  P0W=88 P1W=103 D=1  avgM=-0.57  t=3.0s elapsed=67s eta=3s
[193/200] seed=194 SP=1 P0= 29 P1= 27 (P0)  P0W=89 P1W=103 D=1  avgM=-0.55  t=1.6s elapsed=68s eta=2s
[194/200] seed=185 SP=0 P0= 27 P1= 30 (P1)  P0W=89 P1W=104 D=1  avgM=-0.57  t=7.2s elapsed=68s eta=2s
[195/200] seed=191 SP=0 P0= 27 P1= 23 (P0)  P0W=90 P1W=104 D=1  avgM=-0.54  t=4.6s elapsed=68s eta=2s
[196/200] seed=196 SP=0 P0= 29 P1= 25 (P0)  P0W=91 P1W=104 D=1  avgM=-0.52  t=2.4s elapsed=69s eta=1s
[197/200] seed=198 SP=0 P0= 15 P1= 23 (P1)  P0W=91 P1W=105 D=1  avgM=-0.56  t=2.3s elapsed=69s eta=1s
[198/200] seed=197 SP=1 P0= 22 P1= 25 (P1)  P0W=91 P1W=106 D=1  avgM=-0.57  t=3.1s elapsed=70s eta=1s
[199/200] seed=199 SP=0 P0= 25 P1= 29 (P1)  P0W=91 P1W=107 D=1  avgM=-0.59  t=2.2s elapsed=70s eta=0s
[200/200] seed=195 SP=0 P0= 28 P1= 30 (P1)  P0W=91 P1W=108 D=1  avgM=-0.59  t=3.8s elapsed=70s eta=0s

Final: P0=91  P1=108  D=1  avg margin (P0-P1)=-0.59
Total elapsed: 70s (0.3s/game avg)
