NN match: P0=nn vs P1=heuristic
  P0: nn /Users/hunterwieman/Desktop/Agricola/AgricolaBot/nn_models/M_55k_all/best.pt
  P1: heuristic[v3] tuned_configs/panel_gen16.json
  sims:     500 (mcts seats only)
  c_uct:    1.4
  n_random_fencing: 4
  fpu_offset: 0.0
  mcts_temperature: 0.2
  nn_temperature: 0.0
  games:    100 (seeds 0..99)
  jobs:     4

/Users/hunterwieman/miniconda3/lib/python3.10/site-packages/torch/_utils.py:783: UserWarning: TypedStorage is deprecated. It will be removed in the future and UntypedStorage will be the only storage class. This should only matter to you if you are using storages directly.  To access UntypedStorage directly, use tensor.untyped_storage() instead of tensor.storage()
  return self.fget.__get__(instance, owner)()
/Users/hunterwieman/miniconda3/lib/python3.10/site-packages/torch/_utils.py:783: UserWarning: TypedStorage is deprecated. It will be removed in the future and UntypedStorage will be the only storage class. This should only matter to you if you are using storages directly.  To access UntypedStorage directly, use tensor.untyped_storage() instead of tensor.storage()
  return self.fget.__get__(instance, owner)()
/Users/hunterwieman/miniconda3/lib/python3.10/site-packages/torch/_utils.py:783: UserWarning: TypedStorage is deprecated. It will be removed in the future and UntypedStorage will be the only storage class. This should only matter to you if you are using storages directly.  To access UntypedStorage directly, use tensor.untyped_storage() instead of tensor.storage()
  return self.fget.__get__(instance, owner)()
/Users/hunterwieman/miniconda3/lib/python3.10/site-packages/torch/_utils.py:783: UserWarning: TypedStorage is deprecated. It will be removed in the future and UntypedStorage will be the only storage class. This should only matter to you if you are using storages directly.  To access UntypedStorage directly, use tensor.untyped_storage() instead of tensor.storage()
  return self.fget.__get__(instance, owner)()
[  1/100] seed=  1 SP=0 P0= 28 P1= 18 (P0)  P0W=1 P1W=0 D=0  avgM=+10.00  t=0.8s elapsed=2s eta=220s
[  2/100] seed=  0 SP=1 P0= 29 P1= 20 (P0)  P0W=2 P1W=0 D=0  avgM=+9.50  t=1.0s elapsed=2s eta=116s
[  3/100] seed=  3 SP=1 P0= 32 P1= 26 (P0)  P0W=3 P1W=0 D=0  avgM=+8.33  t=1.2s elapsed=3s eta=87s
[  4/100] seed=  2 SP=1 P0= 28 P1= 25 (P0)  P0W=4 P1W=0 D=0  avgM=+7.00  t=1.5s elapsed=3s eta=69s
[  5/100] seed=  4 SP=1 P0= 26 P1=  0 (P0)  P0W=5 P1W=0 D=0  avgM=+10.80  t=1.1s elapsed=3s eta=62s
[  6/100] seed=  5 SP=1 P0= 33 P1= -9 (P0)  P0W=6 P1W=0 D=0  avgM=+16.00  t=1.1s elapsed=3s eta=54s
[  7/100] seed=  6 SP=0 P0= 31 P1= 17 (P0)  P0W=7 P1W=0 D=0  avgM=+15.71  t=0.8s elapsed=4s eta=47s
[  8/100] seed=  8 SP=1 P0= 22 P1= 13 (P0)  P0W=8 P1W=0 D=0  avgM=+14.88  t=0.6s elapsed=4s eta=45s
[  9/100] seed= 10 SP=1 P0= 22 P1= 11 (P0)  P0W=9 P1W=0 D=0  avgM=+14.44  t=0.6s elapsed=4s eta=42s
[ 10/100] seed=  7 SP=1 P0= 30 P1= 27 (P0)  P0W=10 P1W=0 D=0  avgM=+13.30  t=1.3s elapsed=4s eta=38s
[ 11/100] seed=  9 SP=0 P0= 24 P1= 18 (P0)  P0W=11 P1W=0 D=0  avgM=+12.64  t=0.8s elapsed=4s eta=34s
[ 12/100] seed= 13 SP=1 P0= 30 P1= 25 (P0)  P0W=12 P1W=0 D=0  avgM=+12.00  t=0.6s elapsed=5s eta=35s
[ 13/100] seed= 12 SP=1 P0= 27 P1= 15 (P0)  P0W=13 P1W=0 D=0  avgM=+12.00  t=0.7s elapsed=5s eta=32s
[ 14/100] seed= 14 SP=0 P0= 28 P1= 20 (P0)  P0W=14 P1W=0 D=0  avgM=+11.71  t=1.0s elapsed=5s eta=32s
[ 15/100] seed= 11 SP=0 P0= 41 P1= 21 (P0)  P0W=15 P1W=0 D=0  avgM=+12.27  t=1.7s elapsed=6s eta=32s
[ 16/100] seed= 16 SP=1 P0= 35 P1= 25 (P0)  P0W=16 P1W=0 D=0  avgM=+12.12  t=0.9s elapsed=6s eta=30s
[ 17/100] seed= 17 SP=1 P0= 30 P1= 25 (P0)  P0W=17 P1W=0 D=0  avgM=+11.71  t=0.6s elapsed=6s eta=29s
[ 18/100] seed= 15 SP=1 P0= 32 P1= 25 (P0)  P0W=18 P1W=0 D=0  avgM=+11.44  t=1.2s elapsed=6s eta=27s
[ 19/100] seed= 18 SP=1 P0= 19 P1= 14 (P0)  P0W=19 P1W=0 D=0  avgM=+11.11  t=0.7s elapsed=6s eta=27s
[ 20/100] seed= 20 SP=1 P0= 18 P1=  0 (P0)  P0W=20 P1W=0 D=0  avgM=+11.45  t=0.7s elapsed=7s eta=26s
[ 21/100] seed= 19 SP=1 P0= 33 P1= 25 (P0)  P0W=21 P1W=0 D=0  avgM=+11.29  t=1.1s elapsed=7s eta=26s
[ 22/100] seed= 21 SP=0 P0= 33 P1= 22 (P0)  P0W=22 P1W=0 D=0  avgM=+11.27  t=0.9s elapsed=7s eta=25s
[ 23/100] seed= 22 SP=1 P0= 32 P1= 18 (P0)  P0W=23 P1W=0 D=0  avgM=+11.39  t=0.7s elapsed=7s eta=23s
[ 24/100] seed= 25 SP=1 P0= 33 P1= 22 (P0)  P0W=24 P1W=0 D=0  avgM=+11.38  t=1.0s elapsed=8s eta=25s
[ 25/100] seed= 26 SP=1 P0= 30 P1= 27 (P0)  P0W=25 P1W=0 D=0  avgM=+11.04  t=1.3s elapsed=8s eta=25s
[ 26/100] seed= 27 SP=0 P0= 27 P1= 22 (P0)  P0W=26 P1W=0 D=0  avgM=+10.81  t=1.1s elapsed=9s eta=26s
[ 27/100] seed= 23 SP=0 P0= 23 P1= 23 (P0)  P0W=27 P1W=0 D=0  avgM=+10.41  t=2.9s elapsed=9s eta=26s
[ 28/100] seed= 28 SP=1 P0= 38 P1= 15 (P0)  P0W=28 P1W=0 D=0  avgM=+10.86  t=1.2s elapsed=9s eta=24s
[ 29/100] seed= 29 SP=1 P0= 19 P1= 14 (P0)  P0W=29 P1W=0 D=0  avgM=+10.66  t=0.7s elapsed=10s eta=24s
[ 30/100] seed= 31 SP=1 P0= 29 P1= 20 (P0)  P0W=30 P1W=0 D=0  avgM=+10.60  t=0.9s elapsed=10s eta=24s
[ 31/100] seed= 33 SP=1 P0= 26 P1= 21 (P0)  P0W=31 P1W=0 D=0  avgM=+10.42  t=0.6s elapsed=11s eta=24s
[ 32/100] seed= 32 SP=1 P0= 32 P1= 14 (P0)  P0W=32 P1W=0 D=0  avgM=+10.66  t=1.4s elapsed=11s eta=24s
[ 33/100] seed= 30 SP=0 P0= 40 P1= 16 (P0)  P0W=33 P1W=0 D=0  avgM=+11.06  t=1.7s elapsed=11s eta=23s
[ 34/100] seed= 36 SP=0 P0= 28 P1= 19 (P0)  P0W=34 P1W=0 D=0  avgM=+11.00  t=0.8s elapsed=12s eta=23s
[ 35/100] seed= 35 SP=0 P0= 24 P1= 19 (P0)  P0W=35 P1W=0 D=0  avgM=+10.83  t=1.0s elapsed=12s eta=22s
[ 36/100] seed= 24 SP=0 P0= 38 P1= 23 (P0)  P0W=36 P1W=0 D=0  avgM=+10.94  t=5.8s elapsed=13s eta=22s
[ 37/100] seed= 37 SP=0 P0= 28 P1= 21 (P0)  P0W=37 P1W=0 D=0  avgM=+10.84  t=0.9s elapsed=13s eta=22s
[ 38/100] seed= 39 SP=1 P0= 29 P1= 20 (P0)  P0W=38 P1W=0 D=0  avgM=+10.79  t=1.2s elapsed=14s eta=22s
[ 39/100] seed= 38 SP=0 P0= 38 P1= 21 (P0)  P0W=39 P1W=0 D=0  avgM=+10.95  t=1.8s elapsed=14s eta=22s
[ 40/100] seed= 40 SP=1 P0= 34 P1= 24 (P0)  P0W=40 P1W=0 D=0  avgM=+10.93  t=1.4s elapsed=14s eta=22s
[ 41/100] seed= 42 SP=0 P0= 27 P1= 20 (P0)  P0W=41 P1W=0 D=0  avgM=+10.83  t=1.2s elapsed=15s eta=22s
[ 42/100] seed= 41 SP=1 P0= 30 P1= 17 (P0)  P0W=42 P1W=0 D=0  avgM=+10.88  t=1.4s elapsed=15s eta=21s
[ 43/100] seed= 34 SP=0 P0= 42 P1= 20 (P0)  P0W=43 P1W=0 D=0  avgM=+11.14  t=4.6s elapsed=16s eta=21s
[ 44/100] seed= 43 SP=1 P0= 30 P1= -8 (P0)  P0W=44 P1W=0 D=0  avgM=+11.75  t=1.2s elapsed=16s eta=20s
[ 45/100] seed= 44 SP=1 P0= 36 P1= 25 (P0)  P0W=45 P1W=0 D=0  avgM=+11.73  t=1.0s elapsed=16s eta=20s
[ 46/100] seed= 45 SP=1 P0= 34 P1= 17 (P0)  P0W=46 P1W=0 D=0  avgM=+11.85  t=1.1s elapsed=16s eta=19s
[ 47/100] seed= 46 SP=1 P0= 20 P1= 12 (P0)  P0W=47 P1W=0 D=0  avgM=+11.77  t=0.9s elapsed=16s eta=19s
[ 48/100] seed= 49 SP=0 P0= 31 P1= 15 (P0)  P0W=48 P1W=0 D=0  avgM=+11.85  t=0.8s elapsed=17s eta=18s
[ 49/100] seed= 48 SP=0 P0= 33 P1= 25 (P0)  P0W=49 P1W=0 D=0  avgM=+11.78  t=1.4s elapsed=17s eta=18s
[ 50/100] seed= 51 SP=0 P0= 27 P1= 21 (P0)  P0W=50 P1W=0 D=0  avgM=+11.66  t=1.0s elapsed=18s eta=18s
[ 51/100] seed= 47 SP=0 P0= 33 P1= 19 (P0)  P0W=51 P1W=0 D=0  avgM=+11.71  t=2.5s elapsed=18s eta=17s
[ 52/100] seed= 50 SP=1 P0= 40 P1= 19 (P0)  P0W=52 P1W=0 D=0  avgM=+11.88  t=1.9s elapsed=18s eta=17s
[ 53/100] seed= 52 SP=1 P0= 35 P1= 26 (P0)  P0W=53 P1W=0 D=0  avgM=+11.83  t=1.0s elapsed=18s eta=16s
[ 54/100] seed= 53 SP=1 P0= 14 P1=-16 (P0)  P0W=54 P1W=0 D=0  avgM=+12.17  t=0.8s elapsed=19s eta=16s
[ 55/100] seed= 54 SP=0 P0= 30 P1= 17 (P0)  P0W=55 P1W=0 D=0  avgM=+12.18  t=0.7s elapsed=19s eta=15s
[ 56/100] seed= 55 SP=1 P0= 19 P1= 14 (P0)  P0W=56 P1W=0 D=0  avgM=+12.05  t=0.7s elapsed=19s eta=15s
[ 57/100] seed= 58 SP=1 P0= 30 P1= 10 (P0)  P0W=57 P1W=0 D=0  avgM=+12.19  t=0.7s elapsed=20s eta=15s
[ 58/100] seed= 57 SP=0 P0= 26 P1= 21 (P0)  P0W=58 P1W=0 D=0  avgM=+12.07  t=0.9s elapsed=20s eta=14s
[ 59/100] seed= 59 SP=1 P0= 30 P1= 18 (P0)  P0W=59 P1W=0 D=0  avgM=+12.07  t=0.9s elapsed=20s eta=14s
[ 60/100] seed= 61 SP=0 P0= 32 P1= 19 (P0)  P0W=60 P1W=0 D=0  avgM=+12.08  t=2.2s elapsed=22s eta=15s
[ 61/100] seed= 63 SP=0 P0= 34 P1= 28 (P0)  P0W=61 P1W=0 D=0  avgM=+11.98  t=1.0s elapsed=23s eta=15s
[ 62/100] seed= 62 SP=0 P0= 35 P1= 19 (P0)  P0W=62 P1W=0 D=0  avgM=+12.05  t=3.7s elapsed=24s eta=15s
[ 63/100] seed= 64 SP=1 P0= 20 P1=-11 (P0)  P0W=63 P1W=0 D=0  avgM=+12.35  t=0.8s elapsed=24s eta=14s
[ 64/100] seed= 66 SP=1 P0= 17 P1= -9 (P0)  P0W=64 P1W=0 D=0  avgM=+12.56  t=0.9s elapsed=25s eta=14s
[ 65/100] seed= 60 SP=0 P0= 35 P1= 25 (P0)  P0W=65 P1W=0 D=0  avgM=+12.52  t=5.5s elapsed=25s eta=13s
[ 66/100] seed= 67 SP=1 P0= 29 P1= 20 (P0)  P0W=66 P1W=0 D=0  avgM=+12.47  t=1.0s elapsed=26s eta=13s
[ 67/100] seed= 68 SP=0 P0= 40 P1= 24 (P0)  P0W=67 P1W=0 D=0  avgM=+12.52  t=2.4s elapsed=27s eta=14s
[ 68/100] seed= 70 SP=1 P0= 29 P1= 21 (P0)  P0W=68 P1W=0 D=0  avgM=+12.46  t=0.6s elapsed=28s eta=13s
[ 69/100] seed= 65 SP=0 P0= 37 P1= 20 (P0)  P0W=69 P1W=0 D=0  avgM=+12.52  t=5.1s elapsed=29s eta=13s
[ 70/100] seed= 56 SP=0 P0= 38 P1= 19 (P0)  P0W=70 P1W=0 D=0  avgM=+12.61  t=11.0s elapsed=29s eta=13s
[ 71/100] seed= 72 SP=1 P0= 14 P1=-16 (P0)  P0W=71 P1W=0 D=0  avgM=+12.86  t=0.8s elapsed=30s eta=12s
[ 72/100] seed= 71 SP=1 P0= 33 P1= 20 (P0)  P0W=72 P1W=0 D=0  avgM=+12.86  t=1.6s elapsed=30s eta=12s
[ 73/100] seed= 73 SP=1 P0= 34 P1= 13 (P0)  P0W=73 P1W=0 D=0  avgM=+12.97  t=1.1s elapsed=31s eta=11s
[ 74/100] seed= 75 SP=1 P0= 29 P1= -7 (P0)  P0W=74 P1W=0 D=0  avgM=+13.28  t=0.9s elapsed=31s eta=11s
[ 75/100] seed= 76 SP=1 P0= 15 P1=-12 (P0)  P0W=75 P1W=0 D=0  avgM=+13.47  t=0.8s elapsed=31s eta=10s
[ 76/100] seed= 69 SP=0 P0= 33 P1= 17 (P0)  P0W=76 P1W=0 D=0  avgM=+13.50  t=7.2s elapsed=33s eta=10s
[ 77/100] seed= 78 SP=1 P0= 35 P1= 21 (P0)  P0W=77 P1W=0 D=0  avgM=+13.51  t=1.8s elapsed=33s eta=10s
[ 78/100] seed= 79 SP=0 P0= 28 P1= 19 (P0)  P0W=78 P1W=0 D=0  avgM=+13.45  t=0.8s elapsed=34s eta=10s
[ 79/100] seed= 80 SP=1 P0= 10 P1= -2 (P0)  P0W=79 P1W=0 D=0  avgM=+13.43  t=0.9s elapsed=34s eta=9s
[ 80/100] seed= 74 SP=0 P0= 36 P1= 21 (P0)  P0W=80 P1W=0 D=0  avgM=+13.45  t=4.7s elapsed=34s eta=9s
[ 81/100] seed= 83 SP=1 P0= 30 P1= -8 (P0)  P0W=81 P1W=0 D=0  avgM=+13.75  t=0.9s elapsed=35s eta=8s
[ 82/100] seed= 82 SP=1 P0= 30 P1= 27 (P0)  P0W=82 P1W=0 D=0  avgM=+13.62  t=1.4s elapsed=35s eta=8s
[ 83/100] seed= 77 SP=0 P0= 38 P1= 24 (P0)  P0W=83 P1W=0 D=0  avgM=+13.63  t=4.9s elapsed=36s eta=7s
[ 84/100] seed= 85 SP=1 P0= 15 P1= 28 (P1)  P0W=83 P1W=1 D=0  avgM=+13.31  t=0.7s elapsed=36s eta=7s
[ 85/100] seed= 86 SP=1 P0= 14 P1=-12 (P0)  P0W=84 P1W=1 D=0  avgM=+13.46  t=0.8s elapsed=36s eta=6s
[ 86/100] seed= 81 SP=0 P0= 32 P1= 17 (P0)  P0W=85 P1W=1 D=0  avgM=+13.48  t=2.6s elapsed=36s eta=6s
[ 87/100] seed= 84 SP=1 P0= 28 P1= 24 (P0)  P0W=86 P1W=1 D=0  avgM=+13.37  t=1.5s elapsed=37s eta=5s
[ 88/100] seed= 87 SP=1 P0= 28 P1= 13 (P0)  P0W=87 P1W=1 D=0  avgM=+13.39  t=0.8s elapsed=37s eta=5s
[ 89/100] seed= 89 SP=1 P0= 15 P1= 28 (P1)  P0W=87 P1W=2 D=0  avgM=+13.09  t=0.8s elapsed=37s eta=5s
[ 90/100] seed= 88 SP=1 P0= 32 P1= 26 (P0)  P0W=88 P1W=2 D=0  avgM=+13.01  t=1.3s elapsed=38s eta=4s
[ 91/100] seed= 90 SP=1 P0= 25 P1= -6 (P0)  P0W=89 P1W=2 D=0  avgM=+13.21  t=1.1s elapsed=38s eta=4s
[ 92/100] seed= 91 SP=1 P0= 30 P1= 23 (P0)  P0W=90 P1W=2 D=0  avgM=+13.14  t=1.5s elapsed=38s eta=3s
[ 93/100] seed= 93 SP=1 P0= 33 P1= 20 (P0)  P0W=91 P1W=2 D=0  avgM=+13.14  t=1.7s elapsed=39s eta=3s
[ 94/100] seed= 92 SP=0 P0= 35 P1= 21 (P0)  P0W=92 P1W=2 D=0  avgM=+13.15  t=3.3s elapsed=40s eta=3s
[ 95/100] seed= 94 SP=0 P0= 38 P1= 18 (P0)  P0W=93 P1W=2 D=0  avgM=+13.22  t=2.7s elapsed=40s eta=2s
[ 96/100] seed= 96 SP=1 P0= 23 P1= 24 (P1)  P0W=93 P1W=3 D=0  avgM=+13.07  t=1.3s elapsed=41s eta=2s
[ 97/100] seed= 95 SP=0 P0= 35 P1= 22 (P0)  P0W=94 P1W=3 D=0  avgM=+13.07  t=2.7s elapsed=41s eta=1s
[ 98/100] seed= 98 SP=0 P0= 26 P1= 21 (P0)  P0W=95 P1W=3 D=0  avgM=+12.99  t=0.9s elapsed=41s eta=1s
[ 99/100] seed= 99 SP=1 P0= 22 P1=  4 (P0)  P0W=96 P1W=3 D=0  avgM=+13.04  t=0.8s elapsed=41s eta=0s
[100/100] seed= 97 SP=0 P0= 36 P1= 23 (P0)  P0W=97 P1W=3 D=0  avgM=+13.04  t=3.0s elapsed=43s eta=0s

Final: P0=97  P1=3  D=0  avg margin (P0-P1)=+13.04
Total elapsed: 43s (0.4s/game avg)
