Run dir: data/nn_training/runs/blend_nnforward_10k
Run id: blend_nnforward_10k
Resume: False
N games planned: 10000
N workers: 4
Approved configs: ['nn:nn_models/M_55k_all/best.pt', 'nn:nn_models/M_10k_S1_outcome/best.pt', 'nn:nn_models/M_10k_S1_winprob/best.pt', 't2', 'tuned_configs/alphas_gen_7.json', 'tuned_configs/panel_gen16.json', 'tuned_configs/panel_gen_25.json', 'tuned_configs/panel_gen47_wood020.json']
Config weights: [0.16667, 0.16667, 0.16667, 0.16667, 0.08333, 0.08333, 0.08333, 0.08333]
Restriction mix (unrestricted/restricted/strict): [0.2, 0.4, 0.4]
Temperature: bimodal (95% uniform[0.3,1.0] + 5% delta(4))

lib/python3.10/site-packages/torch/_utils.py:783: UserWarning: TypedStorage is deprecated. It will be removed in the future and UntypedStorage will be the only storage class. This should only matter to you if you are using storages directly.  To access UntypedStorage directly, use tensor.untyped_storage() instead of tensor.storage()
  return self.fget.__get__(instance, owner)()
lib/python3.10/site-packages/torch/_utils.py:783: UserWarning: TypedStorage is deprecated. It will be removed in the future and UntypedStorage will be the only storage class. This should only matter to you if you are using storages directly.  To access UntypedStorage directly, use tensor.untyped_storage() instead of tensor.storage()
  return self.fget.__get__(instance, owner)()
lib/python3.10/site-packages/torch/_utils.py:783: UserWarning: TypedStorage is deprecated. It will be removed in the future and UntypedStorage will be the only storage class. This should only matter to you if you are using storages directly.  To access UntypedStorage directly, use tensor.untyped_storage() instead of tensor.storage()
  return self.fget.__get__(instance, owner)()
lib/python3.10/site-packages/torch/_utils.py:783: UserWarning: TypedStorage is deprecated. It will be removed in the future and UntypedStorage will be the only storage class. This should only matter to you if you are using storages directly.  To access UntypedStorage directly, use tensor.untyped_storage() instead of tensor.storage()
  return self.fget.__get__(instance, owner)()

Done in 9021.5s
  Completed (this run): 10000
  Skipped (already done): 0
  Errored: 0
