Run dir: data/nn_training/runs/M82k_nn70_t2_5k
Run id: M82k_nn70_t2_5k
Resume: True
N games planned: 5000
N workers: 4
Approved configs: ['nn:nn_models/M_82k_warmM62k/best.pt', 't2']
Config weights: [0.7, 0.3]
Restricted: True
Temperature: bimodal (95% uniform[0.3,1.0] + 5% delta(4))

lib/python3.10/site-packages/torch/_utils.py:783: UserWarning: TypedStorage is deprecated. It will be removed in the future and UntypedStorage will be the only storage class. This should only matter to you if you are using storages directly.  To access UntypedStorage directly, use tensor.untyped_storage() instead of tensor.storage()
  return self.fget.__get__(instance, owner)()
lib/python3.10/site-packages/torch/_utils.py:783: UserWarning: TypedStorage is deprecated. It will be removed in the future and UntypedStorage will be the only storage class. This should only matter to you if you are using storages directly.  To access UntypedStorage directly, use tensor.untyped_storage() instead of tensor.storage()
  return self.fget.__get__(instance, owner)()
lib/python3.10/site-packages/torch/_utils.py:783: UserWarning: TypedStorage is deprecated. It will be removed in the future and UntypedStorage will be the only storage class. This should only matter to you if you are using storages directly.  To access UntypedStorage directly, use tensor.untyped_storage() instead of tensor.storage()
  return self.fget.__get__(instance, owner)()
lib/python3.10/site-packages/torch/_utils.py:783: UserWarning: TypedStorage is deprecated. It will be removed in the future and UntypedStorage will be the only storage class. This should only matter to you if you are using storages directly.  To access UntypedStorage directly, use tensor.untyped_storage() instead of tensor.storage()
  return self.fget.__get__(instance, owner)()
  [progress] 2 games completed this run (planned 5000, 4 workers)
  [progress] 11 games completed this run (planned 5000, 4 workers)
  [progress] 22 games completed this run (planned 5000, 4 workers)
  [progress] 33 games completed this run (planned 5000, 4 workers)
  [progress] 45 games completed this run (planned 5000, 4 workers)
  [progress] 59 games completed this run (planned 5000, 4 workers)
  [progress] 72 games completed this run (planned 5000, 4 workers)
  [progress] 84 games completed this run (planned 5000, 4 workers)
  [progress] 96 games completed this run (planned 5000, 4 workers)
  [progress] 108 games completed this run (planned 5000, 4 workers)
  [progress] 121 games completed this run (planned 5000, 4 workers)
  [progress] 136 games completed this run (planned 5000, 4 workers)
  [progress] 147 games completed this run (planned 5000, 4 workers)
  [progress] 161 games completed this run (planned 5000, 4 workers)
  [progress] 177 games completed this run (planned 5000, 4 workers)
  [progress] 192 games completed this run (planned 5000, 4 workers)
  [progress] 205 games completed this run (planned 5000, 4 workers)
  [progress] 219 games completed this run (planned 5000, 4 workers)
  [progress] 233 games completed this run (planned 5000, 4 workers)
  [progress] 248 games completed this run (planned 5000, 4 workers)
  [progress] 263 games completed this run (planned 5000, 4 workers)
  [progress] 274 games completed this run (planned 5000, 4 workers)
  [progress] 285 games completed this run (planned 5000, 4 workers)
  [progress] 296 games completed this run (planned 5000, 4 workers)
  [progress] 310 games completed this run (planned 5000, 4 workers)
  [progress] 322 games completed this run (planned 5000, 4 workers)
  [progress] 331 games completed this run (planned 5000, 4 workers)
  [progress] 348 games completed this run (planned 5000, 4 workers)
  [progress] 362 games completed this run (planned 5000, 4 workers)
  [progress] 374 games completed this run (planned 5000, 4 workers)
  [progress] 391 games completed this run (planned 5000, 4 workers)
  [progress] 402 games completed this run (planned 5000, 4 workers)
  [progress] 412 games completed this run (planned 5000, 4 workers)
  [progress] 424 games completed this run (planned 5000, 4 workers)
  [progress] 437 games completed this run (planned 5000, 4 workers)
  [progress] 451 games completed this run (planned 5000, 4 workers)
  [progress] 461 games completed this run (planned 5000, 4 workers)
  [progress] 474 games completed this run (planned 5000, 4 workers)
  [progress] 488 games completed this run (planned 5000, 4 workers)
  [progress] 504 games completed this run (planned 5000, 4 workers)
  [progress] 515 games completed this run (planned 5000, 4 workers)
  [progress] 528 games completed this run (planned 5000, 4 workers)
  [progress] 542 games completed this run (planned 5000, 4 workers)
  [progress] 554 games completed this run (planned 5000, 4 workers)
  [progress] 569 games completed this run (planned 5000, 4 workers)
  [progress] 577 games completed this run (planned 5000, 4 workers)
  [progress] 586 games completed this run (planned 5000, 4 workers)
  [progress] 595 games completed this run (planned 5000, 4 workers)
  [progress] 608 games completed this run (planned 5000, 4 workers)
  [progress] 622 games completed this run (planned 5000, 4 workers)
  [progress] 639 games completed this run (planned 5000, 4 workers)
  [progress] 656 games completed this run (planned 5000, 4 workers)
  [progress] 672 games completed this run (planned 5000, 4 workers)
  [progress] 688 games completed this run (planned 5000, 4 workers)
  [progress] 698 games completed this run (planned 5000, 4 workers)
  [progress] 709 games completed this run (planned 5000, 4 workers)
  [progress] 722 games completed this run (planned 5000, 4 workers)
  [progress] 734 games completed this run (planned 5000, 4 workers)
  [progress] 749 games completed this run (planned 5000, 4 workers)
  [progress] 765 games completed this run (planned 5000, 4 workers)
  [progress] 780 games completed this run (planned 5000, 4 workers)
  [progress] 796 games completed this run (planned 5000, 4 workers)
  [progress] 808 games completed this run (planned 5000, 4 workers)
  [progress] 823 games completed this run (planned 5000, 4 workers)
  [progress] 839 games completed this run (planned 5000, 4 workers)
  [progress] 857 games completed this run (planned 5000, 4 workers)
  [progress] 876 games completed this run (planned 5000, 4 workers)
  [progress] 888 games completed this run (planned 5000, 4 workers)
  [progress] 903 games completed this run (planned 5000, 4 workers)
  [progress] 917 games completed this run (planned 5000, 4 workers)
  [progress] 932 games completed this run (planned 5000, 4 workers)
  [progress] 943 games completed this run (planned 5000, 4 workers)
  [progress] 956 games completed this run (planned 5000, 4 workers)
  [progress] 972 games completed this run (planned 5000, 4 workers)
  [progress] 986 games completed this run (planned 5000, 4 workers)
  [progress] 1001 games completed this run (planned 5000, 4 workers)
  [progress] 1015 games completed this run (planned 5000, 4 workers)
  [progress] 1028 games completed this run (planned 5000, 4 workers)
  [progress] 1040 games completed this run (planned 5000, 4 workers)
  [progress] 1053 games completed this run (planned 5000, 4 workers)
  [progress] 1068 games completed this run (planned 5000, 4 workers)
  [progress] 1079 games completed this run (planned 5000, 4 workers)
  [progress] 1089 games completed this run (planned 5000, 4 workers)
  [progress] 1101 games completed this run (planned 5000, 4 workers)
  [progress] 1112 games completed this run (planned 5000, 4 workers)
  [progress] 1123 games completed this run (planned 5000, 4 workers)
  [progress] 1132 games completed this run (planned 5000, 4 workers)
  [progress] 1144 games completed this run (planned 5000, 4 workers)
  [progress] 1155 games completed this run (planned 5000, 4 workers)
  [progress] 1173 games completed this run (planned 5000, 4 workers)
  [progress] 1187 games completed this run (planned 5000, 4 workers)
  [progress] 1201 games completed this run (planned 5000, 4 workers)
  [progress] 1217 games completed this run (planned 5000, 4 workers)
  [progress] 1230 games completed this run (planned 5000, 4 workers)
  [progress] 1247 games completed this run (planned 5000, 4 workers)
  [progress] 1263 games completed this run (planned 5000, 4 workers)
  [progress] 1277 games completed this run (planned 5000, 4 workers)
  [progress] 1291 games completed this run (planned 5000, 4 workers)
  [progress] 1304 games completed this run (planned 5000, 4 workers)
  [progress] 1322 games completed this run (planned 5000, 4 workers)
  [progress] 1335 games completed this run (planned 5000, 4 workers)
  [progress] 1349 games completed this run (planned 5000, 4 workers)
  [progress] 1367 games completed this run (planned 5000, 4 workers)
  [progress] 1383 games completed this run (planned 5000, 4 workers)
  [progress] 1400 games completed this run (planned 5000, 4 workers)
  [progress] 1414 games completed this run (planned 5000, 4 workers)
  [progress] 1427 games completed this run (planned 5000, 4 workers)
  [progress] 1441 games completed this run (planned 5000, 4 workers)
  [progress] 1458 games completed this run (planned 5000, 4 workers)
  [progress] 1472 games completed this run (planned 5000, 4 workers)
  [progress] 1483 games completed this run (planned 5000, 4 workers)
  [progress] 1499 games completed this run (planned 5000, 4 workers)
  [progress] 1513 games completed this run (planned 5000, 4 workers)
  [progress] 1526 games completed this run (planned 5000, 4 workers)
  [progress] 1541 games completed this run (planned 5000, 4 workers)
  [progress] 1553 games completed this run (planned 5000, 4 workers)
  [progress] 1567 games completed this run (planned 5000, 4 workers)
  [progress] 1583 games completed this run (planned 5000, 4 workers)
  [progress] 1596 games completed this run (planned 5000, 4 workers)
  [progress] 1610 games completed this run (planned 5000, 4 workers)
  [progress] 1628 games completed this run (planned 5000, 4 workers)
  [progress] 1641 games completed this run (planned 5000, 4 workers)
  [progress] 1654 games completed this run (planned 5000, 4 workers)
  [progress] 1669 games completed this run (planned 5000, 4 workers)
  [progress] 1681 games completed this run (planned 5000, 4 workers)
  [progress] 1695 games completed this run (planned 5000, 4 workers)
  [progress] 1707 games completed this run (planned 5000, 4 workers)
  [progress] 1720 games completed this run (planned 5000, 4 workers)
  [progress] 1731 games completed this run (planned 5000, 4 workers)
  [progress] 1741 games completed this run (planned 5000, 4 workers)
  [progress] 1755 games completed this run (planned 5000, 4 workers)
  [progress] 1768 games completed this run (planned 5000, 4 workers)
  [progress] 1781 games completed this run (planned 5000, 4 workers)
  [progress] 1792 games completed this run (planned 5000, 4 workers)
  [progress] 1804 games completed this run (planned 5000, 4 workers)
  [progress] 1816 games completed this run (planned 5000, 4 workers)
  [progress] 1829 games completed this run (planned 5000, 4 workers)
  [progress] 1842 games completed this run (planned 5000, 4 workers)
  [progress] 1855 games completed this run (planned 5000, 4 workers)
  [progress] 1868 games completed this run (planned 5000, 4 workers)
  [progress] 1881 games completed this run (planned 5000, 4 workers)
  [progress] 1893 games completed this run (planned 5000, 4 workers)
  [progress] 1907 games completed this run (planned 5000, 4 workers)
  [progress] 1918 games completed this run (planned 5000, 4 workers)
  [progress] 1930 games completed this run (planned 5000, 4 workers)
  [progress] 1942 games completed this run (planned 5000, 4 workers)
  [progress] 1954 games completed this run (planned 5000, 4 workers)
  [progress] 1965 games completed this run (planned 5000, 4 workers)
  [progress] 1977 games completed this run (planned 5000, 4 workers)
  [progress] 1989 games completed this run (planned 5000, 4 workers)
  [progress] 2003 games completed this run (planned 5000, 4 workers)
  [progress] 2016 games completed this run (planned 5000, 4 workers)
  [progress] 2029 games completed this run (planned 5000, 4 workers)
  [progress] 2043 games completed this run (planned 5000, 4 workers)
  [progress] 2055 games completed this run (planned 5000, 4 workers)
  [progress] 2067 games completed this run (planned 5000, 4 workers)
  [progress] 2081 games completed this run (planned 5000, 4 workers)
  [progress] 2093 games completed this run (planned 5000, 4 workers)
  [progress] 2101 games completed this run (planned 5000, 4 workers)
  [progress] 2110 games completed this run (planned 5000, 4 workers)
  [progress] 2120 games completed this run (planned 5000, 4 workers)
  [progress] 2132 games completed this run (planned 5000, 4 workers)
  [progress] 2141 games completed this run (planned 5000, 4 workers)
  [progress] 2154 games completed this run (planned 5000, 4 workers)
  [progress] 2163 games completed this run (planned 5000, 4 workers)
  [progress] 2172 games completed this run (planned 5000, 4 workers)
  [progress] 2182 games completed this run (planned 5000, 4 workers)
  [progress] 2193 games completed this run (planned 5000, 4 workers)
  [progress] 2202 games completed this run (planned 5000, 4 workers)
  [progress] 2215 games completed this run (planned 5000, 4 workers)
  [progress] 2225 games completed this run (planned 5000, 4 workers)
  [progress] 2236 games completed this run (planned 5000, 4 workers)
  [progress] 2248 games completed this run (planned 5000, 4 workers)
  [progress] 2257 games completed this run (planned 5000, 4 workers)
  [progress] 2267 games completed this run (planned 5000, 4 workers)
  [progress] 2279 games completed this run (planned 5000, 4 workers)
  [progress] 2292 games completed this run (planned 5000, 4 workers)
  [progress] 2303 games completed this run (planned 5000, 4 workers)
  [progress] 2318 games completed this run (planned 5000, 4 workers)
  [progress] 2330 games completed this run (planned 5000, 4 workers)
  [progress] 2344 games completed this run (planned 5000, 4 workers)
  [progress] 2357 games completed this run (planned 5000, 4 workers)
  [progress] 2370 games completed this run (planned 5000, 4 workers)
  [progress] 2380 games completed this run (planned 5000, 4 workers)
  [progress] 2393 games completed this run (planned 5000, 4 workers)
  [progress] 2406 games completed this run (planned 5000, 4 workers)
  [progress] 2418 games completed this run (planned 5000, 4 workers)
  [progress] 2432 games completed this run (planned 5000, 4 workers)
  [progress] 2442 games completed this run (planned 5000, 4 workers)
  [progress] 2455 games completed this run (planned 5000, 4 workers)
  [progress] 2469 games completed this run (planned 5000, 4 workers)
  [progress] 2483 games completed this run (planned 5000, 4 workers)
  [progress] 2495 games completed this run (planned 5000, 4 workers)
  [progress] 2507 games completed this run (planned 5000, 4 workers)
  [progress] 2519 games completed this run (planned 5000, 4 workers)
  [progress] 2532 games completed this run (planned 5000, 4 workers)
  [progress] 2542 games completed this run (planned 5000, 4 workers)
  [progress] 2553 games completed this run (planned 5000, 4 workers)
  [progress] 2567 games completed this run (planned 5000, 4 workers)
  [progress] 2576 games completed this run (planned 5000, 4 workers)
  [progress] 2588 games completed this run (planned 5000, 4 workers)
  [progress] 2599 games completed this run (planned 5000, 4 workers)
  [progress] 2607 games completed this run (planned 5000, 4 workers)
  [progress] 2615 games completed this run (planned 5000, 4 workers)

Done in 2047.5s
  Completed (this run): 2619
  Skipped (already done): 2381
  Errored: 0
