Run dir: nn_models/M_65k_blend_snap6th
Device: cpu
Target mode: margin | head: linear | loss: mse

  cache HIT: standard_bimodal_5k/encoded_v2.npz
  cache HIT: S1_standard_bimodal_10k/encoded_v2.npz
  cache HIT: S2_no_v1_bimodal_10k/encoded_v2.npz
  cache HIT: S3_strong3_bimodal_10k/encoded_v2.npz
  cache HIT: S4_all_lowT_10k/encoded_v2.npz
  cache HIT: S5_no_v1_lowT_10k/encoded_v2.npz
  cache HIT: blend_nnforward_10k/encoded_v2.npz
Chunked build: train=1584940 val=1231022 test=1213514 | dtype=float16 | use_cache=True | target_mode=margin target_std=13.271
lib/python3.10/site-packages/torch/_utils.py:783: UserWarning: TypedStorage is deprecated. It will be removed in the future and UntypedStorage will be the only storage class. This should only matter to you if you are using storages directly.  To access UntypedStorage directly, use tensor.untyped_storage() instead of tensor.storage()
  return self.fget.__get__(instance, owner)()

Model: 110,849 parameters
  arch: [256, 256] / gelu / norm=layer / dropout=0.2 / head=linear
  warm-start: net weights initialized from nn_models/M_65k_blend_snaphalf/init_epoch22.pt

epoch |  train_mse | train_mae(p) |   val_mse | val_mae(p) | best | pat | time(s)
-----------------------------------------------------------------------------------------------
    1 |     0.3777 |         5.83 |    0.3707 |       5.76 |  *   |   0 |    27.2
    2 |     0.3770 |         5.83 |    0.3697 |       5.76 |  *   |   0 |    26.3
    3 |     0.3761 |         5.82 |    0.3705 |       5.76 |      |   1 |    26.3
    4 |     0.3757 |         5.82 |    0.3710 |       5.77 |      |   2 |    28.7
    5 |     0.3752 |         5.82 |    0.3722 |       5.77 |      |   3 |    30.5
    6 |     0.3750 |         5.82 |    0.3706 |       5.77 |      |   4 |    37.2
    7 |     0.3746 |         5.81 |    0.3712 |       5.77 |      |   5 |    32.2
    8 |     0.3745 |         5.81 |    0.3717 |       5.77 |      |   6 |    30.6
    9 |     0.3740 |         5.81 |    0.3716 |       5.78 |      |   7 |    34.5
   10 |     0.3742 |         5.81 |    0.3717 |       5.77 |      |   8 |    29.4
   11 |     0.3737 |         5.80 |    0.3714 |       5.77 |      |   9 |    29.4
   12 |     0.3737 |         5.81 |    0.3718 |       5.77 |      |  10 |    36.5
   13 |     0.3732 |         5.80 |    0.3715 |       5.77 |      |  11 |    33.0
   14 |     0.3732 |         5.80 |    0.3716 |       5.78 |      |  12 |    29.9
   15 |     0.3731 |         5.80 |    0.3723 |       5.78 |      |  13 |    30.3
   16 |     0.3729 |         5.80 |    0.3716 |       5.78 |      |  14 |    30.1
   17 |     0.3728 |         5.80 |    0.3710 |       5.77 |      |  15 |    30.8
   18 |     0.3727 |         5.80 |    0.3718 |       5.77 |      |  16 |    30.4
   19 |     0.3722 |         5.80 |    0.3711 |       5.77 |      |  17 |    33.8
   20 |     0.3722 |         5.80 |    0.3720 |       5.78 |      |  18 |    33.4
   21 |     0.3725 |         5.80 |    0.3715 |       5.77 |      |  19 |    30.6
   22 |     0.3720 |         5.80 |    0.3719 |       5.78 |      |  20 |    30.6

Early stop at epoch 22: no improvement for 20 epochs.

Loading best checkpoint for test eval...
  best epoch: 2
  test MSE (normalized): 0.3690
  test MAE (margin):     5.776 points
  leaf value_scale (σ):  20.4450
  saved: nn_models/M_65k_blend_snap6th/train_curves.png
  saved: nn_models/M_65k_blend_snap6th/calibration.png
