Run dir: nn_models/M_blend_mixed10k
Device: cpu
Target mode: margin | head: linear | loss: mse

  cache HIT: blend_nnforward_10k/encoded_v2.npz
Chunked build: train=1478188 val=191310 test=185514 | dtype=float16 | use_cache=True | target_mode=margin target_std=13.824

Model: 110,849 parameters
  arch: [256, 256] / gelu / norm=layer / dropout=0.2 / head=linear

epoch |  train_mse | train_mae(p) |   val_mse | val_mae(p) | best | pat | time(s)
-----------------------------------------------------------------------------------------------
    1 |     0.4857 |         6.82 |    0.4518 |       6.65 |  *   |   0 |    23.3
    2 |     0.4413 |         6.45 |    0.4346 |       6.50 |  *   |   0 |    21.8
    3 |     0.4260 |         6.32 |    0.4353 |       6.52 |      |   1 |    21.8
    4 |     0.4159 |         6.24 |    0.4313 |       6.49 |  *   |   0 |    22.3
    5 |     0.4080 |         6.18 |    0.4301 |       6.45 |  *   |   0 |    22.2
    6 |     0.4023 |         6.13 |    0.4314 |       6.50 |      |   1 |    22.5
    7 |     0.3972 |         6.09 |    0.4274 |       6.45 |  *   |   0 |    22.1
    8 |     0.3932 |         6.05 |    0.4268 |       6.44 |  *   |   0 |    22.4
    9 |     0.3895 |         6.02 |    0.4256 |       6.47 |  *   |   0 |    24.9
   10 |     0.3860 |         5.99 |    0.4262 |       6.47 |      |   1 |    25.4
   11 |     0.3830 |         5.97 |    0.4263 |       6.48 |      |   2 |    25.2
   12 |     0.3808 |         5.95 |    0.4279 |       6.47 |      |   3 |    25.8
   13 |     0.3786 |         5.94 |    0.4277 |       6.49 |      |   4 |    27.1
   14 |     0.3764 |         5.92 |    0.4265 |       6.45 |      |   5 |    24.5
   15 |     0.3746 |         5.90 |    0.4282 |       6.48 |      |   6 |    23.0
   16 |     0.3729 |         5.89 |    0.4273 |       6.48 |      |   7 |    21.8
   17 |     0.3709 |         5.87 |    0.4276 |       6.45 |      |   8 |    21.3
   18 |     0.3697 |         5.86 |    0.4313 |       6.49 |      |   9 |    21.4
   19 |     0.3683 |         5.85 |    0.4280 |       6.47 |      |  10 |    21.6
   20 |     0.3663 |         5.84 |    0.4259 |       6.45 |      |  11 |    21.5
   21 |     0.3657 |         5.83 |    0.4262 |       6.48 |      |  12 |    21.5
   22 |     0.3643 |         5.82 |    0.4273 |       6.45 |      |  13 |    21.1
   23 |     0.3635 |         5.81 |    0.4294 |       6.48 |      |  14 |    20.9
   24 |     0.3623 |         5.80 |    0.4290 |       6.48 |      |  15 |    20.8
   25 |     0.3611 |         5.79 |    0.4291 |       6.49 |      |  16 |    20.9
   26 |     0.3604 |         5.79 |    0.4278 |       6.45 |      |  17 |    20.9
   27 |     0.3593 |         5.78 |    0.4258 |       6.46 |      |  18 |    20.9
   28 |     0.3586 |         5.77 |    0.4260 |       6.45 |      |  19 |    20.9
   29 |     0.3575 |         5.76 |    0.4303 |       6.49 |      |  20 |    20.9
/Users/hunterwieman/miniconda3/lib/python3.10/site-packages/torch/_utils.py:783: UserWarning: TypedStorage is deprecated. It will be removed in the future and UntypedStorage will be the only storage class. This should only matter to you if you are using storages directly.  To access UntypedStorage directly, use tensor.untyped_storage() instead of tensor.storage()
  return self.fget.__get__(instance, owner)()

Early stop at epoch 29: no improvement for 20 epochs.

Loading best checkpoint for test eval...
  best epoch: 9
  test MSE (normalized): 0.4382
  test MAE (margin):     6.436 points
  leaf value_scale (σ):  20.2204
  saved: nn_models/M_blend_mixed10k/train_curves.png
  saved: nn_models/M_blend_mixed10k/calibration.png
