Run dir: nn_models/M_blend_strict10k
Device: cpu
Target mode: margin | head: linear | loss: mse

  cache MISS: encoding blend_nnforward_strict_10k
  encoded blend_nnforward_strict_10k/worker_00.pkl: descs so far=222234
  encoded blend_nnforward_strict_10k/worker_01.pkl: descs so far=430124
  encoded blend_nnforward_strict_10k/worker_02.pkl: descs so far=652726
  encoded blend_nnforward_strict_10k/worker_03.pkl: descs so far=861066
  encoded blend_nnforward_strict_10k/worker_04.pkl: descs so far=1082824
  encoded blend_nnforward_strict_10k/worker_05.pkl: descs so far=1289896
  encoded blend_nnforward_strict_10k/worker_06.pkl: descs so far=1512882
  encoded blend_nnforward_strict_10k/worker_07.pkl: descs so far=1720306
  wrote cache encoded_v2.npz (25 MB)
Chunked build: train=1371868 val=180070 test=168368 | dtype=float16 | use_cache=True | target_mode=margin target_std=13.485

Model: 110,849 parameters
  arch: [256, 256] / gelu / norm=layer / dropout=0.2 / head=linear

epoch |  train_mse | train_mae(p) |   val_mse | val_mae(p) | best | pat | time(s)
-----------------------------------------------------------------------------------------------
    1 |     0.4986 |         6.76 |    0.4673 |       6.50 |  *   |   0 |    19.2
    2 |     0.4533 |         6.40 |    0.4609 |       6.39 |  *   |   0 |    18.8
    3 |     0.4378 |         6.27 |    0.4548 |       6.38 |  *   |   0 |    21.8
    4 |     0.4275 |         6.19 |    0.4501 |       6.37 |  *   |   0 |    19.3
    5 |     0.4190 |         6.12 |    0.4462 |       6.34 |  *   |   0 |    19.1
    6 |     0.4127 |         6.07 |    0.4424 |       6.29 |  *   |   0 |    19.5
    7 |     0.4078 |         6.03 |    0.4484 |       6.35 |      |   1 |    20.1
    8 |     0.4027 |         5.99 |    0.4487 |       6.33 |      |   2 |    20.3
    9 |     0.3988 |         5.96 |    0.4424 |       6.27 |  *   |   0 |    18.9
   10 |     0.3956 |         5.93 |    0.4446 |       6.31 |      |   1 |    19.4
   11 |     0.3923 |         5.91 |    0.4425 |       6.28 |      |   2 |    19.2
   12 |     0.3900 |         5.89 |    0.4442 |       6.32 |      |   3 |    20.8
   13 |     0.3882 |         5.87 |    0.4444 |       6.30 |      |   4 |    19.1
   14 |     0.3856 |         5.86 |    0.4426 |       6.27 |      |   5 |    19.5
   15 |     0.3833 |         5.84 |    0.4395 |       6.28 |  *   |   0 |    18.5
   16 |     0.3817 |         5.82 |    0.4450 |       6.31 |      |   1 |    18.9
   17 |     0.3798 |         5.81 |    0.4471 |       6.31 |      |   2 |    22.2
   18 |     0.3780 |         5.80 |    0.4438 |       6.29 |      |   3 |    21.6
   19 |     0.3768 |         5.79 |    0.4423 |       6.29 |      |   4 |    22.5
   20 |     0.3755 |         5.77 |    0.4415 |       6.29 |      |   5 |    21.3
   21 |     0.3743 |         5.77 |    0.4452 |       6.31 |      |   6 |    26.5
   22 |     0.3733 |         5.76 |    0.4413 |       6.29 |      |   7 |    21.6
   23 |     0.3718 |         5.74 |    0.4446 |       6.30 |      |   8 |    24.3
   24 |     0.3702 |         5.73 |    0.4429 |       6.30 |      |   9 |    25.6
   25 |     0.3696 |         5.73 |    0.4433 |       6.30 |      |  10 |    26.0
   26 |     0.3684 |         5.72 |    0.4448 |       6.32 |      |  11 |    28.2
   27 |     0.3677 |         5.71 |    0.4465 |       6.32 |      |  12 |    23.6
   28 |     0.3664 |         5.70 |    0.4450 |       6.31 |      |  13 |    22.1
   29 |     0.3658 |         5.70 |    0.4447 |       6.32 |      |  14 |    23.5
   30 |     0.3650 |         5.69 |    0.4420 |       6.29 |      |  15 |    25.1
   31 |     0.3642 |         5.68 |    0.4442 |       6.31 |      |  16 |    26.1
   32 |     0.3633 |         5.67 |    0.4434 |       6.31 |      |  17 |    24.2
   33 |     0.3628 |         5.67 |    0.4438 |       6.31 |      |  18 |    22.2
   34 |     0.3624 |         5.67 |    0.4430 |       6.30 |      |  19 |    23.5
   35 |     0.3618 |         5.66 |    0.4445 |       6.31 |      |  20 |    26.5
/Users/hunterwieman/miniconda3/lib/python3.10/site-packages/torch/_utils.py:783: UserWarning: TypedStorage is deprecated. It will be removed in the future and UntypedStorage will be the only storage class. This should only matter to you if you are using storages directly.  To access UntypedStorage directly, use tensor.untyped_storage() instead of tensor.storage()
  return self.fget.__get__(instance, owner)()

Early stop at epoch 35: no improvement for 20 epochs.

Loading best checkpoint for test eval...
  best epoch: 15
  test MSE (normalized): 0.4925
  test MAE (margin):     6.657 points
  leaf value_scale (σ):  20.1384
  saved: nn_models/M_blend_strict10k/train_curves.png
  saved: nn_models/M_blend_strict10k/calibration.png
