Run dir: nn_models/M_10k_all_lowT
Device: cpu

Loading games from 1 run(s)...
Loaded 10000 games
By-game split: train=8000 val=1000 test=1000
Descriptors: train=1481780 val=186118 test=184784
Pre-encoding train...
Pre-encoding val...
Pre-encoding test...
NormStats: target_std=10.935, encoding_version=2
Examples: train=1481780 val=186118 test=184784

Model: 110,849 parameters
  arch: [256, 256] / gelu / norm=layer / dropout=0.2

epoch |  train_mse | train_mae(p) |   val_mse | val_mae(p) | best | pat | time(s)
-----------------------------------------------------------------------------------------------
    1 |     0.4488 |         5.44 |    0.4123 |       5.16 |  *   |   0 |    20.2
    2 |     0.4115 |         5.16 |    0.3990 |       5.07 |  *   |   0 |    20.1
    3 |     0.4006 |         5.07 |    0.3952 |       5.04 |  *   |   0 |    21.6
    4 |     0.3937 |         5.02 |    0.3915 |       5.01 |  *   |   0 |    20.4
    5 |     0.3889 |         4.98 |    0.3926 |       5.01 |      |   1 |    21.8
    6 |     0.3850 |         4.95 |    0.3857 |       4.96 |  *   |   0 |    20.7
    7 |     0.3817 |         4.92 |    0.3879 |       4.97 |      |   1 |    18.7
    8 |     0.3793 |         4.90 |    0.3860 |       4.96 |      |   2 |    20.9
    9 |     0.3771 |         4.88 |    0.3848 |       4.96 |  *   |   0 |    19.2
   10 |     0.3747 |         4.86 |    0.3839 |       4.94 |  *   |   0 |    18.9
   11 |     0.3730 |         4.85 |    0.3832 |       4.94 |  *   |   0 |    19.8
   12 |     0.3713 |         4.83 |    0.3847 |       4.95 |      |   1 |    20.8
   13 |     0.3698 |         4.82 |    0.3851 |       4.96 |      |   2 |    20.5
   14 |     0.3686 |         4.81 |    0.3848 |       4.96 |      |   3 |    19.5
   15 |     0.3670 |         4.80 |    0.3842 |       4.95 |      |   4 |    20.3
   16 |     0.3659 |         4.79 |    0.3846 |       4.95 |      |   5 |    19.1
   17 |     0.3648 |         4.78 |    0.3840 |       4.95 |      |   6 |    18.6
   18 |     0.3638 |         4.77 |    0.3856 |       4.96 |      |   7 |    20.0
   19 |     0.3629 |         4.76 |    0.3858 |       4.96 |      |   8 |    21.3
   20 |     0.3619 |         4.75 |    0.3850 |       4.96 |      |   9 |    22.8
   21 |     0.3611 |         4.75 |    0.3873 |       4.97 |      |  10 |    20.7
   22 |     0.3605 |         4.74 |    0.3876 |       4.97 |      |  11 |    21.6
   23 |     0.3594 |         4.74 |    0.3854 |       4.96 |      |  12 |    21.5
   24 |     0.3587 |         4.73 |    0.3852 |       4.96 |      |  13 |    22.4
   25 |     0.3581 |         4.72 |    0.3846 |       4.96 |      |  14 |    20.1
   26 |     0.3573 |         4.71 |    0.3860 |       4.96 |      |  15 |    18.7
   27 |     0.3572 |         4.72 |    0.3855 |       4.96 |      |  16 |    19.5
   28 |     0.3564 |         4.71 |    0.3855 |       4.97 |      |  17 |    21.2
   29 |     0.3559 |         4.70 |    0.3860 |       4.97 |      |  18 |   115.7
   30 |     0.3552 |         4.70 |    0.3855 |       4.97 |      |  19 |    43.0
   31 |     0.3549 |         4.70 |    0.3863 |       4.97 |      |  20 |    27.7

Early stop at epoch 31: no improvement for 20 epochs.

Loading best checkpoint for test eval...
lib/python3.10/site-packages/torch/_utils.py:783: UserWarning: TypedStorage is deprecated. It will be removed in the future and UntypedStorage will be the only storage class. This should only matter to you if you are using storages directly.  To access UntypedStorage directly, use tensor.untyped_storage() instead of tensor.storage()
  return self.fget.__get__(instance, owner)()
  best epoch: 11
  test MSE (normalized): 0.3768
  test MAE (margin):     4.870 points
  saved: nn_models/M_10k_all_lowT/train_curves.png
  saved: nn_models/M_10k_all_lowT/calibration.png
