Run dir: nn_models/M_10k_standard_bimodal
Device: cpu

Loading games from 1 run(s)...
Loaded 10000 games
By-game split: train=8000 val=1000 test=1000
Descriptors: train=1460792 val=182806 test=183984
Pre-encoding train...
Pre-encoding val...
Pre-encoding test...
NormStats: target_std=14.157, encoding_version=2
Examples: train=1460792 val=182806 test=183984

Model: 110,849 parameters
  arch: [256, 256] / gelu / norm=layer / dropout=0.2

epoch |  train_mse | train_mae(p) |   val_mse | val_mae(p) | best | pat | time(s)
-----------------------------------------------------------------------------------------------
    1 |     0.4267 |         6.80 |    0.4286 |       6.67 |  *   |   0 |    22.7
    2 |     0.3930 |         6.47 |    0.4223 |       6.61 |  *   |   0 |    22.2
    3 |     0.3827 |         6.36 |    0.4212 |       6.58 |  *   |   0 |    19.1
    4 |     0.3764 |         6.29 |    0.4197 |       6.58 |  *   |   0 |    18.3
    5 |     0.3712 |         6.24 |    0.4185 |       6.56 |  *   |   0 |    20.4
    6 |     0.3671 |         6.20 |    0.4175 |       6.57 |  *   |   0 |    19.9
    7 |     0.3635 |         6.16 |    0.4175 |       6.55 |  *   |   0 |    20.1
    8 |     0.3605 |         6.13 |    0.4189 |       6.57 |      |   1 |    20.1
    9 |     0.3575 |         6.10 |    0.4207 |       6.60 |      |   2 |    19.5
   10 |     0.3550 |         6.07 |    0.4229 |       6.61 |      |   3 |    21.1
   11 |     0.3531 |         6.05 |    0.4199 |       6.59 |      |   4 |    21.5
   12 |     0.3510 |         6.03 |    0.4197 |       6.58 |      |   5 |    21.0
   13 |     0.3497 |         6.02 |    0.4205 |       6.61 |      |   6 |    22.2
   14 |     0.3476 |         6.00 |    0.4172 |       6.55 |  *   |   0 |    21.6
   15 |     0.3460 |         5.98 |    0.4194 |       6.60 |      |   1 |    21.1
   16 |     0.3452 |         5.97 |    0.4177 |       6.58 |      |   2 |    20.8
   17 |     0.3435 |         5.96 |    0.4216 |       6.61 |      |   3 |    22.4
   18 |     0.3429 |         5.95 |    0.4214 |       6.61 |      |   4 |    21.2
   19 |     0.3412 |         5.93 |    0.4234 |       6.63 |      |   5 |    22.9
   20 |     0.3405 |         5.93 |    0.4211 |       6.61 |      |   6 |    23.2
   21 |     0.3395 |         5.92 |    0.4224 |       6.62 |      |   7 |    22.6
   22 |     0.3385 |         5.91 |    0.4220 |       6.63 |      |   8 |    22.6
   23 |     0.3379 |         5.90 |    0.4238 |       6.64 |      |   9 |    23.4
   24 |     0.3368 |         5.89 |    0.4242 |       6.63 |      |  10 |    26.2
   25 |     0.3360 |         5.88 |    0.4242 |       6.64 |      |  11 |    31.3
   26 |     0.3357 |         5.88 |    0.4213 |       6.62 |      |  12 |    24.0
   27 |     0.3349 |         5.87 |    0.4233 |       6.65 |      |  13 |    27.5
   28 |     0.3343 |         5.86 |    0.4230 |       6.64 |      |  14 |    28.7
   29 |     0.3336 |         5.86 |    0.4226 |       6.63 |      |  15 |    30.8
   30 |     0.3330 |         5.85 |    0.4227 |       6.62 |      |  16 |    24.6
   31 |     0.3325 |         5.85 |    0.4213 |       6.62 |      |  17 |    27.2
   32 |     0.3316 |         5.84 |    0.4233 |       6.65 |      |  18 |    20.5
   33 |     0.3313 |         5.83 |    0.4241 |       6.65 |      |  19 |    23.2
   34 |     0.3307 |         5.83 |    0.4283 |       6.68 |      |  20 |    24.1

Early stop at epoch 34: no improvement for 20 epochs.

Loading best checkpoint for test eval...
/Users/hunterwieman/miniconda3/lib/python3.10/site-packages/torch/_utils.py:783: UserWarning: TypedStorage is deprecated. It will be removed in the future and UntypedStorage will be the only storage class. This should only matter to you if you are using storages directly.  To access UntypedStorage directly, use tensor.untyped_storage() instead of tensor.storage()
  return self.fget.__get__(instance, owner)()
  best epoch: 14
  test MSE (normalized): 0.3879
  test MAE (margin):     6.473 points
  saved: nn_models/M_10k_standard_bimodal/train_curves.png
  saved: nn_models/M_10k_standard_bimodal/calibration.png
