Run dir: nn_models/M_10k_no_v1_bimodal
Device: cpu

Loading games from 1 run(s)...
Loaded 10000 games
By-game split: train=8000 val=1000 test=1000
Descriptors: train=1470542 val=183144 test=183782
Pre-encoding train...
Pre-encoding val...
Pre-encoding test...
NormStats: target_std=14.073, encoding_version=2
Examples: train=1470542 val=183144 test=183782

Model: 110,849 parameters
  arch: [256, 256] / gelu / norm=layer / dropout=0.2

epoch |  train_mse | train_mae(p) |   val_mse | val_mae(p) | best | pat | time(s)
-----------------------------------------------------------------------------------------------
    1 |     0.4218 |         6.72 |    0.4113 |       6.54 |  *   |   0 |    23.0
    2 |     0.3905 |         6.42 |    0.4137 |       6.54 |      |   1 |    22.5
    3 |     0.3811 |         6.32 |    0.4019 |       6.46 |  *   |   0 |    22.2
    4 |     0.3749 |         6.26 |    0.4006 |       6.44 |  *   |   0 |    24.6
    5 |     0.3702 |         6.21 |    0.3994 |       6.43 |  *   |   0 |    23.3
    6 |     0.3658 |         6.17 |    0.3991 |       6.43 |  *   |   0 |    23.1
    7 |     0.3630 |         6.14 |    0.4004 |       6.45 |      |   1 |    23.5
    8 |     0.3599 |         6.11 |    0.3990 |       6.45 |  *   |   0 |    24.3
    9 |     0.3571 |         6.08 |    0.3979 |       6.42 |  *   |   0 |    23.2
   10 |     0.3552 |         6.06 |    0.3978 |       6.43 |  *   |   0 |    24.6
   11 |     0.3529 |         6.03 |    0.3998 |       6.45 |      |   1 |    25.2
   12 |     0.3510 |         6.01 |    0.3995 |       6.45 |      |   2 |    24.4
   13 |     0.3493 |         6.00 |    0.3999 |       6.44 |      |   3 |    25.0
   14 |     0.3478 |         5.98 |    0.4003 |       6.45 |      |   4 |    25.2
   15 |     0.3466 |         5.97 |    0.4017 |       6.46 |      |   5 |    24.1
   16 |     0.3454 |         5.96 |    0.3996 |       6.45 |      |   6 |    24.2
   17 |     0.3441 |         5.94 |    0.3999 |       6.44 |      |   7 |    24.6
   18 |     0.3429 |         5.93 |    0.4001 |       6.45 |      |   8 |    22.8
   19 |     0.3418 |         5.92 |    0.4008 |       6.46 |      |   9 |    25.2
   20 |     0.3412 |         5.91 |    0.4004 |       6.46 |      |  10 |    24.2
   21 |     0.3401 |         5.90 |    0.4027 |       6.47 |      |  11 |    24.6
   22 |     0.3393 |         5.89 |    0.3989 |       6.46 |      |  12 |    20.1
   23 |     0.3384 |         5.88 |    0.4020 |       6.47 |      |  13 |    23.7
   24 |     0.3375 |         5.87 |    0.3994 |       6.46 |      |  14 |    23.3
   25 |     0.3367 |         5.87 |    0.4043 |       6.50 |      |  15 |    22.6
   26 |     0.3361 |         5.86 |    0.4004 |       6.46 |      |  16 |    25.3
   27 |     0.3358 |         5.86 |    0.4029 |       6.49 |      |  17 |    24.3
   28 |     0.3350 |         5.85 |    0.4018 |       6.49 |      |  18 |    23.1
   29 |     0.3343 |         5.84 |    0.4037 |       6.49 |      |  19 |    21.4
   30 |     0.3340 |         5.84 |    0.4017 |       6.48 |      |  20 |    20.6

Early stop at epoch 30: no improvement for 20 epochs.

Loading best checkpoint for test eval...
/Users/hunterwieman/miniconda3/lib/python3.10/site-packages/torch/_utils.py:783: UserWarning: TypedStorage is deprecated. It will be removed in the future and UntypedStorage will be the only storage class. This should only matter to you if you are using storages directly.  To access UntypedStorage directly, use tensor.untyped_storage() instead of tensor.storage()
  return self.fget.__get__(instance, owner)()
  best epoch: 10
  test MSE (normalized): 0.3800
  test MAE (margin):     6.323 points
  saved: nn_models/M_10k_no_v1_bimodal/train_curves.png
  saved: nn_models/M_10k_no_v1_bimodal/calibration.png
